#
# There is insufficient memory for the Java Runtime Environment to continue.
# Native memory allocation (mmap) failed to map 716177408 bytes for committing reserved memory.
# Possible reasons:
#   The system is out of physical RAM or swap space
#   In 32 bit mode, the process size limit was hit
# Possible solutions:
#   Reduce memory load on the system
#   Increase physical memory or swap space
#   Check if swap backing store is full
#   Use 64 bit Java on a 64 bit OS
#   Decrease Java heap size (-Xmx/-Xms)
#   Decrease number of Java threads
#   Decrease Java thread stack sizes (-Xss)
#   Set larger code cache with -XX:ReservedCodeCacheSize=
# This output file may be truncated or incomplete.
#
#  Out of Memory Error (os_linux.cpp:2643), pid=22058, tid=0x00007fd44b944700
#
# JRE version:  (8.0_171-b11) (build )
# Java VM: OpenJDK 64-Bit Server VM (25.171-b11 mixed mode linux-amd64 compressed oops)
# Failed to write core dump. Core dumps have been disabled. To enable core dumping, try "ulimit -c unlimited" before starting Java again
#

---------------  T H R E A D  ---------------

Current thread (0x00007fd44400a800):  JavaThread "Unknown thread" [_thread_in_vm, id=22059, stack(0x00007fd44b844000,0x00007fd44b945000)]

Stack: [0x00007fd44b844000,0x00007fd44b945000],  sp=0x00007fd44b943630,  free space=1021k
Native frames: (J=compiled Java code, j=interpreted, Vv=VM code, C=native code)
V  [libjvm.so+0xa6db9b]
V  [libjvm.so+0x4c694c]
V  [libjvm.so+0x8ba818]
V  [libjvm.so+0x8b4bae]
V  [libjvm.so+0x92ff96]
V  [libjvm.so+0x920aa3]
V  [libjvm.so+0x2af881]
V  [libjvm.so+0x8dffe9]
V  [libjvm.so+0xa310f9]
V  [libjvm.so+0xa31342]
V  [libjvm.so+0x61133f]
V  [libjvm.so+0xa166ea]
V  [libjvm.so+0x68b8c2]  JNI_CreateJavaVM+0x62
C  [libjli.so+0x2f2e]
C  [libjli.so+0x74ad]
C  [libpthread.so.0+0x76ba]  start_thread+0xca


---------------  P R O C E S S  ---------------

Java Threads: ( => current thread )

Other Threads:

=>0x00007fd44400a800 (exited) JavaThread "Unknown thread" [_thread_in_vm, id=22059, stack(0x00007fd44b844000,0x00007fd44b945000)]

VM state:not at safepoint (not fully initialized)

VM Mutex/Monitor currently owned by a thread: None

GC Heap History (0 events):
No events

Deoptimization events (0 events):
No events

Classes redefined (0 events):
No events

Internal exceptions (0 events):
No events

Events (0 events):
No events


Dynamic libraries:
00400000-00401000 r-xp 00000000 ca:01 257735                             /usr/lib/jvm/java-8-openjdk-amd64/jre/bin/java
00600000-00601000 r--p 00000000 ca:01 257735                             /usr/lib/jvm/java-8-openjdk-amd64/jre/bin/java
00601000-00602000 rw-p 00001000 ca:01 257735                             /usr/lib/jvm/java-8-openjdk-amd64/jre/bin/java
02130000-02151000 rw-p 00000000 00:00 0                                  [heap]
eab00000-100000000 rw-p 00000000 00:00 0 
7fd43bdff000-7fd43bf54000 ---p 00000000 00:00 0 
7fd43bf54000-7fd43c000000 rw-p 00000000 00:00 0 
7fd43c000000-7fd43c270000 rwxp 00000000 00:00 0 
7fd43c270000-7fd444000000 ---p 00000000 00:00 0 
7fd444000000-7fd444032000 rw-p 00000000 00:00 0 
7fd444032000-7fd448000000 ---p 00000000 00:00 0 
7fd4480a3000-7fd4480ad000 rw-p 00000000 00:00 0 
7fd4480ad000-7fd4482a3000 ---p 00000000 00:00 0 
7fd4482a3000-7fd4482ab000 r-xp 00000000 ca:01 257774                     /usr/lib/jvm/java-8-openjdk-amd64/jre/lib/amd64/libzip.so
7fd4482ab000-7fd4484aa000 ---p 00008000 ca:01 257774                     /usr/lib/jvm/java-8-openjdk-amd64/jre/lib/amd64/libzip.so
7fd4484aa000-7fd4484ab000 r--p 00007000 ca:01 257774                     /usr/lib/jvm/java-8-openjdk-amd64/jre/lib/amd64/libzip.so
7fd4484ab000-7fd4484ac000 rw-p 00008000 ca:01 257774                     /usr/lib/jvm/java-8-openjdk-amd64/jre/lib/amd64/libzip.so
7fd4484ac000-7fd4484b7000 r-xp 00000000 ca:01 21469                      /lib/x86_64-linux-gnu/libnss_files-2.23.so
7fd4484b7000-7fd4486b6000 ---p 0000b000 ca:01 21469                      /lib/x86_64-linux-gnu/libnss_files-2.23.so
7fd4486b6000-7fd4486b7000 r--p 0000a000 ca:01 21469                      /lib/x86_64-linux-gnu/libnss_files-2.23.so
7fd4486b7000-7fd4486b8000 rw-p 0000b000 ca:01 21469                      /lib/x86_64-linux-gnu/libnss_files-2.23.so
7fd4486b8000-7fd4486be000 rw-p 00000000 00:00 0 
7fd4486be000-7fd4486c9000 r-xp 00000000 ca:01 21473                      /lib/x86_64-linux-gnu/libnss_nis-2.23.so
7fd4486c9000-7fd4488c8000 ---p 0000b000 ca:01 21473                      /lib/x86_64-linux-gnu/libnss_nis-2.23.so
7fd4488c8000-7fd4488c9000 r--p 0000a000 ca:01 21473                      /lib/x86_64-linux-gnu/libnss_nis-2.23.so
7fd4488c9000-7fd4488ca000 rw-p 0000b000 ca:01 21473                      /lib/x86_64-linux-gnu/libnss_nis-2.23.so
7fd4488ca000-7fd4488e0000 r-xp 00000000 ca:01 21453                      /lib/x86_64-linux-gnu/libnsl-2.23.so
7fd4488e0000-7fd448adf000 ---p 00016000 ca:01 21453                      /lib/x86_64-linux-gnu/libnsl-2.23.so
7fd448adf000-7fd448ae0000 r--p 00015000 ca:01 21453                      /lib/x86_64-linux-gnu/libnsl-2.23.so
7fd448ae0000-7fd448ae1000 rw-p 00016000 ca:01 21453                      /lib/x86_64-linux-gnu/libnsl-2.23.so
7fd448ae1000-7fd448ae3000 rw-p 00000000 00:00 0 
7fd448ae3000-7fd448aeb000 r-xp 00000000 ca:01 21464                      /lib/x86_64-linux-gnu/libnss_compat-2.23.so
7fd448aeb000-7fd448cea000 ---p 00008000 ca:01 21464                      /lib/x86_64-linux-gnu/libnss_compat-2.23.so
7fd448cea000-7fd448ceb000 r--p 00007000 ca:01 21464                      /lib/x86_64-linux-gnu/libnss_compat-2.23.so
7fd448ceb000-7fd448cec000 rw-p 00008000 ca:01 21464                      /lib/x86_64-linux-gnu/libnss_compat-2.23.so
7fd448cec000-7fd448d19000 r-xp 00000000 ca:01 257765                     /usr/lib/jvm/java-8-openjdk-amd64/jre/lib/amd64/libjava.so
7fd448d19000-7fd448f18000 ---p 0002d000 ca:01 257765                     /usr/lib/jvm/java-8-openjdk-amd64/jre/lib/amd64/libjava.so
7fd448f18000-7fd448f19000 r--p 0002c000 ca:01 257765                     /usr/lib/jvm/java-8-openjdk-amd64/jre/lib/amd64/libjava.so
7fd448f19000-7fd448f1b000 rw-p 0002d000 ca:01 257765                     /usr/lib/jvm/java-8-openjdk-amd64/jre/lib/amd64/libjava.so
7fd448f1b000-7fd448f2a000 r-xp 00000000 ca:01 257751                     /usr/lib/jvm/java-8-openjdk-amd64/jre/lib/amd64/libverify.so
7fd448f2a000-7fd449129000 ---p 0000f000 ca:01 257751                     /usr/lib/jvm/java-8-openjdk-amd64/jre/lib/amd64/libverify.so
7fd449129000-7fd44912b000 r--p 0000e000 ca:01 257751                     /usr/lib/jvm/java-8-openjdk-amd64/jre/lib/amd64/libverify.so
7fd44912b000-7fd44912c000 rw-p 00010000 ca:01 257751                     /usr/lib/jvm/java-8-openjdk-amd64/jre/lib/amd64/libverify.so
7fd44912c000-7fd449133000 r-xp 00000000 ca:01 21474                      /lib/x86_64-linux-gnu/librt-2.23.so
7fd449133000-7fd449332000 ---p 00007000 ca:01 21474                      /lib/x86_64-linux-gnu/librt-2.23.so
7fd449332000-7fd449333000 r--p 00006000 ca:01 21474                      /lib/x86_64-linux-gnu/librt-2.23.so
7fd449333000-7fd449334000 rw-p 00007000 ca:01 21474                      /lib/x86_64-linux-gnu/librt-2.23.so
7fd449334000-7fd44934a000 r-xp 00000000 ca:01 2038                       /lib/x86_64-linux-gnu/libgcc_s.so.1
7fd44934a000-7fd449549000 ---p 00016000 ca:01 2038                       /lib/x86_64-linux-gnu/libgcc_s.so.1
7fd449549000-7fd44954a000 rw-p 00015000 ca:01 2038                       /lib/x86_64-linux-gnu/libgcc_s.so.1
7fd44954a000-7fd449652000 r-xp 00000000 ca:01 21452                      /lib/x86_64-linux-gnu/libm-2.23.so
7fd449652000-7fd449851000 ---p 00108000 ca:01 21452                      /lib/x86_64-linux-gnu/libm-2.23.so
7fd449851000-7fd449852000 r--p 00107000 ca:01 21452                      /lib/x86_64-linux-gnu/libm-2.23.so
7fd449852000-7fd449853000 rw-p 00108000 ca:01 21452                      /lib/x86_64-linux-gnu/libm-2.23.so
7fd449853000-7fd4499c5000 r-xp 00000000 ca:01 2077                       /usr/lib/x86_64-linux-gnu/libstdc++.so.6.0.21
7fd4499c5000-7fd449bc5000 ---p 00172000 ca:01 2077                       /usr/lib/x86_64-linux-gnu/libstdc++.so.6.0.21
7fd449bc5000-7fd449bcf000 r--p 00172000 ca:01 2077                       /usr/lib/x86_64-linux-gnu/libstdc++.so.6.0.21
7fd449bcf000-7fd449bd1000 rw-p 0017c000 ca:01 2077                       /usr/lib/x86_64-linux-gnu/libstdc++.so.6.0.21
7fd449bd1000-7fd449bd5000 rw-p 00000000 00:00 0 
7fd449bd5000-7fd44a82e000 r-xp 00000000 ca:01 259087                     /usr/lib/jvm/java-8-openjdk-amd64/jre/lib/amd64/server/libjvm.so
7fd44a82e000-7fd44aa2e000 ---p 00c59000 ca:01 259087                     /usr/lib/jvm/java-8-openjdk-amd64/jre/lib/amd64/server/libjvm.so
7fd44aa2e000-7fd44aac1000 r--p 00c59000 ca:01 259087                     /usr/lib/jvm/java-8-openjdk-amd64/jre/lib/amd64/server/libjvm.so
7fd44aac1000-7fd44aaea000 rw-p 00cec000 ca:01 259087                     /usr/lib/jvm/java-8-openjdk-amd64/jre/lib/amd64/server/libjvm.so
7fd44aaea000-7fd44ab1a000 rw-p 00000000 00:00 0 
7fd44ab1a000-7fd44ab32000 r-xp 00000000 ca:01 21455                      /lib/x86_64-linux-gnu/libpthread-2.23.so
7fd44ab32000-7fd44ad31000 ---p 00018000 ca:01 21455                      /lib/x86_64-linux-gnu/libpthread-2.23.so
7fd44ad31000-7fd44ad32000 r--p 00017000 ca:01 21455                      /lib/x86_64-linux-gnu/libpthread-2.23.so
7fd44ad32000-7fd44ad33000 rw-p 00018000 ca:01 21455                      /lib/x86_64-linux-gnu/libpthread-2.23.so
7fd44ad33000-7fd44ad37000 rw-p 00000000 00:00 0 
7fd44ad37000-7fd44ad3a000 r-xp 00000000 ca:01 21458                      /lib/x86_64-linux-gnu/libdl-2.23.so
7fd44ad3a000-7fd44af39000 ---p 00003000 ca:01 21458                      /lib/x86_64-linux-gnu/libdl-2.23.so
7fd44af39000-7fd44af3a000 r--p 00002000 ca:01 21458                      /lib/x86_64-linux-gnu/libdl-2.23.so
7fd44af3a000-7fd44af3b000 rw-p 00003000 ca:01 21458                      /lib/x86_64-linux-gnu/libdl-2.23.so
7fd44af3b000-7fd44af54000 r-xp 00000000 ca:01 2192                       /lib/x86_64-linux-gnu/libz.so.1.2.8
7fd44af54000-7fd44b153000 ---p 00019000 ca:01 2192                       /lib/x86_64-linux-gnu/libz.so.1.2.8
7fd44b153000-7fd44b154000 r--p 00018000 ca:01 2192                       /lib/x86_64-linux-gnu/libz.so.1.2.8
7fd44b154000-7fd44b155000 rw-p 00019000 ca:01 2192                       /lib/x86_64-linux-gnu/libz.so.1.2.8
7fd44b155000-7fd44b315000 r-xp 00000000 ca:01 21456                      /lib/x86_64-linux-gnu/libc-2.23.so
7fd44b315000-7fd44b515000 ---p 001c0000 ca:01 21456                      /lib/x86_64-linux-gnu/libc-2.23.so
7fd44b515000-7fd44b519000 r--p 001c0000 ca:01 21456                      /lib/x86_64-linux-gnu/libc-2.23.so
7fd44b519000-7fd44b51b000 rw-p 001c4000 ca:01 21456                      /lib/x86_64-linux-gnu/libc-2.23.so
7fd44b51b000-7fd44b51f000 rw-p 00000000 00:00 0 
7fd44b51f000-7fd44b52c000 r-xp 00000000 ca:01 257776                     /usr/lib/jvm/java-8-openjdk-amd64/jre/lib/amd64/jli/libjli.so
7fd44b52c000-7fd44b72c000 ---p 0000d000 ca:01 257776                     /usr/lib/jvm/java-8-openjdk-amd64/jre/lib/amd64/jli/libjli.so
7fd44b72c000-7fd44b72d000 r--p 0000d000 ca:01 257776                     /usr/lib/jvm/java-8-openjdk-amd64/jre/lib/amd64/jli/libjli.so
7fd44b72d000-7fd44b72e000 rw-p 0000e000 ca:01 257776                     /usr/lib/jvm/java-8-openjdk-amd64/jre/lib/amd64/jli/libjli.so
7fd44b72e000-7fd44b754000 r-xp 00000000 ca:01 21454                      /lib/x86_64-linux-gnu/ld-2.23.so
7fd44b83c000-7fd44b844000 rw-s 00000000 ca:01 776329                     /tmp/hsperfdata_ubuntu/22058
7fd44b844000-7fd44b847000 ---p 00000000 00:00 0 
7fd44b847000-7fd44b949000 rw-p 00000000 00:00 0 
7fd44b950000-7fd44b951000 rw-p 00000000 00:00 0 
7fd44b951000-7fd44b952000 r--p 00000000 00:00 0 
7fd44b952000-7fd44b953000 rw-p 00000000 00:00 0 
7fd44b953000-7fd44b954000 r--p 00025000 ca:01 21454                      /lib/x86_64-linux-gnu/ld-2.23.so
7fd44b954000-7fd44b955000 rw-p 00026000 ca:01 21454                      /lib/x86_64-linux-gnu/ld-2.23.so
7fd44b955000-7fd44b956000 rw-p 00000000 00:00 0 
7ffc8650b000-7ffc8652c000 rw-p 00000000 00:00 0                          [stack]
7ffc8656e000-7ffc86570000 r--p 00000000 00:00 0                          [vvar]
7ffc86570000-7ffc86572000 r-xp 00000000 00:00 0                          [vdso]
ffffffffff600000-ffffffffff601000 r-xp 00000000 00:00 0                  [vsyscall]

VM Arguments:
jvm_args: -Xms1024m -Xmx1024m -XX:ReservedCodeCacheSize=128m -XX:MaxMetaspaceSize=256m 
java_command: /usr/share/sbt-launcher-packaging/bin/sbt-launch.jar assembly
java_class_path (initial): /usr/share/sbt-launcher-packaging/bin/sbt-launch.jar
Launcher Type: SUN_STANDARD

Environment Variables:
JAVA_HOME=/usr
PATH=/home/ubuntu/bin:/home/ubuntu/.local/bin:/usr/local/bin:/usr/bin:/bin:/usr/local/games:/usr/games:/snap/bin:/usr/bin:/usr/local/hadoop/bin:/usr/local/spark/bin:/usr/local/zookeeper/bin:/usr/local/kafka/bin:/usr/local/cassandra/bin
SHELL=/bin/bash

Signal Handlers:
SIGSEGV: [libjvm.so+0xa6e6f0], sa_mask[0]=11111111011111111101111111111110, sa_flags=SA_RESTART|SA_SIGINFO
SIGBUS: [libjvm.so+0xa6e6f0], sa_mask[0]=11111111011111111101111111111110, sa_flags=SA_RESTART|SA_SIGINFO
SIGFPE: [libjvm.so+0x8b5d50], sa_mask[0]=11111111011111111101111111111110, sa_flags=SA_RESTART|SA_SIGINFO
SIGPIPE: [libjvm.so+0x8b5d50], sa_mask[0]=11111111011111111101111111111110, sa_flags=SA_RESTART|SA_SIGINFO
SIGXFSZ: [libjvm.so+0x8b5d50], sa_mask[0]=11111111011111111101111111111110, sa_flags=SA_RESTART|SA_SIGINFO
SIGILL: [libjvm.so+0x8b5d50], sa_mask[0]=11111111011111111101111111111110, sa_flags=SA_RESTART|SA_SIGINFO
SIGUSR1: SIG_DFL, sa_mask[0]=00000000000000000000000000000000, sa_flags=none
SIGUSR2: [libjvm.so+0x8b5c00], sa_mask[0]=00000000000000000000000000000000, sa_flags=SA_RESTART|SA_SIGINFO
SIGHUP: SIG_IGN, sa_mask[0]=00000000000000000000000000000000, sa_flags=none
SIGINT: SIG_DFL, sa_mask[0]=00000000000000000000000000000000, sa_flags=none
SIGTERM: SIG_DFL, sa_mask[0]=00000000000000000000000000000000, sa_flags=none
SIGQUIT: SIG_DFL, sa_mask[0]=00000000000000000000000000000000, sa_flags=none


---------------  S Y S T E M  ---------------

OS:DISTRIB_ID=Ubuntu
DISTRIB_RELEASE=16.04
DISTRIB_CODENAME=xenial
DISTRIB_DESCRIPTION="Ubuntu 16.04.2 LTS"

uname:Linux 4.4.0-1022-aws #31-Ubuntu SMP Tue Jun 27 11:27:55 UTC 2017 x86_64
libc:glibc 2.23 NPTL 2.23 
rlimit: STACK 8192k, CORE 0k, NPROC 31868, NOFILE 1048576, AS infinity
load average:0.66 2.07 1.42

/proc/meminfo:
MemTotal:        8173984 kB
MemFree:          246692 kB
MemAvailable:     494644 kB
Buffers:          127244 kB
Cached:           326200 kB
SwapCached:            0 kB
Active:          7507492 kB
Inactive:         219744 kB
Active(anon):    7279656 kB
Inactive(anon):    30344 kB
Active(file):     227836 kB
Inactive(file):   189400 kB
Unevictable:        3660 kB
Mlocked:            3660 kB
SwapTotal:             0 kB
SwapFree:              0 kB
Dirty:               292 kB
Writeback:             0 kB
AnonPages:       7277524 kB
Mapped:            88944 kB
Shmem:             33740 kB
Slab:             125228 kB
SReclaimable:      98284 kB
SUnreclaim:        26944 kB
KernelStack:       14064 kB
PageTables:        23360 kB
NFS_Unstable:          0 kB
Bounce:                0 kB
WritebackTmp:          0 kB
CommitLimit:     4086992 kB
Committed_AS:    9532284 kB
VmallocTotal:   34359738367 kB
VmallocUsed:           0 kB
VmallocChunk:          0 kB
HardwareCorrupted:     0 kB
AnonHugePages:   6301696 kB
CmaTotal:              0 kB
CmaFree:               0 kB
HugePages_Total:       0
HugePages_Free:        0
HugePages_Rsvd:        0
HugePages_Surp:        0
Hugepagesize:       2048 kB
DirectMap4k:       63488 kB
DirectMap2M:     4130816 kB
DirectMap1G:     5242880 kB


CPU:total 2 (initial active 2) (1 cores per cpu, 2 threads per core) family 6 model 79 stepping 1, cmov, cx8, fxsr, mmx, sse, sse2, sse3, ssse3, sse4.1, sse4.2, popcnt, avx, avx2, aes, clmul, erms, lzcnt, ht, tsc, bmi1, bmi2

/proc/cpuinfo:
processor	: 0
vendor_id	: GenuineIntel
cpu family	: 6
model		: 79
model name	: Intel(R) Xeon(R) CPU E5-2686 v4 @ 2.30GHz
stepping	: 1
microcode	: 0xb000025
cpu MHz		: 2300.050
cache size	: 46080 KB
physical id	: 0
siblings	: 2
core id		: 0
cpu cores	: 1
apicid		: 0
initial apicid	: 0
fpu		: yes
fpu_exception	: yes
cpuid level	: 13
wp		: yes
flags		: fpu vme de pse tsc msr pae mce cx8 apic sep mtrr pge mca cmov pat pse36 clflush mmx fxsr sse sse2 ht syscall nx pdpe1gb rdtscp lm constant_tsc rep_good nopl xtopology eagerfpu pni pclmulqdq ssse3 fma cx16 pcid sse4_1 sse4_2 x2apic movbe popcnt tsc_deadline_timer aes xsave avx f16c rdrand hypervisor lahf_lm abm fsgsbase bmi1 avx2 smep bmi2 erms invpcid xsaveopt
bugs		:
bogomips	: 4600.10
clflush size	: 64
cache_alignment	: 64
address sizes	: 46 bits physical, 48 bits virtual
power management:

processor	: 1
vendor_id	: GenuineIntel
cpu family	: 6
model		: 79
model name	: Intel(R) Xeon(R) CPU E5-2686 v4 @ 2.30GHz
stepping	: 1
microcode	: 0xb000025
cpu MHz		: 2300.050
cache size	: 46080 KB
physical id	: 0
siblings	: 2
core id		: 0
cpu cores	: 1
apicid		: 1
initial apicid	: 1
fpu		: yes
fpu_exception	: yes
cpuid level	: 13
wp		: yes
flags		: fpu vme de pse tsc msr pae mce cx8 apic sep mtrr pge mca cmov pat pse36 clflush mmx fxsr sse sse2 ht syscall nx pdpe1gb rdtscp lm constant_tsc rep_good nopl xtopology eagerfpu pni pclmulqdq ssse3 fma cx16 pcid sse4_1 sse4_2 x2apic movbe popcnt tsc_deadline_timer aes xsave avx f16c rdrand hypervisor lahf_lm abm fsgsbase bmi1 avx2 smep bmi2 erms invpcid xsaveopt
bugs		:
bogomips	: 4600.10
clflush size	: 64
cache_alignment	: 64
address sizes	: 46 bits physical, 48 bits virtual
power management:



Memory: 4k page, physical 8173984k(246692k free), swap 0k(0k free)

vm_info: OpenJDK 64-Bit Server VM (25.171-b11) for linux-amd64 JRE (1.8.0_171-8u171-b11-0ubuntu0.16.04.1-b11), built on Apr 27 2018 17:19:03 by "buildd" with gcc 5.4.0 20160609

time: Wed May 16 18:21:18 2018
elapsed time: 0 seconds (0d 0h 0m 0s)

