#
# There is insufficient memory for the Java Runtime Environment to continue.
# Native memory allocation (mmap) failed to map 132644864 bytes for committing reserved memory.
# Possible reasons:
#   The system is out of physical RAM or swap space
#   In 32 bit mode, the process size limit was hit
# Possible solutions:
#   Reduce memory load on the system
#   Increase physical memory or swap space
#   Check if swap backing store is full
#   Use 64 bit Java on a 64 bit OS
#   Decrease Java heap size (-Xmx/-Xms)
#   Decrease number of Java threads
#   Decrease Java thread stack sizes (-Xss)
#   Set larger code cache with -XX:ReservedCodeCacheSize=
# This output file may be truncated or incomplete.
#
#  Out of Memory Error (os_linux.cpp:2643), pid=24706, tid=0x00007fed09efe700
#
# JRE version: OpenJDK Runtime Environment (8.0_171-b11) (build 1.8.0_171-8u171-b11-0ubuntu0.16.04.1-b11)
# Java VM: OpenJDK 64-Bit Server VM (25.171-b11 mixed mode linux-amd64 compressed oops)
# Failed to write core dump. Core dumps have been disabled. To enable core dumping, try "ulimit -c unlimited" before starting Java again
#

---------------  T H R E A D  ---------------

Current thread (0x00007fed20079000):  VMThread [stack: 0x00007fed09dfe000,0x00007fed09eff000] [id=24723]

Stack: [0x00007fed09dfe000,0x00007fed09eff000],  sp=0x00007fed09efd4c0,  free space=1021k
Native frames: (J=compiled Java code, j=interpreted, Vv=VM code, C=native code)
V  [libjvm.so+0xa6db9b]
V  [libjvm.so+0x4c694c]
V  [libjvm.so+0x8ba818]
V  [libjvm.so+0x8b4bae]
V  [libjvm.so+0x92ff96]
V  [libjvm.so+0x9312c3]
V  [libjvm.so+0x92d98b]
V  [libjvm.so+0x92dc3c]
V  [libjvm.so+0x8df553]
V  [libjvm.so+0xa6f842]
V  [libjvm.so+0xa74a07]
V  [libjvm.so+0xa72107]
V  [libjvm.so+0xa7358f]
V  [libjvm.so+0xa73a81]
V  [libjvm.so+0x8b7c22]

VM_Operation (0x00007fed28505f20): ParallelGCFailedAllocation, mode: safepoint, requested by thread 0x00007fed2000f800


---------------  P R O C E S S  ---------------

Java Threads: ( => current thread )
  0x00007fed21714000 JavaThread "metrics-meter-tick-thread-1" daemon [_thread_blocked, id=24770, stack(0x00007fecd0260000,0x00007fecd0361000)]
  0x00007fed21687800 JavaThread "SparkListenerBus" daemon [_thread_blocked, id=24769, stack(0x00007fecd07ce000,0x00007fecd08cf000)]
  0x00007fed21684000 JavaThread "context-cleaner-periodic-gc" daemon [_thread_blocked, id=24768, stack(0x00007fecd08cf000,0x00007fecd09d0000)]
  0x00007fed21682800 JavaThread "Spark Context Cleaner" daemon [_thread_blocked, id=24767, stack(0x00007fecd09d0000,0x00007fecd0ad1000)]
  0x00007fed214d1000 JavaThread "shuffle-server-5-1" daemon [_thread_in_native, id=24766, stack(0x00007fecd0ad1000,0x00007fecd0bd2000)]
  0x00007fece8427000 JavaThread "rpc-client-1-1" daemon [_thread_in_native, id=24761, stack(0x00007fecd1bd3000,0x00007fecd1cd4000)]
  0x00007fece000a000 JavaThread "netty-rpc-connection-0" daemon [_thread_blocked, id=24760, stack(0x00007fecd1cd4000,0x00007fecd1dd5000)]
  0x00007fecd4017800 JavaThread "appclient-registration-retry-thread" daemon [_thread_blocked, id=24759, stack(0x00007fecd1dd5000,0x00007fecd1ed6000)]
  0x00007fecd4015000 JavaThread "appclient-register-master-threadpool-0" daemon [_thread_blocked, id=24758, stack(0x00007fecd1ed6000,0x00007fecd1fd7000)]
  0x00007fecd4014000 JavaThread "driver-revive-thread" daemon [_thread_blocked, id=24757, stack(0x00007fecd1fd7000,0x00007fecd20d8000)]
  0x00007fed214c3000 JavaThread "dag-scheduler-event-loop" daemon [_thread_blocked, id=24756, stack(0x00007fecd20d8000,0x00007fecd21d9000)]
  0x0000000000f24800 JavaThread "netty-rpc-env-timeout" daemon [_thread_blocked, id=24755, stack(0x00007fecd23d9000,0x00007fecd24da000)]
  0x00007fed2148e800 JavaThread "Timer-0" daemon [_thread_blocked, id=24754, stack(0x00007fecd24da000,0x00007fecd25db000)]
  0x00007fecd8002000 JavaThread "heartbeat-receiver-event-loop-thread" daemon [_thread_blocked, id=24753, stack(0x00007fecd25db000,0x00007fecd26dc000)]
  0x00007fed21442000 JavaThread "SparkUI-34" daemon [_thread_blocked, id=24752, stack(0x00007fecd26dc000,0x00007fecd27dd000)]
  0x00007fed21440800 JavaThread "SparkUI-33" daemon [_thread_blocked, id=24751, stack(0x00007fecd27dd000,0x00007fecd28de000)]
  0x00007fed2143f000 JavaThread "SparkUI-32" daemon [_thread_blocked, id=24750, stack(0x00007fecd28de000,0x00007fecd29df000)]
  0x00007fed2143d000 JavaThread "SparkUI-31" daemon [_thread_blocked, id=24749, stack(0x00007fecd29df000,0x00007fecd2ae0000)]
  0x00007fed2143b800 JavaThread "SparkUI-30" daemon [_thread_blocked, id=24748, stack(0x00007fecd2ae0000,0x00007fecd2be1000)]
  0x00007fed21439800 JavaThread "SparkUI-29" daemon [_thread_blocked, id=24747, stack(0x00007fecd2be1000,0x00007fecd2ce2000)]
  0x00007fed21434000 JavaThread "SparkUI-28-acceptor-0@36d20c4c-ServerConnector@3815e4e6{HTTP/1.1,[http/1.1]}{0.0.0.0:4041}" daemon [_thread_in_native, id=24746, stack(0x00007fecd2ce2000,0x00007fecd2de3000)]
  0x00007fed2142f800 JavaThread "SparkUI-27" daemon [_thread_in_native, id=24745, stack(0x00007fecd2de3000,0x00007fecd2ee4000)]
  0x00007fed21330800 JavaThread "map-output-dispatcher-7" daemon [_thread_blocked, id=24744, stack(0x00007fecd30e4000,0x00007fecd31e5000)]
  0x00007fed2132f000 JavaThread "map-output-dispatcher-6" daemon [_thread_blocked, id=24743, stack(0x00007fecd31e5000,0x00007fecd32e6000)]
  0x00007fed2132d000 JavaThread "map-output-dispatcher-5" daemon [_thread_blocked, id=24742, stack(0x00007fecd32e6000,0x00007fecd33e7000)]
  0x00007fed2132b000 JavaThread "map-output-dispatcher-4" daemon [_thread_blocked, id=24741, stack(0x00007fecd33e7000,0x00007fecd34e8000)]
  0x00007fed21329800 JavaThread "map-output-dispatcher-3" daemon [_thread_blocked, id=24740, stack(0x00007fecd34e8000,0x00007fecd35e9000)]
  0x00007fed21327800 JavaThread "map-output-dispatcher-2" daemon [_thread_blocked, id=24739, stack(0x00007fecd35e9000,0x00007fecd36ea000)]
  0x00007fed21326000 JavaThread "map-output-dispatcher-1" daemon [_thread_blocked, id=24738, stack(0x00007fecd36ea000,0x00007fecd37eb000)]
  0x00007fed21320000 JavaThread "map-output-dispatcher-0" daemon [_thread_blocked, id=24737, stack(0x00007fecd37eb000,0x00007fecd38ec000)]
  0x00007fed20280800 JavaThread "rpc-server-3-1" daemon [_thread_in_native, id=24736, stack(0x00007fecd3aec000,0x00007fecd3bed000)]
  0x00007fed207e1800 JavaThread "dispatcher-event-loop-1" daemon [_thread_blocked, id=24735, stack(0x00007fece4097000,0x00007fece4198000)]
  0x00007fed207e1000 JavaThread "dispatcher-event-loop-0" daemon [_thread_blocked, id=24734, stack(0x00007fed0807a000,0x00007fed0817b000)]
  0x00007fed21020000 JavaThread "process reaper" daemon [_thread_blocked, id=24732, stack(0x00007fed0817b000,0x00007fed081b4000)]
  0x00007fed200b8000 JavaThread "Service Thread" daemon [_thread_blocked, id=24729, stack(0x00007fed097f8000,0x00007fed098f9000)]
  0x00007fed200b0800 JavaThread "C1 CompilerThread1" daemon [_thread_blocked, id=24728, stack(0x00007fed098f9000,0x00007fed099fa000)]
  0x00007fed200ad800 JavaThread "C2 CompilerThread0" daemon [_thread_blocked, id=24727, stack(0x00007fed099fa000,0x00007fed09afb000)]
  0x00007fed200ab800 JavaThread "Signal Dispatcher" daemon [_thread_blocked, id=24726, stack(0x00007fed09afb000,0x00007fed09bfc000)]
  0x00007fed20085000 JavaThread "Finalizer" daemon [_thread_blocked, id=24725, stack(0x00007fed09bfc000,0x00007fed09cfd000)]
  0x00007fed20080800 JavaThread "Reference Handler" daemon [_thread_blocked, id=24724, stack(0x00007fed09cfd000,0x00007fed09dfe000)]
  0x00007fed2000f800 JavaThread "main" [_thread_blocked, id=24720, stack(0x00007fed2840c000,0x00007fed2850d000)]

Other Threads:
=>0x00007fed20079000 VMThread [stack: 0x00007fed09dfe000,0x00007fed09eff000] [id=24723]
  0x00007fed200ba800 WatcherThread [stack: 0x00007fed096f7000,0x00007fed097f8000] [id=24730]

VM state:at safepoint (normal execution)

VM Mutex/Monitor currently owned by a thread:  ([mutex/lock_event])
[0x00007fed2000bb20] Threads_lock - owner thread: 0x00007fed20079000
[0x00007fed2000c020] Heap_lock - owner thread: 0x00007fed2000f800

Heap:
 PSYoungGen      total 136192K, used 5099K [0x00000000eab00000, 0x00000000f3500000, 0x0000000100000000)
  eden space 131072K, 0% used [0x00000000eab00000,0x00000000eab00000,0x00000000f2b00000)
  from space 5120K, 99% used [0x00000000f2b00000,0x00000000f2ffae70,0x00000000f3000000)
  to   space 5120K, 0% used [0x00000000f3000000,0x00000000f3000000,0x00000000f3500000)
 ParOldGen       total 51200K, used 30850K [0x00000000c0000000, 0x00000000c3200000, 0x00000000eab00000)
  object space 51200K, 60% used [0x00000000c0000000,0x00000000c1e20b70,0x00000000c3200000)
 Metaspace       used 33366K, capacity 33670K, committed 33792K, reserved 1079296K
  class space    used 4682K, capacity 4793K, committed 4864K, reserved 1048576K

Card table byte_map: [0x00007fed248aa000,0x00007fed24aab000] byte_map_base: 0x00007fed242aa000

Marking Bits: (ParMarkBitMap*) 0x00007fed276c5320
 Begin Bits: [0x00007fed0a000000, 0x00007fed0b000000)
 End Bits:   [0x00007fed0b000000, 0x00007fed0c000000)

Polling page: 0x00007fed28519000

CodeCache: size=245760Kb used=5661Kb max_used=5661Kb free=240098Kb
 bounds [0x00007fed11000000, 0x00007fed11590000, 0x00007fed20000000]
 total_blobs=2207 nmethods=1719 adapters=402
 compilation: enabled

Compilation events (10 events):
Event: 10.189 Thread 0x00007fed200b0800 1762       1       scala.collection.mutable.HashMap::tableSize (5 bytes)
Event: 10.189 Thread 0x00007fed200b0800 nmethod 1762 0x00007fed11585190 code [0x00007fed115852e0, 0x00007fed115853f0]
Event: 10.206 Thread 0x00007fed200b0800 1767       3       java.lang.String::subSequence (7 bytes)
Event: 10.206 Thread 0x00007fed200b0800 nmethod 1767 0x00007fed11584d90 code [0x00007fed11584f00, 0x00007fed11585108]
Event: 10.206 Thread 0x00007fed200b0800 1768   !   3       java.util.regex.Pattern::matcher (44 bytes)
Event: 10.206 Thread 0x00007fed200b0800 nmethod 1768 0x00007fed11586f10 code [0x00007fed115870a0, 0x00007fed11587518]
Event: 10.206 Thread 0x00007fed200b0800 1769       3       java.util.regex.Matcher::<init> (84 bytes)
Event: 10.207 Thread 0x00007fed200b0800 nmethod 1769 0x00007fed11586750 code [0x00007fed115868e0, 0x00007fed11586da8]
Event: 10.216 Thread 0x00007fed200b0800 1770       3       java.io.UnixFileSystem::isAbsolute (13 bytes)
Event: 10.217 Thread 0x00007fed200b0800 nmethod 1770 0x00007fed11586350 code [0x00007fed115864c0, 0x00007fed11586690]

GC Heap History (10 events):
Event: 0.840 GC heap after
Heap after GC invocations=1 (full 0):
 PSYoungGen      total 37888K, used 3826K [0x00000000eab00000, 0x00000000ef500000, 0x0000000100000000)
  eden space 32768K, 0% used [0x00000000eab00000,0x00000000eab00000,0x00000000ecb00000)
  from space 5120K, 74% used [0x00000000ecb00000,0x00000000ecebcaf0,0x00000000ed000000)
  to   space 5120K, 0% used [0x00000000ef000000,0x00000000ef000000,0x00000000ef500000)
 ParOldGen       total 86016K, used 8K [0x00000000c0000000, 0x00000000c5400000, 0x00000000eab00000)
  object space 86016K, 0% used [0x00000000c0000000,0x00000000c0002000,0x00000000c5400000)
 Metaspace       used 6312K, capacity 7384K, committed 7680K, reserved 1056768K
  class space    used 926K, capacity 968K, committed 1024K, reserved 1048576K
}
Event: 1.353 GC heap before
{Heap before GC invocations=2 (full 0):
 PSYoungGen      total 37888K, used 36594K [0x00000000eab00000, 0x00000000ef500000, 0x0000000100000000)
  eden space 32768K, 100% used [0x00000000eab00000,0x00000000ecb00000,0x00000000ecb00000)
  from space 5120K, 74% used [0x00000000ecb00000,0x00000000ecebcaf0,0x00000000ed000000)
  to   space 5120K, 0% used [0x00000000ef000000,0x00000000ef000000,0x00000000ef500000)
 ParOldGen       total 86016K, used 8K [0x00000000c0000000, 0x00000000c5400000, 0x00000000eab00000)
  object space 86016K, 0% used [0x00000000c0000000,0x00000000c0002000,0x00000000c5400000)
 Metaspace       used 9898K, capacity 10000K, committed 10240K, reserved 1058816K
  class space    used 1399K, capacity 1456K, committed 1536K, reserved 1048576K
Event: 1.366 GC heap after
Heap after GC invocations=2 (full 0):
 PSYoungGen      total 70656K, used 4119K [0x00000000eab00000, 0x00000000ef500000, 0x0000000100000000)
  eden space 65536K, 0% used [0x00000000eab00000,0x00000000eab00000,0x00000000eeb00000)
  from space 5120K, 80% used [0x00000000ef000000,0x00000000ef405ca0,0x00000000ef500000)
  to   space 5120K, 0% used [0x00000000eeb00000,0x00000000eeb00000,0x00000000ef000000)
 ParOldGen       total 86016K, used 16K [0x00000000c0000000, 0x00000000c5400000, 0x00000000eab00000)
  object space 86016K, 0% used [0x00000000c0000000,0x00000000c0004000,0x00000000c5400000)
 Metaspace       used 9898K, capacity 10000K, committed 10240K, reserved 1058816K
  class space    used 1399K, capacity 1456K, committed 1536K, reserved 1048576K
}
Event: 5.070 GC heap before
{Heap before GC invocations=3 (full 0):
 PSYoungGen      total 70656K, used 69655K [0x00000000eab00000, 0x00000000ef500000, 0x0000000100000000)
  eden space 65536K, 100% used [0x00000000eab00000,0x00000000eeb00000,0x00000000eeb00000)
  from space 5120K, 80% used [0x00000000ef000000,0x00000000ef405ca0,0x00000000ef500000)
  to   space 5120K, 0% used [0x00000000eeb00000,0x00000000eeb00000,0x00000000ef000000)
 ParOldGen       total 86016K, used 16K [0x00000000c0000000, 0x00000000c5400000, 0x00000000eab00000)
  object space 86016K, 0% used [0x00000000c0000000,0x00000000c0004000,0x00000000c5400000)
 Metaspace       used 17142K, capacity 17378K, committed 17664K, reserved 1064960K
  class space    used 2431K, capacity 2502K, committed 2560K, reserved 1048576K
Event: 5.103 GC heap after
Heap after GC invocations=3 (full 0):
 PSYoungGen      total 70656K, used 5098K [0x00000000eab00000, 0x00000000f3500000, 0x0000000100000000)
  eden space 65536K, 0% used [0x00000000eab00000,0x00000000eab00000,0x00000000eeb00000)
  from space 5120K, 99% used [0x00000000eeb00000,0x00000000eeffaaf0,0x00000000ef000000)
  to   space 5120K, 0% used [0x00000000f3000000,0x00000000f3000000,0x00000000f3500000)
 ParOldGen       total 86016K, used 2473K [0x00000000c0000000, 0x00000000c5400000, 0x00000000eab00000)
  object space 86016K, 2% used [0x00000000c0000000,0x00000000c026a628,0x00000000c5400000)
 Metaspace       used 17142K, capacity 17378K, committed 17664K, reserved 1064960K
  class space    used 2431K, capacity 2502K, committed 2560K, reserved 1048576K
}
Event: 6.231 GC heap before
{Heap before GC invocations=4 (full 0):
 PSYoungGen      total 70656K, used 33201K [0x00000000eab00000, 0x00000000f3500000, 0x0000000100000000)
  eden space 65536K, 42% used [0x00000000eab00000,0x00000000ec671ce0,0x00000000eeb00000)
  from space 5120K, 99% used [0x00000000eeb00000,0x00000000eeffaaf0,0x00000000ef000000)
  to   space 5120K, 0% used [0x00000000f3000000,0x00000000f3000000,0x00000000f3500000)
 ParOldGen       total 86016K, used 2473K [0x00000000c0000000, 0x00000000c5400000, 0x00000000eab00000)
  object space 86016K, 2% used [0x00000000c0000000,0x00000000c026a628,0x00000000c5400000)
 Metaspace       used 20896K, capacity 21122K, committed 21248K, reserved 1067008K
  class space    used 2909K, capacity 2982K, committed 3072K, reserved 1048576K
Event: 6.256 GC heap after
Heap after GC invocations=4 (full 0):
 PSYoungGen      total 136192K, used 5110K [0x00000000eab00000, 0x00000000f3500000, 0x0000000100000000)
  eden space 131072K, 0% used [0x00000000eab00000,0x00000000eab00000,0x00000000f2b00000)
  from space 5120K, 99% used [0x00000000f3000000,0x00000000f34fd968,0x00000000f3500000)
  to   space 5120K, 0% used [0x00000000f2b00000,0x00000000f2b00000,0x00000000f3000000)
 ParOldGen       total 86016K, used 4018K [0x00000000c0000000, 0x00000000c5400000, 0x00000000eab00000)
  object space 86016K, 4% used [0x00000000c0000000,0x00000000c03ec8c8,0x00000000c5400000)
 Metaspace       used 20896K, capacity 21122K, committed 21248K, reserved 1067008K
  class space    used 2909K, capacity 2982K, committed 3072K, reserved 1048576K
}
Event: 6.256 GC heap before
{Heap before GC invocations=5 (full 1):
 PSYoungGen      total 136192K, used 5110K [0x00000000eab00000, 0x00000000f3500000, 0x0000000100000000)
  eden space 131072K, 0% used [0x00000000eab00000,0x00000000eab00000,0x00000000f2b00000)
  from space 5120K, 99% used [0x00000000f3000000,0x00000000f34fd968,0x00000000f3500000)
  to   space 5120K, 0% used [0x00000000f2b00000,0x00000000f2b00000,0x00000000f3000000)
 ParOldGen       total 86016K, used 4018K [0x00000000c0000000, 0x00000000c5400000, 0x00000000eab00000)
  object space 86016K, 4% used [0x00000000c0000000,0x00000000c03ec8c8,0x00000000c5400000)
 Metaspace       used 20896K, capacity 21122K, committed 21248K, reserved 1067008K
  class space    used 2909K, capacity 2982K, committed 3072K, reserved 1048576K
Event: 6.313 GC heap after
Heap after GC invocations=5 (full 1):
 PSYoungGen      total 136192K, used 0K [0x00000000eab00000, 0x00000000f3500000, 0x0000000100000000)
  eden space 131072K, 0% used [0x00000000eab00000,0x00000000eab00000,0x00000000f2b00000)
  from space 5120K, 0% used [0x00000000f3000000,0x00000000f3000000,0x00000000f3500000)
  to   space 5120K, 0% used [0x00000000f2b00000,0x00000000f2b00000,0x00000000f3000000)
 ParOldGen       total 51200K, used 6440K [0x00000000c0000000, 0x00000000c3200000, 0x00000000eab00000)
  object space 51200K, 12% used [0x00000000c0000000,0x00000000c064a370,0x00000000c3200000)
 Metaspace       used 20896K, capacity 21122K, committed 21248K, reserved 1067008K
  class space    used 2909K, capacity 2982K, committed 3072K, reserved 1048576K
}
Event: 10.250 GC heap before
{Heap before GC invocations=6 (full 1):
 PSYoungGen      total 136192K, used 131072K [0x00000000eab00000, 0x00000000f3500000, 0x0000000100000000)
  eden space 131072K, 100% used [0x00000000eab00000,0x00000000f2b00000,0x00000000f2b00000)
  from space 5120K, 0% used [0x00000000f3000000,0x00000000f3000000,0x00000000f3500000)
  to   space 5120K, 0% used [0x00000000f2b00000,0x00000000f2b00000,0x00000000f3000000)
 ParOldGen       total 51200K, used 6440K [0x00000000c0000000, 0x00000000c3200000, 0x00000000eab00000)
  object space 51200K, 12% used [0x00000000c0000000,0x00000000c064a370,0x00000000c3200000)
 Metaspace       used 33366K, capacity 33670K, committed 33792K, reserved 1079296K
  class space    used 4682K, capacity 4793K, committed 4864K, reserved 1048576K

Deoptimization events (10 events):
Event: 2.491 Thread 0x00007fed2000f800 Uncommon trap: reason=unstable_if action=reinterpret pc=0x00007fed1125f0d0 method=java.util.HashMap.getNode(ILjava/lang/Object;)Ljava/util/HashMap$Node; @ 62
Event: 2.492 Thread 0x00007fed2000f800 Uncommon trap: reason=unstable_if action=reinterpret pc=0x00007fed112494e4 method=java.util.HashMap.getNode(ILjava/lang/Object;)Ljava/util/HashMap$Node; @ 62
Event: 6.360 Thread 0x00007fed20280800 Uncommon trap: reason=unstable_if action=reinterpret pc=0x00007fed113f34d4 method=java.util.concurrent.ConcurrentHashMap.addCount(JI)V @ 121
Event: 7.349 Thread 0x00007fed2000f800 Uncommon trap: reason=unstable_if action=reinterpret pc=0x00007fed11410894 method=java.util.jar.Manifest$FastInputStream.readLine([BII)I @ 87
Event: 7.564 Thread 0x00007fed2000f800 Uncommon trap: reason=class_check action=maybe_recompile pc=0x00007fed11411600 method=java.util.HashMap.putVal(ILjava/lang/Object;Ljava/lang/Object;ZZ)Ljava/lang/Object; @ 203
Event: 7.564 Thread 0x00007fed2000f800 Uncommon trap: reason=class_check action=maybe_recompile pc=0x00007fed11411600 method=java.util.HashMap.putVal(ILjava/lang/Object;Ljava/lang/Object;ZZ)Ljava/lang/Object; @ 203
Event: 7.564 Thread 0x00007fed2000f800 Uncommon trap: reason=class_check action=maybe_recompile pc=0x00007fed11411600 method=java.util.HashMap.putVal(ILjava/lang/Object;Ljava/lang/Object;ZZ)Ljava/lang/Object; @ 203
Event: 7.564 Thread 0x00007fed2000f800 Uncommon trap: reason=class_check action=maybe_recompile pc=0x00007fed11411600 method=java.util.HashMap.putVal(ILjava/lang/Object;Ljava/lang/Object;ZZ)Ljava/lang/Object; @ 203
Event: 7.650 Thread 0x00007fed2000f800 Uncommon trap: reason=unstable_if action=reinterpret pc=0x00007fed1131eef8 method=sun.net.www.protocol.jar.Handler.parseURL(Ljava/net/URL;Ljava/lang/String;II)V @ 94
Event: 8.256 Thread 0x00007fed207e1800 Uncommon trap: reason=unstable_if action=reinterpret pc=0x00007fed113f747c method=java.util.concurrent.ConcurrentHashMap.addCount(JI)V @ 34

Classes redefined (0 events):
No events

Internal exceptions (10 events):
Event: 8.833 Thread 0x00007fecd4015000 Exception <a 'java/lang/NoSuchMethodError': <clinit>> (0x00000000ef8fb248) thrown at [/build/openjdk-8-wnL82d/openjdk-8-8u171-b11/src/hotspot/src/share/vm/prims/jni.cpp, line 1613]
Event: 8.835 Thread 0x00007fecd4015000 Exception <a 'java/lang/NoSuchMethodError': <clinit>> (0x00000000ef919e78) thrown at [/build/openjdk-8-wnL82d/openjdk-8-8u171-b11/src/hotspot/src/share/vm/prims/jni.cpp, line 1613]
Event: 8.838 Thread 0x00007fecd4015000 Exception <a 'java/lang/NoSuchMethodError': <clinit>> (0x00000000ef92a9c0) thrown at [/build/openjdk-8-wnL82d/openjdk-8-8u171-b11/src/hotspot/src/share/vm/prims/jni.cpp, line 1613]
Event: 8.862 Thread 0x00007fece8427000 Exception <a 'java/lang/NoSuchMethodError': <clinit>> (0x00000000ef606048) thrown at [/build/openjdk-8-wnL82d/openjdk-8-8u171-b11/src/hotspot/src/share/vm/prims/jni.cpp, line 1613]
Event: 9.881 Thread 0x00007fed2000f800 Exception <a 'java/lang/ArrayIndexOutOfBoundsException'> (0x00000000f104dc40) thrown at [/build/openjdk-8-wnL82d/openjdk-8-8u171-b11/src/hotspot/src/share/vm/runtime/sharedRuntime.cpp, line 605]
Event: 9.881 Thread 0x00007fed2000f800 Exception <a 'java/lang/ArrayIndexOutOfBoundsException'> (0x00000000f104eee8) thrown at [/build/openjdk-8-wnL82d/openjdk-8-8u171-b11/src/hotspot/src/share/vm/runtime/sharedRuntime.cpp, line 605]
Event: 9.882 Thread 0x00007fed2000f800 Exception <a 'java/lang/ArrayIndexOutOfBoundsException'> (0x00000000f10504a8) thrown at [/build/openjdk-8-wnL82d/openjdk-8-8u171-b11/src/hotspot/src/share/vm/runtime/sharedRuntime.cpp, line 605]
Event: 9.897 Thread 0x00007fed2000f800 Exception <a 'java/lang/ArrayIndexOutOfBoundsException'> (0x00000000f1077bb0) thrown at [/build/openjdk-8-wnL82d/openjdk-8-8u171-b11/src/hotspot/src/share/vm/runtime/sharedRuntime.cpp, line 605]
Event: 9.898 Thread 0x00007fed2000f800 Exception <a 'java/lang/ArrayIndexOutOfBoundsException'> (0x00000000f1079008) thrown at [/build/openjdk-8-wnL82d/openjdk-8-8u171-b11/src/hotspot/src/share/vm/runtime/sharedRuntime.cpp, line 605]
Event: 9.900 Thread 0x00007fed2000f800 Exception <a 'java/lang/ArrayIndexOutOfBoundsException'> (0x00000000f107a270) thrown at [/build/openjdk-8-wnL82d/openjdk-8-8u171-b11/src/hotspot/src/share/vm/runtime/sharedRuntime.cpp, line 605]

Events (10 events):
Event: 10.248 loading class com/fasterxml/jackson/module/scala/deser/EitherDeserializerModule done
Event: 10.248 loading class com/fasterxml/jackson/module/scala/ser/EitherSerializerModule
Event: 10.248 loading class com/fasterxml/jackson/module/scala/ser/EitherSerializerModule done
Event: 10.249 loading class com/fasterxml/jackson/module/scala/JacksonModule$class
Event: 10.249 loading class com/fasterxml/jackson/module/scala/JacksonModule$class done
Event: 10.250 loading class com/fasterxml/jackson/module/scala/modifiers/IteratorTypeModifierModule$class
Event: 10.250 loading class com/fasterxml/jackson/module/scala/modifiers/IteratorTypeModifierModule$class done
Event: 10.250 loading class com/fasterxml/jackson/databind/type/TypeModifier
Event: 10.250 loading class com/fasterxml/jackson/databind/type/TypeModifier done
Event: 10.250 Executing VM operation: ParallelGCFailedAllocation


Dynamic libraries:
00400000-00401000 r-xp 00000000 ca:01 257735                             /usr/lib/jvm/java-8-openjdk-amd64/jre/bin/java
00600000-00601000 r--p 00000000 ca:01 257735                             /usr/lib/jvm/java-8-openjdk-amd64/jre/bin/java
00601000-00602000 rw-p 00001000 ca:01 257735                             /usr/lib/jvm/java-8-openjdk-amd64/jre/bin/java
00f03000-00f45000 rw-p 00000000 00:00 0                                  [heap]
c0000000-c3200000 rw-p 00000000 00:00 0 
c3200000-eab00000 ---p 00000000 00:00 0 
eab00000-f3500000 rw-p 00000000 00:00 0 
fb380000-100000000 ---p 00000000 00:00 0 
100000000-1004c0000 rw-p 00000000 00:00 0 
1004c0000-140000000 ---p 00000000 00:00 0 
7feccc000000-7feccc021000 rw-p 00000000 00:00 0 
7feccc021000-7fecd0000000 ---p 00000000 00:00 0 
7fecd0060000-7fecd00a0000 rw-p 00000000 00:00 0 
7fecd00a0000-7fecd0260000 ---p 00000000 00:00 0 
7fecd0260000-7fecd0263000 ---p 00000000 00:00 0 
7fecd0263000-7fecd0561000 rw-p 00000000 00:00 0 
7fecd0561000-7fecd0761000 rw-p 00000000 00:00 0 
7fecd07ce000-7fecd07d1000 ---p 00000000 00:00 0 
7fecd07d1000-7fecd08cf000 rw-p 00000000 00:00 0 
7fecd08cf000-7fecd08d2000 ---p 00000000 00:00 0 
7fecd08d2000-7fecd09d0000 rw-p 00000000 00:00 0 
7fecd09d0000-7fecd09d3000 ---p 00000000 00:00 0 
7fecd09d3000-7fecd0ad1000 rw-p 00000000 00:00 0 
7fecd0ad1000-7fecd0ad4000 ---p 00000000 00:00 0 
7fecd0ad4000-7fecd1bd3000 rw-p 00000000 00:00 0 
7fecd1bd3000-7fecd1bd6000 ---p 00000000 00:00 0 
7fecd1bd6000-7fecd1cd4000 rw-p 00000000 00:00 0 
7fecd1cd4000-7fecd1cd7000 ---p 00000000 00:00 0 
7fecd1cd7000-7fecd1dd5000 rw-p 00000000 00:00 0 
7fecd1dd5000-7fecd1dd8000 ---p 00000000 00:00 0 
7fecd1dd8000-7fecd1ed6000 rw-p 00000000 00:00 0 
7fecd1ed6000-7fecd1ed9000 ---p 00000000 00:00 0 
7fecd1ed9000-7fecd1fd7000 rw-p 00000000 00:00 0 
7fecd1fd7000-7fecd1fda000 ---p 00000000 00:00 0 
7fecd1fda000-7fecd20d8000 rw-p 00000000 00:00 0 
7fecd20d8000-7fecd20db000 ---p 00000000 00:00 0 
7fecd20db000-7fecd23d9000 rw-p 00000000 00:00 0 
7fecd23d9000-7fecd23dc000 ---p 00000000 00:00 0 
7fecd23dc000-7fecd24da000 rw-p 00000000 00:00 0 
7fecd24da000-7fecd24dd000 ---p 00000000 00:00 0 
7fecd24dd000-7fecd25db000 rw-p 00000000 00:00 0 
7fecd25db000-7fecd25de000 ---p 00000000 00:00 0 
7fecd25de000-7fecd26dc000 rw-p 00000000 00:00 0 
7fecd26dc000-7fecd26df000 ---p 00000000 00:00 0 
7fecd26df000-7fecd27dd000 rw-p 00000000 00:00 0 
7fecd27dd000-7fecd27e0000 ---p 00000000 00:00 0 
7fecd27e0000-7fecd28de000 rw-p 00000000 00:00 0 
7fecd28de000-7fecd28e1000 ---p 00000000 00:00 0 
7fecd28e1000-7fecd29df000 rw-p 00000000 00:00 0 
7fecd29df000-7fecd29e2000 ---p 00000000 00:00 0 
7fecd29e2000-7fecd2ae0000 rw-p 00000000 00:00 0 
7fecd2ae0000-7fecd2ae3000 ---p 00000000 00:00 0 
7fecd2ae3000-7fecd2be1000 rw-p 00000000 00:00 0 
7fecd2be1000-7fecd2be4000 ---p 00000000 00:00 0 
7fecd2be4000-7fecd2ce2000 rw-p 00000000 00:00 0 
7fecd2ce2000-7fecd2ce5000 ---p 00000000 00:00 0 
7fecd2ce5000-7fecd2de3000 rw-p 00000000 00:00 0 
7fecd2de3000-7fecd2de6000 ---p 00000000 00:00 0 
7fecd2de6000-7fecd30e4000 rw-p 00000000 00:00 0 
7fecd30e4000-7fecd30e7000 ---p 00000000 00:00 0 
7fecd30e7000-7fecd31e5000 rw-p 00000000 00:00 0 
7fecd31e5000-7fecd31e8000 ---p 00000000 00:00 0 
7fecd31e8000-7fecd32e6000 rw-p 00000000 00:00 0 
7fecd32e6000-7fecd32e9000 ---p 00000000 00:00 0 
7fecd32e9000-7fecd33e7000 rw-p 00000000 00:00 0 
7fecd33e7000-7fecd33ea000 ---p 00000000 00:00 0 
7fecd33ea000-7fecd34e8000 rw-p 00000000 00:00 0 
7fecd34e8000-7fecd34eb000 ---p 00000000 00:00 0 
7fecd34eb000-7fecd35e9000 rw-p 00000000 00:00 0 
7fecd35e9000-7fecd35ec000 ---p 00000000 00:00 0 
7fecd35ec000-7fecd36ea000 rw-p 00000000 00:00 0 
7fecd36ea000-7fecd36ed000 ---p 00000000 00:00 0 
7fecd36ed000-7fecd37eb000 rw-p 00000000 00:00 0 
7fecd37eb000-7fecd37ee000 ---p 00000000 00:00 0 
7fecd37ee000-7fecd3aec000 rw-p 00000000 00:00 0 
7fecd3aec000-7fecd3aef000 ---p 00000000 00:00 0 
7fecd3aef000-7fecd3bed000 rw-p 00000000 00:00 0 
7fecd3bed000-7fecd3bfe000 r-xp 00000000 ca:01 259099                     /usr/lib/jvm/java-8-openjdk-amd64/jre/lib/amd64/libnio.so
7fecd3bfe000-7fecd3dfe000 ---p 00011000 ca:01 259099                     /usr/lib/jvm/java-8-openjdk-amd64/jre/lib/amd64/libnio.so
7fecd3dfe000-7fecd3dff000 r--p 00011000 ca:01 259099                     /usr/lib/jvm/java-8-openjdk-amd64/jre/lib/amd64/libnio.so
7fecd3dff000-7fecd3e00000 rw-p 00012000 ca:01 259099                     /usr/lib/jvm/java-8-openjdk-amd64/jre/lib/amd64/libnio.so
7fecd3e00000-7fecd4000000 rw-p 00000000 00:00 0 
7fecd4000000-7fecd4040000 rw-p 00000000 00:00 0 
7fecd4040000-7fecd8000000 ---p 00000000 00:00 0 
7fecd8000000-7fecd8021000 rw-p 00000000 00:00 0 
7fecd8021000-7fecdc000000 ---p 00000000 00:00 0 
7fecdc000000-7fecdc021000 rw-p 00000000 00:00 0 
7fecdc021000-7fece0000000 ---p 00000000 00:00 0 
7fece0000000-7fece00a8000 rw-p 00000000 00:00 0 
7fece00a8000-7fece4000000 ---p 00000000 00:00 0 
7fece4097000-7fece409a000 ---p 00000000 00:00 0 
7fece409a000-7fece4398000 rw-p 00000000 00:00 0 
7fece4398000-7fece4399000 r-xp 00000000 ca:01 257753                     /usr/lib/jvm/java-8-openjdk-amd64/jre/lib/amd64/libjaas_unix.so
7fece4399000-7fece4598000 ---p 00001000 ca:01 257753                     /usr/lib/jvm/java-8-openjdk-amd64/jre/lib/amd64/libjaas_unix.so
7fece4598000-7fece4599000 r--p 00000000 ca:01 257753                     /usr/lib/jvm/java-8-openjdk-amd64/jre/lib/amd64/libjaas_unix.so
7fece4599000-7fece459a000 rw-p 00001000 ca:01 257753                     /usr/lib/jvm/java-8-openjdk-amd64/jre/lib/amd64/libjaas_unix.so
7fece459a000-7fece479a000 rw-p 00000000 00:00 0 
7fece479a000-7fece47a3000 r-xp 00000000 ca:01 259098                     /usr/lib/jvm/java-8-openjdk-amd64/jre/lib/amd64/libmanagement.so
7fece47a3000-7fece49a2000 ---p 00009000 ca:01 259098                     /usr/lib/jvm/java-8-openjdk-amd64/jre/lib/amd64/libmanagement.so
7fece49a2000-7fece49a3000 r--p 00008000 ca:01 259098                     /usr/lib/jvm/java-8-openjdk-amd64/jre/lib/amd64/libmanagement.so
7fece49a3000-7fece49a4000 rw-p 00009000 ca:01 259098                     /usr/lib/jvm/java-8-openjdk-amd64/jre/lib/amd64/libmanagement.so
7fece49a4000-7fece4ba4000 rw-p 00000000 00:00 0 
7fece4ba4000-7fece4dff000 r--s 020cf000 ca:01 1799469                    /home/ubuntu/Insight-demo-project/spark-streaming/target/scala-2.11/streamhits-assembly-1.0.jar
7fece4dff000-7fece4fff000 rw-p 00000000 00:00 0 
7fece4fff000-7fece8000000 rw-p 00000000 00:00 0 
7fece8000000-7fece8483000 rw-p 00000000 00:00 0 
7fece8483000-7fecec000000 ---p 00000000 00:00 0 
7fecec000000-7fecec021000 rw-p 00000000 00:00 0 
7fecec021000-7fecf0000000 ---p 00000000 00:00 0 
7fecf0000000-7fecf0021000 rw-p 00000000 00:00 0 
7fecf0021000-7fecf4000000 ---p 00000000 00:00 0 
7fecf4000000-7fecf60cc000 rw-p 00000000 00:00 0 
7fecf60cc000-7fecf8000000 ---p 00000000 00:00 0 
7fecf8000000-7fecf8021000 rw-p 00000000 00:00 0 
7fecf8021000-7fecfc000000 ---p 00000000 00:00 0 
7fecfc000000-7fecfc021000 rw-p 00000000 00:00 0 
7fecfc021000-7fed00000000 ---p 00000000 00:00 0 
7fed00000000-7fed00092000 rw-p 00000000 00:00 0 
7fed00092000-7fed04000000 ---p 00000000 00:00 0 
7fed04000000-7fed04021000 rw-p 00000000 00:00 0 
7fed04021000-7fed08000000 ---p 00000000 00:00 0 
7fed08062000-7fed08067000 r--s 0009d000 ca:01 259120                     /usr/lib/jvm/java-8-openjdk-amd64/jre/lib/jsse.jar
7fed08067000-7fed0807a000 r--s 00346000 ca:01 257750                     /usr/lib/jvm/java-8-openjdk-amd64/jre/lib/resources.jar
7fed0807a000-7fed0807d000 ---p 00000000 00:00 0 
7fed0807d000-7fed0817b000 rw-p 00000000 00:00 0 
7fed0817b000-7fed0817e000 ---p 00000000 00:00 0 
7fed0817e000-7fed081b4000 rw-p 00000000 00:00 0 
7fed081b4000-7fed081b6000 r--s 00009000 ca:01 1544341                    /usr/local/spark/jars/objenesis-2.1.jar
7fed081b6000-7fed081bc000 r--s 00028000 ca:01 1544342                    /usr/local/spark/jars/curator-framework-2.6.0.jar
7fed081bc000-7fed081bf000 r--s 0001a000 ca:01 1544437                    /usr/local/spark/jars/py4j-0.10.4.jar
7fed081bf000-7fed081c2000 r--s 00006000 ca:01 1544414                    /usr/local/spark/jars/jsr305-1.3.9.jar
7fed081c2000-7fed081c4000 r--s 0000e000 ca:01 1544310                    /usr/local/spark/jars/guice-servlet-3.0.jar
7fed081c4000-7fed081c8000 r--s 00025000 ca:01 1544317                    /usr/local/spark/jars/jersey-client-2.22.2.jar
7fed081c8000-7fed081da000 r--s 00097000 ca:01 1544254                    /usr/local/spark/jars/apacheds-kerberos-codec-2.0.0-M15.jar
7fed081da000-7fed081e0000 r--s 00044000 ca:01 1544296                    /usr/local/spark/jars/antlr4-runtime-4.5.3.jar
7fed081e0000-7fed081ee000 r--s 000b1000 ca:01 1544345                    /usr/local/spark/jars/jackson-mapper-asl-1.9.13.jar
7fed081ee000-7fed08205000 r-xp 00000000 ca:01 21460                      /lib/x86_64-linux-gnu/libresolv-2.23.so
7fed08205000-7fed08405000 ---p 00017000 ca:01 21460                      /lib/x86_64-linux-gnu/libresolv-2.23.so
7fed08405000-7fed08406000 r--p 00017000 ca:01 21460                      /lib/x86_64-linux-gnu/libresolv-2.23.so
7fed08406000-7fed08407000 rw-p 00018000 ca:01 21460                      /lib/x86_64-linux-gnu/libresolv-2.23.so
7fed08407000-7fed08409000 rw-p 00000000 00:00 0 
7fed08409000-7fed0840e000 r-xp 00000000 ca:01 21466                      /lib/x86_64-linux-gnu/libnss_dns-2.23.so
7fed0840e000-7fed0860e000 ---p 00005000 ca:01 21466                      /lib/x86_64-linux-gnu/libnss_dns-2.23.so
7fed0860e000-7fed0860f000 r--p 00005000 ca:01 21466                      /lib/x86_64-linux-gnu/libnss_dns-2.23.so
7fed0860f000-7fed08610000 rw-p 00006000 ca:01 21466                      /lib/x86_64-linux-gnu/libnss_dns-2.23.so
7fed08611000-7fed08613000 r--s 00005000 ca:01 1544421                    /usr/local/spark/jars/stax-api-1.0.1.jar
7fed08613000-7fed08615000 r--s 00008000 ca:01 1544299                    /usr/local/spark/jars/metrics-jvm-3.1.2.jar
7fed08615000-7fed08619000 r--s 00030000 ca:01 1544403                    /usr/local/spark/jars/commons-net-2.2.jar
7fed08619000-7fed0862f000 r-xp 00000000 ca:01 259091                     /usr/lib/jvm/java-8-openjdk-amd64/jre/lib/amd64/libnet.so
7fed0862f000-7fed0882f000 ---p 00016000 ca:01 259091                     /usr/lib/jvm/java-8-openjdk-amd64/jre/lib/amd64/libnet.so
7fed0882f000-7fed08830000 r--p 00016000 ca:01 259091                     /usr/lib/jvm/java-8-openjdk-amd64/jre/lib/amd64/libnet.so
7fed08830000-7fed08831000 rw-p 00017000 ca:01 259091                     /usr/lib/jvm/java-8-openjdk-amd64/jre/lib/amd64/libnet.so
7fed08831000-7fed08847000 r--s 00124000 ca:01 1544260                    /usr/local/spark/jars/ivy-2.4.0.jar
7fed08847000-7fed0884b000 r--s 00029000 ca:01 1544322                    /usr/local/spark/jars/hk2-locator-2.4.0-b34.jar
7fed0884b000-7fed0884d000 r--s 00009000 ca:01 1544409                    /usr/local/spark/jars/commons-cli-1.2.jar
7fed0884d000-7fed08868000 r--s 001d8000 ca:01 1544239                    /usr/local/spark/jars/jets3t-0.9.3.jar
7fed08868000-7fed08871000 r--s 00097000 ca:01 1544319                    /usr/local/spark/jars/pmml-model-1.2.15.jar
7fed08871000-7fed08873000 r--s 00003000 ca:01 1544442                    /usr/local/spark/jars/jersey-container-servlet-2.22.2.jar
7fed08873000-7fed08875000 r--s 00012000 ca:01 1544385                    /usr/local/spark/jars/compress-lzf-1.0.3.jar
7fed08875000-7fed08879000 r--s 00035000 ca:01 1544339                    /usr/local/spark/jars/jackson-core-asl-1.9.13.jar
7fed08879000-7fed088f1000 r--s 005bc000 ca:01 1544253                    /usr/local/spark/jars/spark-mllib_2.11-2.2.1.jar
7fed088f1000-7fed088f5000 r--s 00018000 ca:01 1544371                    /usr/local/spark/jars/metrics-core-3.1.2.jar
7fed088f5000-7fed088ff000 r--s 000a5000 ca:01 1544390                    /usr/local/spark/jars/javassist-3.18.1-GA.jar
7fed088ff000-7fed0891c000 r--s 001d5000 ca:01 1544372                    /usr/local/spark/jars/hadoop-yarn-api-2.7.3.jar
7fed0891c000-7fed0891f000 r--s 00028000 ca:01 1544268                    /usr/local/spark/jars/stream-2.7.0.jar
7fed0891f000-7fed08920000 r--s 00001000 ca:01 1544338                    /usr/local/spark/jars/pmml-schema-1.2.15.jar
7fed08920000-7fed08921000 r--s 00003000 ca:01 1544270                    /usr/local/spark/jars/xmlenc-0.52.jar
7fed08921000-7fed08924000 r--s 00012000 ca:01 1544303                    /usr/local/spark/jars/json4s-ast_2.11-3.2.11.jar
7fed08924000-7fed08925000 r--s 00004000 ca:01 1544271                    /usr/local/spark/jars/osgi-resource-locator-1.0.1.jar
7fed08925000-7fed08927000 r--s 00003000 ca:01 1544245                    /usr/local/spark/jars/base64-2.3.8.jar
7fed08927000-7fed0892b000 r--s 0002f000 ca:01 1544392                    /usr/local/spark/jars/commons-beanutils-core-1.8.0.jar
7fed0892b000-7fed0892c000 r--s 00002000 ca:01 1544306                    /usr/local/spark/jars/jpam-1.1.jar
7fed0892c000-7fed0892e000 r--s 00006000 ca:01 1544295                    /usr/local/spark/jars/spark-sketch_2.11-2.2.1.jar
7fed0892e000-7fed08965000 r--s 00325000 ca:01 1544441                    /usr/local/spark/jars/calcite-core-1.2.0-incubating.jar
7fed08965000-7fed0896c000 r--s 0007d000 ca:01 1544419                    /usr/local/spark/jars/jetty-6.1.26.jar
7fed0896c000-7fed08971000 r--s 0002a000 ca:01 1544233                    /usr/local/spark/jars/commons-beanutils-1.7.0.jar
7fed08971000-7fed08975000 r--s 00036000 ca:01 1544326                    /usr/local/spark/jars/ST4-4.0.4.jar
7fed08975000-7fed08980000 r--s 000b0000 ca:01 1544290                    /usr/local/spark/jars/jtransforms-2.4.0.jar
7fed08980000-7fed08982000 r--s 00010000 ca:01 1544413                    /usr/local/spark/jars/hadoop-mapreduce-client-shuffle-2.7.3.jar
7fed08982000-7fed08984000 r--s 00014000 ca:01 1544324                    /usr/local/spark/jars/spire-macros_2.11-0.13.0.jar
7fed08984000-7fed08995000 r--s 00089000 ca:01 1544248                    /usr/local/spark/jars/joda-time-2.9.3.jar
7fed08995000-7fed0899c000 r--s 00046000 ca:01 1544418                    /usr/local/spark/jars/libfb303-0.9.3.jar
7fed0899c000-7fed089b4000 r--s 00115000 ca:01 1544353                    /usr/local/spark/jars/xercesImpl-2.9.1.jar
7fed089b4000-7fed089b6000 r--s 0000a000 ca:01 1544402                    /usr/local/spark/jars/spark-unsafe_2.11-2.2.1.jar
7fed089b6000-7fed08a5f000 r--s 00a4f000 ca:01 1544412                    /usr/local/spark/jars/hive-exec-1.2.1.spark2.jar
7fed08a5f000-7fed08a75000 r--s 000d3000 ca:01 1544430                    /usr/local/spark/jars/jersey-server-2.22.2.jar
7fed08a75000-7fed08a78000 r--s 00015000 ca:01 1544256                    /usr/local/spark/jars/commons-pool-1.5.4.jar
7fed08a78000-7fed08a7c000 r--s 0002a000 ca:01 1544426                    /usr/local/spark/jars/breeze-macros_2.11-0.13.2.jar
7fed08a7c000-7fed08a7e000 r--s 0000f000 ca:01 1544376                    /usr/local/spark/jars/activation-1.1.1.jar
7fed08a7e000-7fed08a7f000 r--s 00009000 ca:01 1544292                    /usr/local/spark/jars/hadoop-annotations-2.7.3.jar
7fed08a7f000-7fed08a91000 r--s 000b3000 ca:01 1544313                    /usr/local/spark/jars/scalap-2.11.8.jar
7fed08a91000-7fed08a92000 r--s 00009000 ca:01 1544255                    /usr/local/spark/jars/slf4j-api-1.7.16.jar
7fed08a92000-7fed08a95000 r--s 0002f000 ca:01 1544393                    /usr/local/spark/jars/RoaringBitmap-0.5.11.jar
7fed08a95000-7fed08a97000 r--s 00010000 ca:01 1544347                    /usr/local/spark/jars/jersey-media-jaxb-2.22.2.jar
7fed08a97000-7fed08a99000 r--s 00004000 ca:01 1544315                    /usr/local/spark/jars/metrics-graphite-3.1.2.jar
7fed08a99000-7fed08afc000 r--s 004de000 ca:01 1544405                    /usr/local/spark/jars/hive-metastore-1.2.1.spark2.jar
7fed08afc000-7fed08b1e000 r--s 00335000 ca:01 1544424                    /usr/local/spark/jars/mesos-1.0.0-shaded-protobuf.jar
7fed08b1e000-7fed08b1f000 r--s 00004000 ca:01 1544325                    /usr/local/spark/jars/jackson-jaxrs-1.9.13.jar
7fed08b1f000-7fed08b22000 r--s 00009000 ca:01 1544337                    /usr/local/spark/jars/jackson-annotations-2.6.5.jar
7fed08b22000-7fed08b24000 r--s 0000e000 ca:01 1544332                    /usr/local/spark/jars/hadoop-mapreduce-client-jobclient-2.7.3.jar
7fed08b24000-7fed08b2d000 r--s 0006f000 ca:01 1544429                    /usr/local/spark/jars/log4j-1.2.17.jar
7fed08b2d000-7fed08b31000 r--s 00020000 ca:01 1544379                    /usr/local/spark/jars/commons-digester-1.8.jar
7fed08b31000-7fed08b34000 r--s 00014000 ca:01 1544297                    /usr/local/spark/jars/super-csv-2.2.0.jar
7fed08b34000-7fed08b36000 r--s 0000e000 ca:01 1544289                    /usr/local/spark/jars/oro-2.0.8.jar
7fed08b36000-7fed08b3d000 r--s 00049000 ca:01 1544363                    /usr/local/spark/jars/httpcore-4.4.4.jar
7fed08b3d000-7fed08b3f000 r--s 00009000 ca:01 1544356                    /usr/local/spark/jars/parquet-common-1.8.2.jar
7fed08b3f000-7fed08b42000 r--s 00017000 ca:01 1544395                    /usr/local/spark/jars/jaxb-api-2.2.2.jar
7fed08b42000-7fed08b46000 r--s 0000c000 ca:01 1544359                    /usr/local/spark/jars/validation-api-1.1.0.Final.jar
7fed08b46000-7fed08b47000 r--s 00001000 ca:01 1544280                    /usr/local/spark/jars/javax.inject-2.4.0-b34.jar
7fed08b47000-7fed08b60000 r--s 00164000 ca:01 1544262                    /usr/local/spark/jars/hadoop-mapreduce-client-core-2.7.3.jar
7fed08b60000-7fed08b61000 r--s 00003000 ca:01 1544411                    /usr/local/spark/jars/spark-tags_2.11-2.2.1.jar
7fed08b61000-7fed08b64000 r--s 00025000 ca:01 1544241                    /usr/local/spark/jars/commons-dbcp-1.4.jar
7fed08b64000-7fed08b7d000 r--s 0012c000 ca:01 1544246                    /usr/local/spark/jars/netty-3.9.9.Final.jar
7fed08b7d000-7fed08be8000 r--s 0093d000 ca:01 1544407                    /usr/local/spark/jars/spire_2.11-0.13.0.jar
7fed08be8000-7fed08be9000 r--s 00001000 ca:01 1544302                    /usr/local/spark/jars/minlog-1.3.0.jar
7fed08be9000-7fed08bf1000 r--s 00059000 ca:01 1544277                    /usr/local/spark/jars/javolution-5.5.1.jar
7fed08bf1000-7fed08bf2000 r--s 00006000 ca:01 1544352                    /usr/local/spark/jars/jackson-xc-1.9.13.jar
7fed08bf2000-7fed08bf7000 r--s 00041000 ca:01 1544364                    /usr/local/spark/jars/commons-lang-2.6.jar
7fed08bf7000-7fed08bfe000 r--s 00051000 ca:01 1544240                    /usr/local/spark/jars/kryo-shaded-3.0.3.jar
7fed08bfe000-7fed08c00000 r--s 0001f000 ca:01 1544300                    /usr/local/spark/jars/commons-crypto-1.0.0.jar
7fed08c00000-7fed08c46000 r--s 00317000 ca:01 1544243                    /usr/local/spark/jars/shapeless_2.11-2.3.2.jar
7fed08c46000-7fed08c50000 r--s 00086000 ca:01 1544370                    /usr/local/spark/jars/json4s-core_2.11-3.2.11.jar
7fed08c50000-7fed08c64000 r--s 000ec000 ca:01 1544398                    /usr/local/spark/jars/parquet-jackson-1.8.2.jar
7fed08c64000-7fed08c68000 r--s 0002a000 ca:01 1544374                    /usr/local/spark/jars/commons-io-2.4.jar
7fed08c68000-7fed08c6d000 r--s 00036000 ca:01 1544282                    /usr/local/spark/jars/commons-compress-1.4.1.jar
7fed08c6d000-7fed08c77000 r--s 00095000 ca:01 1544410                    /usr/local/spark/jars/scala-xml_2.11-1.0.2.jar
7fed08c77000-7fed08c7a000 r--s 00022000 ca:01 1544279                    /usr/local/spark/jars/stringtemplate-3.2.1.jar
7fed08c7a000-7fed08c81000 r--s 0005d000 ca:01 1544386                    /usr/local/spark/jars/mx4j-3.0.2.jar
7fed08c81000-7fed08cda000 r--s 00522000 ca:01 1544355                    /usr/local/spark/jars/scala-library-2.11.8.jar
7fed08cda000-7fed08cdd000 r--s 0000d000 ca:01 1544316                    /usr/local/spark/jars/spark-network-shuffle_2.11-2.2.1.jar
7fed08cdd000-7fed08cdf000 r--s 00005000 ca:01 1544288                    /usr/local/spark/jars/javax.annotation-api-1.2.jar
7fed08cdf000-7fed08d15000 r--s 0031c000 ca:01 1544373                    /usr/local/spark/jars/hadoop-common-2.7.3.jar
7fed08d15000-7fed08d16000 r--s 00008000 ca:01 1544380                    /usr/local/spark/jars/commons-compiler-3.0.0.jar
7fed08d16000-7fed08d1a000 r--s 0001a000 ca:01 1544267                    /usr/local/spark/jars/hk2-utils-2.4.0-b34.jar
7fed08d1a000-7fed08d24000 r--s 000aa000 ca:01 1544394                    /usr/local/spark/jars/janino-3.0.0.jar
7fed08d24000-7fed08d25000 r--s 00004000 ca:01 1544307                    /usr/local/spark/jars/eigenbase-properties-1.1.5.jar
7fed08d25000-7fed08d27000 r--s 00038000 ca:01 1544247                    /usr/local/spark/jars/lz4-1.3.0.jar
7fed08d27000-7fed08d4a000 rw-p 00000000 00:00 0 
7fed08d4a000-7fed08e22000 r--s 00d92000 ca:01 1544251                    /usr/local/spark/jars/breeze_2.11-0.13.2.jar
7fed08e22000-7fed08e25000 r--s 00015000 ca:01 1544387                    /usr/local/spark/jars/pyrolite-4.13.jar
7fed08e25000-7fed08e32000 r--s 000a0000 ca:01 1544436                    /usr/local/spark/jars/spark-graphx_2.11-2.2.1.jar
7fed08e32000-7fed08e35000 r--s 00015000 ca:01 1544415                    /usr/local/spark/jars/javax.servlet-api-3.1.0.jar
7fed08e35000-7fed08e4e000 r--s 00116000 ca:01 1544252                    /usr/local/spark/jars/spark-hive_2.11-2.2.1.jar
7fed08e4e000-7fed08e53000 r--s 00027000 ca:01 1544235                    /usr/local/spark/jars/hk2-api-2.4.0-b34.jar
7fed08e53000-7fed08e93000 r--s 00277000 ca:01 1544349                    /usr/local/spark/jars/bcprov-jdk15on-1.51.jar
7fed08e93000-7fed08e95000 r--s 00003000 ca:01 1544291                    /usr/local/spark/jars/JavaEWAH-0.3.2.jar
7fed08e95000-7fed08ea0000 r--s 0005d000 ca:01 1544309                    /usr/local/spark/jars/scala-parser-combinators_2.11-1.0.4.jar
7fed08ea0000-7fed08eb0000 r--s 0009b000 ca:01 1544320                    /usr/local/spark/jars/spark-yarn_2.11-2.2.1.jar
7fed08eb0000-7fed08eb6000 r--s 00045000 ca:01 1544237                    /usr/local/spark/jars/commons-httpclient-3.1.jar
7fed08eb6000-7fed08eb7000 r--s 00006000 ca:01 1544294                    /usr/local/spark/jars/hadoop-client-2.7.3.jar
7fed08eb7000-7fed08eb9000 r--s 00007000 ca:01 1544428                    /usr/local/spark/jars/paranamer-2.6.jar
7fed08eb9000-7fed08ebd000 r--s 00025000 ca:01 1544350                    /usr/local/spark/jars/antlr-runtime-3.4.jar
7fed08ebd000-7fed08ec2000 r--s 0004e000 ca:01 1544375                    /usr/local/spark/jars/datanucleus-api-jdo-3.2.6.jar
7fed08ec2000-7fed08ec4000 r--s 00002000 ca:01 1544388                    /usr/local/spark/jars/aopalliance-repackaged-2.4.0-b34.jar
7fed08ec4000-7fed08ecd000 r--s 00062000 ca:01 1544301                    /usr/local/spark/jars/avro-1.7.7.jar
7fed08ecd000-7fed08ed3000 r--s 00038000 ca:01 1544266                    /usr/local/spark/jars/parquet-hadoop-1.8.2.jar
7fed08ed3000-7fed08ed4000 r--s 00002000 ca:01 1544343                    /usr/local/spark/jars/java-xmlbuilder-1.0.jar
7fed08ed4000-7fed08ed8000 r--s 0002c000 ca:01 1544238                    /usr/local/spark/jars/avro-ipc-1.7.7.jar
7fed08ed8000-7fed08ed9000 r--s 00003000 ca:01 1544249                    /usr/local/spark/jars/jta-1.1.jar
7fed08ed9000-7fed08ee0000 r--s 00036000 ca:01 1544400                    /usr/local/spark/jars/curator-recipes-2.6.0.jar
7fed08ee0000-7fed08eef000 r--s 0009f000 ca:01 1544439                    /usr/local/spark/jars/guice-3.0.jar
7fed08eef000-7fed08ef1000 r--s 00015000 ca:01 1544258                    /usr/local/spark/jars/hadoop-auth-2.7.3.jar
7fed08ef1000-7fed08ef2000 r--s 0000a000 ca:01 1544431                    /usr/local/spark/jars/apacheds-i18n-2.0.0-M15.jar
7fed08ef2000-7fed08ef4000 r--s 00003000 ca:01 1544397                    /usr/local/spark/jars/api-asn1-api-1.0.0-M20.jar
7fed08ef4000-7fed08ef5000 r--s 00003000 ca:01 1544357                    /usr/local/spark/jars/metrics-json-3.1.2.jar
7fed08ef5000-7fed08ef7000 r--s 00100000 ca:01 1544433                    /usr/local/spark/jars/snappy-java-1.1.2.6.jar
7fed08ef7000-7fed08ef9000 r--s 0000f000 ca:01 1544305                    /usr/local/spark/jars/curator-client-2.6.0.jar
7fed08ef9000-7fed08f1e000 rw-p 00000000 00:00 0 
7fed08f1e000-7fed0902a000 r--s 00dba000 ca:01 1544323                    /usr/local/spark/jars/scala-compiler-2.11.8.jar
7fed0902a000-7fed0902c000 r--s 0000d000 ca:01 1544333                    /usr/local/spark/jars/hadoop-yarn-server-web-proxy-2.7.3.jar
7fed0902c000-7fed0902d000 r--s 00000000 ca:01 1544283                    /usr/local/spark/jars/macro-compat_2.11-1.1.1.jar
7fed0902d000-7fed09033000 r--s 00043000 ca:01 1544440                    /usr/local/spark/jars/commons-configuration-1.6.jar
7fed09033000-7fed09034000 r--s 00008000 ca:01 1544285                    /usr/local/spark/jars/machinist_2.11-0.6.1.jar
7fed09034000-7fed0904d000 r--s 00150000 ca:01 1544438                    /usr/local/spark/jars/htrace-core-3.1.0-incubating.jar
7fed0904d000-7fed0904f000 r--s 00027000 ca:01 1544327                    /usr/local/spark/jars/core-1.1.2.jar
7fed0904f000-7fed09053000 r--s 00028000 ca:01 1544265                    /usr/local/spark/jars/jetty-util-6.1.26.jar
7fed09053000-7fed090be000 r--s 00784000 ca:01 1544293                    /usr/local/spark/jars/hadoop-hdfs-2.7.3.jar
7fed090be000-7fed090c0000 r--s 00012000 ca:01 1544346                    /usr/local/spark/jars/api-util-1.0.0-M20.jar
7fed090c0000-7fed090c3000 r--s 00026000 ca:01 1544425                    /usr/local/spark/jars/hadoop-yarn-client-2.7.3.jar
7fed090c3000-7fed090c9000 r--s 00034000 ca:01 1544406                    /usr/local/spark/jars/libthrift-0.9.3.jar
7fed090c9000-7fed090cc000 r--s 00021000 ca:01 1544384                    /usr/local/spark/jars/xbean-asm5-shaded-4.4.jar
7fed090cc000-7fed090fa000 r--s 00216000 ca:01 1544274                    /usr/local/spark/jars/spark-network-common_2.11-2.2.1.jar
7fed090fa000-7fed09109000 r--s 0007c000 ca:01 1544361                    /usr/local/spark/jars/spark-mesos_2.11-2.2.1.jar
7fed09109000-7fed0910c000 r--s 000fd000 ca:01 1544284                    /usr/local/spark/jars/leveldbjni-all-1.8.jar
7fed0910c000-7fed0910e000 r--s 00003000 ca:01 1544273                    /usr/local/spark/jars/jcl-over-slf4j-1.7.16.jar
7fed0910e000-7fed09119000 r--s 00062000 ca:01 1544244                    /usr/local/spark/jars/calcite-linq4j-1.2.0-incubating.jar
7fed09119000-7fed0911d000 r--s 00031000 ca:01 1544311                    /usr/local/spark/jars/jline-2.12.1.jar
7fed0911d000-7fed09125000 r--s 00066000 ca:01 1544236                    /usr/local/spark/jars/apache-log4j-extras-1.2.17.jar
7fed09125000-7fed09127000 r--s 00000000 ca:01 1544408                    /usr/local/spark/jars/jul-to-slf4j-1.7.16.jar
7fed09127000-7fed09134000 r--s 00071000 ca:01 1544318                    /usr/local/spark/jars/jackson-module-scala_2.11-2.6.5.jar
7fed09134000-7fed09138000 r--s 00019000 ca:01 1544261                    /usr/local/spark/jars/javax.ws.rs-api-2.0.1.jar
7fed09138000-7fed0914f000 r--s 000d3000 ca:01 1544335                    /usr/local/spark/jars/parquet-column-1.8.2.jar
7fed0914f000-7fed09152000 r--s 00019000 ca:01 1544367                    /usr/local/spark/jars/bonecp-0.8.0.RELEASE.jar
7fed09152000-7fed09158000 r--s 00063000 ca:01 1544351                    /usr/local/spark/jars/jodd-core-3.5.2.jar
7fed09158000-7fed0915d000 r--s 00032000 ca:01 1544264                    /usr/local/spark/jars/chill_2.11-0.8.0.jar
7fed0915d000-7fed09164000 r--s 00049000 ca:01 1544362                    /usr/local/spark/jars/univocity-parsers-2.2.1.jar
7fed09164000-7fed0916a000 r--s 0002c000 ca:01 1544432                    /usr/local/spark/jars/jdo-api-3.0.1.jar
7fed0916a000-7fed0916f000 r--s 00028000 ca:01 1544234                    /usr/local/spark/jars/avro-mapred-1.7.7-hadoop2.jar
7fed0916f000-7fed09171000 r--s 0000f000 ca:01 1544382                    /usr/local/spark/jars/spark-launcher_2.11-2.2.1.jar
7fed09171000-7fed09189000 r--s 000d6000 ca:01 1544423                    /usr/local/spark/jars/jersey-guava-2.22.2.jar
7fed09189000-7fed09196000 r--s 00083000 ca:01 1544257                    /usr/local/spark/jars/commons-collections-3.2.2.jar
7fed09196000-7fed09198000 r--s 00020000 ca:01 1544416                    /usr/local/spark/jars/hive-beeline-1.2.1.spark2.jar
7fed09198000-7fed0919b000 r--s 00016000 ca:01 1544377                    /usr/local/spark/jars/jsp-api-2.1.jar
7fed0919b000-7fed091a2000 r--s 00039000 ca:01 1544336                    /usr/local/spark/jars/calcite-avatica-1.2.0-incubating.jar
7fed091a2000-7fed091aa000 r--s 00078000 ca:01 1544259                    /usr/local/spark/jars/mail-1.4.7.jar
7fed091aa000-7fed091d3000 r--s 001ee000 ca:01 1544242                    /usr/local/spark/jars/guava-14.0.1.jar
7fed091d3000-7fed091d8000 r--s 00068000 ca:01 1544389                    /usr/local/spark/jars/antlr-2.7.7.jar
7fed091d8000-7fed091da000 r--s 0000e000 ca:01 1544360                    /usr/local/spark/jars/commons-logging-1.1.3.jar
7fed091da000-7fed091ec000 r--s 00112000 ca:01 1544250                    /usr/local/spark/jars/arpack_combined_all-0.1.jar
7fed091ec000-7fed0921b000 r--s 002e5000 ca:01 1544286                    /usr/local/spark/jars/derby-10.12.1.1.jar
7fed0921b000-7fed092b5000 r--s 00755000 ca:01 1544312                    /usr/local/spark/jars/spark-catalyst_2.11-2.2.1.jar
7fed092b5000-7fed092bc000 r--s 0003f000 ca:01 1544344                    /usr/local/spark/jars/commons-codec-1.10.jar
7fed092bc000-7fed092ec000 r--s 001e5000 ca:01 1544304                    /usr/local/spark/jars/spark-streaming_2.11-2.2.1.jar
7fed092ec000-7fed092f4000 r--s 0007b000 ca:01 1544368                    /usr/local/spark/jars/protobuf-java-2.5.0.jar
7fed092f4000-7fed092f8000 r--s 00029000 ca:01 1544287                    /usr/local/spark/jars/spark-mllib-local_2.11-2.2.1.jar
7fed092f8000-7fed09304000 r--s 000b6000 ca:01 1544275                    /usr/local/spark/jars/zookeeper-3.4.6.jar
7fed09304000-7fed09306000 r--s 00000000 ca:01 1544340                    /usr/local/spark/jars/aopalliance-1.0.jar
7fed09306000-7fed0930c000 r--s 00040000 ca:01 1544396                    /usr/local/spark/jars/parquet-encoding-1.8.2.jar
7fed0930c000-7fed09358000 r--s 00411000 ca:01 1544321                    /usr/local/spark/jars/scala-reflect-2.11.8.jar
7fed09358000-7fed09359000 r--s 00002000 ca:01 1544383                    /usr/local/spark/jars/slf4j-log4j12-1.7.16.jar
7fed09359000-7fed0935a000 r--s 00009000 ca:01 1544420                    /usr/local/spark/jars/hive-cli-1.2.1.spark2.jar
7fed0935a000-7fed09367000 r--s 000a7000 ca:01 1544417                    /usr/local/spark/jars/httpclient-4.5.2.jar
7fed09367000-7fed0937f000 r--s 001b6000 ca:01 1544401                    /usr/local/spark/jars/datanucleus-core-3.2.10.jar
7fed0937f000-7fed09389000 r--s 0007b000 ca:01 1544330                    /usr/local/spark/jars/hadoop-mapreduce-client-app-2.7.3.jar
7fed09389000-7fed093ab000 r--s 00197000 ca:01 1544269                    /usr/local/spark/jars/spark-hive-thriftserver_2.11-2.2.1.jar
7fed093ab000-7fed093cf000 r--s 001cd000 ca:01 1544314                    /usr/local/spark/jars/commons-math3-3.4.1.jar
7fed093cf000-7fed093d1000 r--s 00017000 ca:01 1544334                    /usr/local/spark/jars/hive-jdbc-1.2.1.spark2.jar
7fed093d1000-7fed093f7000 r--s 00212000 ca:01 1544365                    /usr/local/spark/jars/netty-all-4.0.43.Final.jar
7fed093f7000-7fed093fa000 r--s 0000e000 ca:01 1544434                    /usr/local/spark/jars/jersey-container-servlet-core-2.22.2.jar
7fed093fa000-7fed093fc000 r--s 0000e000 ca:01 1544378                    /usr/local/spark/jars/spark-repl_2.11-2.2.1.jar
7fed093fc000-7fed09409000 r--s 000b1000 ca:01 1544358                    /usr/local/spark/jars/hadoop-mapreduce-client-common-2.7.3.jar
7fed09409000-7fed0941f000 r--s 001a4000 ca:01 1544331                    /usr/local/spark/jars/datanucleus-rdbms-3.2.9.jar
7fed0941f000-7fed0942d000 r--s 0009d000 ca:01 1544308                    /usr/local/spark/jars/jersey-common-2.22.2.jar
7fed0942d000-7fed0942f000 r--s 0000b000 ca:01 1544263                    /usr/local/spark/jars/chill-java-0.8.0.jar
7fed0942f000-7fed09511000 r--s 00b0a000 ca:01 1544278                    /usr/local/spark/jars/spark-core_2.11-2.2.1.jar
7fed09511000-7fed09513000 r--s 00009000 ca:01 1544281                    /usr/local/spark/jars/jackson-module-paranamer-2.6.5.jar
7fed09513000-7fed0951b000 r--s 0006e000 ca:01 1544427                    /usr/local/spark/jars/commons-lang3-3.5.jar
7fed0951b000-7fed0954f000 r--s 00277000 ca:01 1544399                    /usr/local/spark/jars/parquet-hadoop-bundle-1.6.0.jar
7fed0954f000-7fed09560000 r--s 0010d000 ca:01 1544391                    /usr/local/spark/jars/jackson-databind-2.6.5.jar
7fed09560000-7fed09564000 r--s 0003c000 ca:01 1544328                    /usr/local/spark/jars/jackson-core-2.6.5.jar
7fed09564000-7fed095ee000 r--s 00647000 ca:01 1544354                    /usr/local/spark/jars/spark-sql_2.11-2.2.1.jar
7fed095ee000-7fed096f7000 r--s 00a5d000 ca:01 775575                     /usr/local/spark/lib/aws-java-sdk-1.7.4.jar
7fed096f7000-7fed096f8000 ---p 00000000 00:00 0 
7fed096f8000-7fed097f8000 rw-p 00000000 00:00 0 
7fed097f8000-7fed097fb000 ---p 00000000 00:00 0 
7fed097fb000-7fed098f9000 rw-p 00000000 00:00 0 
7fed098f9000-7fed098fc000 ---p 00000000 00:00 0 
7fed098fc000-7fed099fa000 rw-p 00000000 00:00 0 
7fed099fa000-7fed099fd000 ---p 00000000 00:00 0 
7fed099fd000-7fed09afb000 rw-p 00000000 00:00 0 
7fed09afb000-7fed09afe000 ---p 00000000 00:00 0 
7fed09afe000-7fed09bfc000 rw-p 00000000 00:00 0 
7fed09bfc000-7fed09bff000 ---p 00000000 00:00 0 
7fed09bff000-7fed09cfd000 rw-p 00000000 00:00 0 
7fed09cfd000-7fed09d00000 ---p 00000000 00:00 0 
7fed09d00000-7fed09dfe000 rw-p 00000000 00:00 0 
7fed09dfe000-7fed09dff000 ---p 00000000 00:00 0 
7fed09dff000-7fed0c000000 rw-p 00000000 00:00 0 
7fed0c000000-7fed0c034000 rw-p 00000000 00:00 0 
7fed0c034000-7fed10000000 ---p 00000000 00:00 0 
7fed10000000-7fed10001000 r--s 00009000 ca:01 1544272                    /usr/local/spark/jars/json4s-jackson_2.11-3.2.11.jar
7fed10001000-7fed10018000 r--s 00183000 ca:01 1544369                    /usr/local/spark/jars/hadoop-yarn-common-2.7.3.jar
7fed10018000-7fed10019000 r--s 0000b000 ca:01 1544276                    /usr/local/spark/jars/snappy-0.2.jar
7fed10019000-7fed10021000 r--s 00058000 ca:01 1544366                    /usr/local/spark/jars/parquet-format-2.3.1.jar
7fed10021000-7fed10022000 r--s 00000000 ca:01 1544381                    /usr/local/spark/jars/javax.inject-1.jar
7fed10022000-7fed10026000 r--s 00014000 ca:01 1544435                    /usr/local/spark/jars/xz-1.0.jar
7fed10026000-7fed10028000 r--s 00004000 ca:01 1544298                    /usr/local/spark/jars/stax-api-1.0-2.jar
7fed10028000-7fed1002f000 r--s 00058000 ca:01 1544404                    /usr/local/spark/jars/hadoop-yarn-server-common-2.7.3.jar
7fed1002f000-7fed10030000 r--s 00004000 ca:01 1544348                    /usr/local/spark/jars/opencsv-2.3.jar
7fed10030000-7fed10035000 r--s 0002a000 ca:01 1544422                    /usr/local/spark/jars/gson-2.2.4.jar
7fed10035000-7fed10037000 r--s 0001d000 ca:01 775576                     /usr/local/spark/lib/hadoop-aws-2.7.6.jar
7fed10037000-7fed1005a000 rw-p 00000000 00:00 0 
7fed1005a000-7fed10060000 r--s 0003b000 ca:01 257744                     /usr/lib/jvm/java-8-openjdk-amd64/jre/lib/ext/sunjce_provider.jar
7fed10060000-7fed1007b000 r--s 00394000 ca:01 257743                     /usr/lib/jvm/java-8-openjdk-amd64/jre/lib/ext/cldrdata.jar
7fed1007b000-7fed10096000 r--s 001d6000 ca:01 257746                     /usr/lib/jvm/java-8-openjdk-amd64/jre/lib/ext/nashorn.jar
7fed10096000-7fed11000000 rw-p 00000000 00:00 0 
7fed11000000-7fed11590000 rwxp 00000000 00:00 0 
7fed11590000-7fed20000000 ---p 00000000 00:00 0 
7fed20000000-7fed21726000 rw-p 00000000 00:00 0 
7fed21726000-7fed24000000 ---p 00000000 00:00 0 
7fed24000000-7fed24002000 r--s 00001000 ca:01 257741                     /usr/lib/jvm/java-8-openjdk-amd64/jre/lib/ext/dnsns.jar
7fed24002000-7fed2400c000 r--s 00116000 ca:01 257748                     /usr/lib/jvm/java-8-openjdk-amd64/jre/lib/ext/localedata.jar
7fed2400c000-7fed2410d000 rw-p 00000000 00:00 0 
7fed2410d000-7fed242dc000 r--s 03c2f000 ca:01 259111                     /usr/lib/jvm/java-8-openjdk-amd64/jre/lib/rt.jar
7fed242dc000-7fed24552000 rw-p 00000000 00:00 0 
7fed24552000-7fed24553000 ---p 00000000 00:00 0 
7fed24553000-7fed24653000 rw-p 00000000 00:00 0 
7fed24653000-7fed24654000 ---p 00000000 00:00 0 
7fed24654000-7fed2476d000 rw-p 00000000 00:00 0 
7fed2476d000-7fed248aa000 ---p 00000000 00:00 0 
7fed248aa000-7fed248c3000 rw-p 00000000 00:00 0 
7fed248c3000-7fed249ff000 ---p 00000000 00:00 0 
7fed249ff000-7fed24a45000 rw-p 00000000 00:00 0 
7fed24a45000-7fed24aaa000 ---p 00000000 00:00 0 
7fed24aaa000-7fed24ac2000 rw-p 00000000 00:00 0 
7fed24ac2000-7fed24e6b000 ---p 00000000 00:00 0 
7fed24e6b000-7fed24e73000 r-xp 00000000 ca:01 257774                     /usr/lib/jvm/java-8-openjdk-amd64/jre/lib/amd64/libzip.so
7fed24e73000-7fed25072000 ---p 00008000 ca:01 257774                     /usr/lib/jvm/java-8-openjdk-amd64/jre/lib/amd64/libzip.so
7fed25072000-7fed25073000 r--p 00007000 ca:01 257774                     /usr/lib/jvm/java-8-openjdk-amd64/jre/lib/amd64/libzip.so
7fed25073000-7fed25074000 rw-p 00008000 ca:01 257774                     /usr/lib/jvm/java-8-openjdk-amd64/jre/lib/amd64/libzip.so
7fed25074000-7fed2507f000 r-xp 00000000 ca:01 21469                      /lib/x86_64-linux-gnu/libnss_files-2.23.so
7fed2507f000-7fed2527e000 ---p 0000b000 ca:01 21469                      /lib/x86_64-linux-gnu/libnss_files-2.23.so
7fed2527e000-7fed2527f000 r--p 0000a000 ca:01 21469                      /lib/x86_64-linux-gnu/libnss_files-2.23.so
7fed2527f000-7fed25280000 rw-p 0000b000 ca:01 21469                      /lib/x86_64-linux-gnu/libnss_files-2.23.so
7fed25280000-7fed25286000 rw-p 00000000 00:00 0 
7fed25286000-7fed25291000 r-xp 00000000 ca:01 21473                      /lib/x86_64-linux-gnu/libnss_nis-2.23.so
7fed25291000-7fed25490000 ---p 0000b000 ca:01 21473                      /lib/x86_64-linux-gnu/libnss_nis-2.23.so
7fed25490000-7fed25491000 r--p 0000a000 ca:01 21473                      /lib/x86_64-linux-gnu/libnss_nis-2.23.so
7fed25491000-7fed25492000 rw-p 0000b000 ca:01 21473                      /lib/x86_64-linux-gnu/libnss_nis-2.23.so
7fed25492000-7fed254a8000 r-xp 00000000 ca:01 21453                      /lib/x86_64-linux-gnu/libnsl-2.23.so
7fed254a8000-7fed256a7000 ---p 00016000 ca:01 21453                      /lib/x86_64-linux-gnu/libnsl-2.23.so
7fed256a7000-7fed256a8000 r--p 00015000 ca:01 21453                      /lib/x86_64-linux-gnu/libnsl-2.23.so
7fed256a8000-7fed256a9000 rw-p 00016000 ca:01 21453                      /lib/x86_64-linux-gnu/libnsl-2.23.so
7fed256a9000-7fed256ab000 rw-p 00000000 00:00 0 
7fed256ab000-7fed256b3000 r-xp 00000000 ca:01 21464                      /lib/x86_64-linux-gnu/libnss_compat-2.23.so
7fed256b3000-7fed258b2000 ---p 00008000 ca:01 21464                      /lib/x86_64-linux-gnu/libnss_compat-2.23.so
7fed258b2000-7fed258b3000 r--p 00007000 ca:01 21464                      /lib/x86_64-linux-gnu/libnss_compat-2.23.so
7fed258b3000-7fed258b4000 rw-p 00008000 ca:01 21464                      /lib/x86_64-linux-gnu/libnss_compat-2.23.so
7fed258b4000-7fed258e1000 r-xp 00000000 ca:01 257765                     /usr/lib/jvm/java-8-openjdk-amd64/jre/lib/amd64/libjava.so
7fed258e1000-7fed25ae0000 ---p 0002d000 ca:01 257765                     /usr/lib/jvm/java-8-openjdk-amd64/jre/lib/amd64/libjava.so
7fed25ae0000-7fed25ae1000 r--p 0002c000 ca:01 257765                     /usr/lib/jvm/java-8-openjdk-amd64/jre/lib/amd64/libjava.so
7fed25ae1000-7fed25ae3000 rw-p 0002d000 ca:01 257765                     /usr/lib/jvm/java-8-openjdk-amd64/jre/lib/amd64/libjava.so
7fed25ae3000-7fed25af2000 r-xp 00000000 ca:01 257751                     /usr/lib/jvm/java-8-openjdk-amd64/jre/lib/amd64/libverify.so
7fed25af2000-7fed25cf1000 ---p 0000f000 ca:01 257751                     /usr/lib/jvm/java-8-openjdk-amd64/jre/lib/amd64/libverify.so
7fed25cf1000-7fed25cf3000 r--p 0000e000 ca:01 257751                     /usr/lib/jvm/java-8-openjdk-amd64/jre/lib/amd64/libverify.so
7fed25cf3000-7fed25cf4000 rw-p 00010000 ca:01 257751                     /usr/lib/jvm/java-8-openjdk-amd64/jre/lib/amd64/libverify.so
7fed25cf4000-7fed25cfb000 r-xp 00000000 ca:01 21474                      /lib/x86_64-linux-gnu/librt-2.23.so
7fed25cfb000-7fed25efa000 ---p 00007000 ca:01 21474                      /lib/x86_64-linux-gnu/librt-2.23.so
7fed25efa000-7fed25efb000 r--p 00006000 ca:01 21474                      /lib/x86_64-linux-gnu/librt-2.23.so
7fed25efb000-7fed25efc000 rw-p 00007000 ca:01 21474                      /lib/x86_64-linux-gnu/librt-2.23.so
7fed25efc000-7fed25f12000 r-xp 00000000 ca:01 2038                       /lib/x86_64-linux-gnu/libgcc_s.so.1
7fed25f12000-7fed26111000 ---p 00016000 ca:01 2038                       /lib/x86_64-linux-gnu/libgcc_s.so.1
7fed26111000-7fed26112000 rw-p 00015000 ca:01 2038                       /lib/x86_64-linux-gnu/libgcc_s.so.1
7fed26112000-7fed2621a000 r-xp 00000000 ca:01 21452                      /lib/x86_64-linux-gnu/libm-2.23.so
7fed2621a000-7fed26419000 ---p 00108000 ca:01 21452                      /lib/x86_64-linux-gnu/libm-2.23.so
7fed26419000-7fed2641a000 r--p 00107000 ca:01 21452                      /lib/x86_64-linux-gnu/libm-2.23.so
7fed2641a000-7fed2641b000 rw-p 00108000 ca:01 21452                      /lib/x86_64-linux-gnu/libm-2.23.so
7fed2641b000-7fed2658d000 r-xp 00000000 ca:01 2077                       /usr/lib/x86_64-linux-gnu/libstdc++.so.6.0.21
7fed2658d000-7fed2678d000 ---p 00172000 ca:01 2077                       /usr/lib/x86_64-linux-gnu/libstdc++.so.6.0.21
7fed2678d000-7fed26797000 r--p 00172000 ca:01 2077                       /usr/lib/x86_64-linux-gnu/libstdc++.so.6.0.21
7fed26797000-7fed26799000 rw-p 0017c000 ca:01 2077                       /usr/lib/x86_64-linux-gnu/libstdc++.so.6.0.21
7fed26799000-7fed2679d000 rw-p 00000000 00:00 0 
7fed2679d000-7fed273f6000 r-xp 00000000 ca:01 259087                     /usr/lib/jvm/java-8-openjdk-amd64/jre/lib/amd64/server/libjvm.so
7fed273f6000-7fed275f6000 ---p 00c59000 ca:01 259087                     /usr/lib/jvm/java-8-openjdk-amd64/jre/lib/amd64/server/libjvm.so
7fed275f6000-7fed27689000 r--p 00c59000 ca:01 259087                     /usr/lib/jvm/java-8-openjdk-amd64/jre/lib/amd64/server/libjvm.so
7fed27689000-7fed276b2000 rw-p 00cec000 ca:01 259087                     /usr/lib/jvm/java-8-openjdk-amd64/jre/lib/amd64/server/libjvm.so
7fed276b2000-7fed276e2000 rw-p 00000000 00:00 0 
7fed276e2000-7fed276fa000 r-xp 00000000 ca:01 21455                      /lib/x86_64-linux-gnu/libpthread-2.23.so
7fed276fa000-7fed278f9000 ---p 00018000 ca:01 21455                      /lib/x86_64-linux-gnu/libpthread-2.23.so
7fed278f9000-7fed278fa000 r--p 00017000 ca:01 21455                      /lib/x86_64-linux-gnu/libpthread-2.23.so
7fed278fa000-7fed278fb000 rw-p 00018000 ca:01 21455                      /lib/x86_64-linux-gnu/libpthread-2.23.so
7fed278fb000-7fed278ff000 rw-p 00000000 00:00 0 
7fed278ff000-7fed27902000 r-xp 00000000 ca:01 21458                      /lib/x86_64-linux-gnu/libdl-2.23.so
7fed27902000-7fed27b01000 ---p 00003000 ca:01 21458                      /lib/x86_64-linux-gnu/libdl-2.23.so
7fed27b01000-7fed27b02000 r--p 00002000 ca:01 21458                      /lib/x86_64-linux-gnu/libdl-2.23.so
7fed27b02000-7fed27b03000 rw-p 00003000 ca:01 21458                      /lib/x86_64-linux-gnu/libdl-2.23.so
7fed27b03000-7fed27b1c000 r-xp 00000000 ca:01 2192                       /lib/x86_64-linux-gnu/libz.so.1.2.8
7fed27b1c000-7fed27d1b000 ---p 00019000 ca:01 2192                       /lib/x86_64-linux-gnu/libz.so.1.2.8
7fed27d1b000-7fed27d1c000 r--p 00018000 ca:01 2192                       /lib/x86_64-linux-gnu/libz.so.1.2.8
7fed27d1c000-7fed27d1d000 rw-p 00019000 ca:01 2192                       /lib/x86_64-linux-gnu/libz.so.1.2.8
7fed27d1d000-7fed27edd000 r-xp 00000000 ca:01 21456                      /lib/x86_64-linux-gnu/libc-2.23.so
7fed27edd000-7fed280dd000 ---p 001c0000 ca:01 21456                      /lib/x86_64-linux-gnu/libc-2.23.so
7fed280dd000-7fed280e1000 r--p 001c0000 ca:01 21456                      /lib/x86_64-linux-gnu/libc-2.23.so
7fed280e1000-7fed280e3000 rw-p 001c4000 ca:01 21456                      /lib/x86_64-linux-gnu/libc-2.23.so
7fed280e3000-7fed280e7000 rw-p 00000000 00:00 0 
7fed280e7000-7fed280f4000 r-xp 00000000 ca:01 257776                     /usr/lib/jvm/java-8-openjdk-amd64/jre/lib/amd64/jli/libjli.so
7fed280f4000-7fed282f4000 ---p 0000d000 ca:01 257776                     /usr/lib/jvm/java-8-openjdk-amd64/jre/lib/amd64/jli/libjli.so
7fed282f4000-7fed282f5000 r--p 0000d000 ca:01 257776                     /usr/lib/jvm/java-8-openjdk-amd64/jre/lib/amd64/jli/libjli.so
7fed282f5000-7fed282f6000 rw-p 0000e000 ca:01 257776                     /usr/lib/jvm/java-8-openjdk-amd64/jre/lib/amd64/jli/libjli.so
7fed282f6000-7fed2831c000 r-xp 00000000 ca:01 21454                      /lib/x86_64-linux-gnu/ld-2.23.so
7fed2831c000-7fed2831f000 r--s 00038000 ca:01 257742                     /usr/lib/jvm/java-8-openjdk-amd64/jre/lib/ext/sunpkcs11.jar
7fed2831f000-7fed28404000 rw-p 00000000 00:00 0 
7fed28404000-7fed2840c000 rw-s 00000000 ca:01 776300                     /tmp/hsperfdata_ubuntu/24706
7fed2840c000-7fed2840f000 ---p 00000000 00:00 0 
7fed2840f000-7fed28511000 rw-p 00000000 00:00 0 
7fed28511000-7fed28512000 r--s 0000a000 ca:01 257747                     /usr/lib/jvm/java-8-openjdk-amd64/jre/lib/ext/jaccess.jar
7fed28512000-7fed28514000 r--s 00008000 ca:01 257739                     /usr/lib/jvm/java-8-openjdk-amd64/jre/lib/ext/sunec.jar
7fed28514000-7fed28515000 r--s 00010000 ca:01 257740                     /usr/lib/jvm/java-8-openjdk-amd64/jre/lib/ext/zipfs.jar
7fed28515000-7fed28518000 r--s 0000f000 ca:01 257745                     /usr/lib/jvm/java-8-openjdk-amd64/jre/lib/ext/icedtea-sound.jar
7fed28518000-7fed28519000 rw-p 00000000 00:00 0 
7fed28519000-7fed2851a000 ---p 00000000 00:00 0 
7fed2851a000-7fed2851b000 rw-p 00000000 00:00 0 
7fed2851b000-7fed2851c000 r--p 00025000 ca:01 21454                      /lib/x86_64-linux-gnu/ld-2.23.so
7fed2851c000-7fed2851d000 rw-p 00026000 ca:01 21454                      /lib/x86_64-linux-gnu/ld-2.23.so
7fed2851d000-7fed2851e000 rw-p 00000000 00:00 0 
7fff86576000-7fff86597000 rw-p 00000000 00:00 0                          [stack]
7fff865af000-7fff865b1000 r--p 00000000 00:00 0                          [vvar]
7fff865b1000-7fff865b3000 r-xp 00000000 00:00 0                          [vdso]
ffffffffff600000-ffffffffff601000 r-xp 00000000 00:00 0                  [vsyscall]

VM Arguments:
jvm_args: -Xmx1g 
java_command: org.apache.spark.deploy.SparkSubmit --master spark://ec2-35-160-167-99.us-west-2.compute.amazonaws.com:7077 --class PriceDataStreaming --jars target/scala-2.11/streamhits-assembly-1.0.jar target/scala-2.11/streamhits-assembly-1.0.jar
java_class_path (initial): /usr/local/spark/lib/aws-java-sdk-1.7.4.jar:/usr/local/spark/lib/hadoop-aws-2.7.6.jar:/usr/local/spark/conf/:/usr/local/spark/jars/spark-sql_2.11-2.2.1.jar:/usr/local/spark/jars/gson-2.2.4.jar:/usr/local/spark/jars/opencsv-2.3.jar:/usr/local/spark/jars/hadoop-yarn-server-common-2.7.3.jar:/usr/local/spark/jars/stax-api-1.0-2.jar:/usr/local/spark/jars/xz-1.0.jar:/usr/local/spark/jars/javax.inject-1.jar:/usr/local/spark/jars/parquet-format-2.3.1.jar:/usr/local/spark/jars/snappy-0.2.jar:/usr/local/spark/jars/hadoop-yarn-common-2.7.3.jar:/usr/local/spark/jars/json4s-jackson_2.11-3.2.11.jar:/usr/local/spark/jars/jackson-core-2.6.5.jar:/usr/local/spark/jars/jackson-databind-2.6.5.jar:/usr/local/spark/jars/parquet-hadoop-bundle-1.6.0.jar:/usr/local/spark/jars/commons-lang3-3.5.jar:/usr/local/spark/jars/jackson-module-paranamer-2.6.5.jar:/usr/local/spark/jars/spark-core_2.11-2.2.1.jar:/usr/local/spark/jars/chill-java-0.8.0.jar:/usr/local/spark/jars/jersey-common-2.22.2.jar:/usr/local/spark/jars/datanucleus-rdbms-3.2.9.jar:/usr/local/spark/jars/hadoop-mapreduce-client-common-2.7.3.jar:/usr/local/spark/jars/spark-repl_2.11-2.2.1.jar:/usr/local/spark/jars/jersey-container-servlet-core-2.22.2.jar:/usr/local/spark/jars/netty-all-4.0.43.Final.jar:/usr/local/spark/jars/hive-jdbc-1.2.1.spark2.jar:/usr/local/spark/jars/commons-math3-3.4.1.jar:/usr/local/spark/jars/spark-hive-thriftserver_2.11-2.2.1.jar:/usr/local/spark/jars/hadoop-mapreduce-client-app-2.7.3.jar:/usr/local/spark/jars/datanucleus-core-3.2.10.jar:/usr/local/spark/jars/httpclient-4.5.2.jar:/usr/local/spark/jars/hive-cli-1.2.1.spark2.jar:/usr/local/spark/jars/slf4j-log4j12-1.7.16.jar:/usr/local/spark/jars/scala-reflect-2.11.8.jar:/usr/local/spark/jars/parquet-encoding-1.8.2.jar:/usr/local/spark/jars/aopalliance-1.0.jar:/usr/local/spark/jars/zookeeper-3.4.6.jar:/usr/local/spark/jars/spark-mllib-local_2.11-2.2.1.jar:/usr/local/spark/jars/protobuf-java-2.5.0.jar:/usr/local/spark/jars/spark-stream
Launcher Type: SUN_STANDARD

Environment Variables:
JAVA_HOME=/usr
PATH=/home/ubuntu/bin:/home/ubuntu/.local/bin:/usr/local/bin:/usr/bin:/bin:/usr/local/games:/usr/games:/snap/bin:/usr/bin:/usr/local/hadoop/bin:/usr/local/spark/bin:/usr/local/zookeeper/bin:/usr/local/kafka/bin:/usr/local/cassandra/bin
SHELL=/bin/bash

Signal Handlers:
SIGSEGV: [libjvm.so+0xa6e6f0], sa_mask[0]=11111111011111111101111111111110, sa_flags=SA_RESTART|SA_SIGINFO
SIGBUS: [libjvm.so+0xa6e6f0], sa_mask[0]=11111111011111111101111111111110, sa_flags=SA_RESTART|SA_SIGINFO
SIGFPE: [libjvm.so+0x8b5d50], sa_mask[0]=11111111011111111101111111111110, sa_flags=SA_RESTART|SA_SIGINFO
SIGPIPE: [libjvm.so+0x8b5d50], sa_mask[0]=11111111011111111101111111111110, sa_flags=SA_RESTART|SA_SIGINFO
SIGXFSZ: [libjvm.so+0x8b5d50], sa_mask[0]=11111111011111111101111111111110, sa_flags=SA_RESTART|SA_SIGINFO
SIGILL: [libjvm.so+0x8b5d50], sa_mask[0]=11111111011111111101111111111110, sa_flags=SA_RESTART|SA_SIGINFO
SIGUSR1: SIG_DFL, sa_mask[0]=00000000000000000000000000000000, sa_flags=none
SIGUSR2: [libjvm.so+0x8b5c00], sa_mask[0]=00000000000000000000000000000000, sa_flags=SA_RESTART|SA_SIGINFO
SIGHUP: [libjvm.so+0x8b60d0], sa_mask[0]=11111111011111111101111111111110, sa_flags=SA_RESTART|SA_SIGINFO
SIGINT: [libjvm.so+0x8b60d0], sa_mask[0]=11111111011111111101111111111110, sa_flags=SA_RESTART|SA_SIGINFO
SIGTERM: [libjvm.so+0x8b60d0], sa_mask[0]=11111111011111111101111111111110, sa_flags=SA_RESTART|SA_SIGINFO
SIGQUIT: [libjvm.so+0x8b60d0], sa_mask[0]=11111111011111111101111111111110, sa_flags=SA_RESTART|SA_SIGINFO


---------------  S Y S T E M  ---------------

OS:DISTRIB_ID=Ubuntu
DISTRIB_RELEASE=16.04
DISTRIB_CODENAME=xenial
DISTRIB_DESCRIPTION="Ubuntu 16.04.2 LTS"

uname:Linux 4.4.0-1022-aws #31-Ubuntu SMP Tue Jun 27 11:27:55 UTC 2017 x86_64
libc:glibc 2.23 NPTL 2.23 
rlimit: STACK 8192k, CORE 0k, NPROC 31868, NOFILE 1048576, AS infinity
load average:0.66 0.80 1.25

/proc/meminfo:
MemTotal:        8173984 kB
MemFree:          155440 kB
MemAvailable:      57736 kB
Buffers:            2088 kB
Cached:            71816 kB
SwapCached:            0 kB
Active:          7832728 kB
Inactive:          49388 kB
Active(anon):    7814020 kB
Inactive(anon):    30344 kB
Active(file):      18708 kB
Inactive(file):    19044 kB
Unevictable:        3660 kB
Mlocked:            3660 kB
SwapTotal:             0 kB
SwapFree:              0 kB
Dirty:               332 kB
Writeback:             0 kB
AnonPages:       7811900 kB
Mapped:            28964 kB
Shmem:             33740 kB
Slab:              60856 kB
SReclaimable:      34756 kB
SUnreclaim:        26100 kB
KernelStack:       14848 kB
PageTables:        24924 kB
NFS_Unstable:          0 kB
Bounce:                0 kB
WritebackTmp:          0 kB
CommitLimit:     4086992 kB
Committed_AS:    9758552 kB
VmallocTotal:   34359738367 kB
VmallocUsed:           0 kB
VmallocChunk:          0 kB
HardwareCorrupted:     0 kB
AnonHugePages:   6557696 kB
CmaTotal:              0 kB
CmaFree:               0 kB
HugePages_Total:       0
HugePages_Free:        0
HugePages_Rsvd:        0
HugePages_Surp:        0
Hugepagesize:       2048 kB
DirectMap4k:       63488 kB
DirectMap2M:     4130816 kB
DirectMap1G:     5242880 kB


CPU:total 2 (initial active 2) (1 cores per cpu, 2 threads per core) family 6 model 79 stepping 1, cmov, cx8, fxsr, mmx, sse, sse2, sse3, ssse3, sse4.1, sse4.2, popcnt, avx, avx2, aes, clmul, erms, lzcnt, ht, tsc, bmi1, bmi2

/proc/cpuinfo:
processor	: 0
vendor_id	: GenuineIntel
cpu family	: 6
model		: 79
model name	: Intel(R) Xeon(R) CPU E5-2686 v4 @ 2.30GHz
stepping	: 1
microcode	: 0xb000025
cpu MHz		: 2300.050
cache size	: 46080 KB
physical id	: 0
siblings	: 2
core id		: 0
cpu cores	: 1
apicid		: 0
initial apicid	: 0
fpu		: yes
fpu_exception	: yes
cpuid level	: 13
wp		: yes
flags		: fpu vme de pse tsc msr pae mce cx8 apic sep mtrr pge mca cmov pat pse36 clflush mmx fxsr sse sse2 ht syscall nx pdpe1gb rdtscp lm constant_tsc rep_good nopl xtopology eagerfpu pni pclmulqdq ssse3 fma cx16 pcid sse4_1 sse4_2 x2apic movbe popcnt tsc_deadline_timer aes xsave avx f16c rdrand hypervisor lahf_lm abm fsgsbase bmi1 avx2 smep bmi2 erms invpcid xsaveopt
bugs		:
bogomips	: 4600.10
clflush size	: 64
cache_alignment	: 64
address sizes	: 46 bits physical, 48 bits virtual
power management:

processor	: 1
vendor_id	: GenuineIntel
cpu family	: 6
model		: 79
model name	: Intel(R) Xeon(R) CPU E5-2686 v4 @ 2.30GHz
stepping	: 1
microcode	: 0xb000025
cpu MHz		: 2300.050
cache size	: 46080 KB
physical id	: 0
siblings	: 2
core id		: 0
cpu cores	: 1
apicid		: 1
initial apicid	: 1
fpu		: yes
fpu_exception	: yes
cpuid level	: 13
wp		: yes
flags		: fpu vme de pse tsc msr pae mce cx8 apic sep mtrr pge mca cmov pat pse36 clflush mmx fxsr sse sse2 ht syscall nx pdpe1gb rdtscp lm constant_tsc rep_good nopl xtopology eagerfpu pni pclmulqdq ssse3 fma cx16 pcid sse4_1 sse4_2 x2apic movbe popcnt tsc_deadline_timer aes xsave avx f16c rdrand hypervisor lahf_lm abm fsgsbase bmi1 avx2 smep bmi2 erms invpcid xsaveopt
bugs		:
bogomips	: 4600.10
clflush size	: 64
cache_alignment	: 64
address sizes	: 46 bits physical, 48 bits virtual
power management:



Memory: 4k page, physical 8173984k(155440k free), swap 0k(0k free)

vm_info: OpenJDK 64-Bit Server VM (25.171-b11) for linux-amd64 JRE (1.8.0_171-8u171-b11-0ubuntu0.16.04.1-b11), built on Apr 27 2018 17:19:03 by "buildd" with gcc 5.4.0 20160609

time: Wed May 16 19:10:59 2018
elapsed time: 10 seconds (0d 0h 0m 10s)

