#
# There is insufficient memory for the Java Runtime Environment to continue.
# Native memory allocation (mmap) failed to map 26214400 bytes for committing reserved memory.
# Possible reasons:
#   The system is out of physical RAM or swap space
#   In 32 bit mode, the process size limit was hit
# Possible solutions:
#   Reduce memory load on the system
#   Increase physical memory or swap space
#   Check if swap backing store is full
#   Use 64 bit Java on a 64 bit OS
#   Decrease Java heap size (-Xmx/-Xms)
#   Decrease number of Java threads
#   Decrease Java thread stack sizes (-Xss)
#   Set larger code cache with -XX:ReservedCodeCacheSize=
# This output file may be truncated or incomplete.
#
#  Out of Memory Error (os_linux.cpp:2643), pid=26135, tid=0x00007f3613bfb700
#
# JRE version: OpenJDK Runtime Environment (8.0_171-b11) (build 1.8.0_171-8u171-b11-0ubuntu0.16.04.1-b11)
# Java VM: OpenJDK 64-Bit Server VM (25.171-b11 mixed mode linux-amd64 compressed oops)
# Failed to write core dump. Core dumps have been disabled. To enable core dumping, try "ulimit -c unlimited" before starting Java again
#

---------------  T H R E A D  ---------------

Current thread (0x00007f3628079000):  VMThread [stack: 0x00007f3613afb000,0x00007f3613bfc000] [id=26154]

Stack: [0x00007f3613afb000,0x00007f3613bfc000],  sp=0x00007f3613bfa460,  free space=1021k
Native frames: (J=compiled Java code, j=interpreted, Vv=VM code, C=native code)
V  [libjvm.so+0xa6db9b]
V  [libjvm.so+0x4c694c]
V  [libjvm.so+0x8ba818]
V  [libjvm.so+0x8b4bae]
V  [libjvm.so+0x92ff96]
V  [libjvm.so+0x91f62a]
V  [libjvm.so+0x91f833]
V  [libjvm.so+0x920198]
V  [libjvm.so+0x92645e]
V  [libjvm.so+0x9267ec]
V  [libjvm.so+0x44aa43]
V  [libjvm.so+0xa6f129]
V  [libjvm.so+0xa74a07]
V  [libjvm.so+0xa72107]
V  [libjvm.so+0xa7358f]
V  [libjvm.so+0xa73a81]
V  [libjvm.so+0x8b7c22]

VM_Operation (0x00007f360a97cf90): CollectForMetadataAllocation, mode: safepoint, requested by thread 0x0000000001bb0800


---------------  P R O C E S S  ---------------

Java Threads: ( => current thread )
  0x00007f35e0674000 JavaThread "org.apache.hadoop.fs.FileSystem$Statistics$StatisticsDataReferenceCleaner" daemon [_thread_blocked, id=26219, stack(0x00007f36080f9000,0x00007f36081fa000)]
  0x0000000001bb0800 JavaThread "streaming-job-executor-0" daemon [_thread_blocked, id=26209, stack(0x00007f360a87f000,0x00007f360a980000)]
  0x00007f361400e000 JavaThread "metrics-meter-tick-thread-2" daemon [_thread_blocked, id=26203, stack(0x00007f36089fe000,0x00007f3608aff000)]
  0x00007f360c066800 JavaThread "RecurringTimer - JobGenerator" daemon [_thread_blocked, id=26202, stack(0x00007f36083fa000,0x00007f36084fb000)]
  0x00007f360c065000 JavaThread "ForkJoinPool-1-worker-1" daemon [_thread_blocked, id=26201, stack(0x00007f36084fb000,0x00007f36085fc000)]
  0x00007f360c035800 JavaThread "JobGenerator" daemon [_thread_blocked, id=26200, stack(0x00007f36087fc000,0x00007f36088fd000)]
  0x00007f360c032800 JavaThread "JobScheduler" daemon [_thread_blocked, id=26199, stack(0x00007f36088fd000,0x00007f36089fe000)]
  0x00007f36298fe800 JavaThread "metrics-meter-tick-thread-1" daemon [_thread_blocked, id=26197, stack(0x00007f3608cff000,0x00007f3608e00000)]
  0x00007f3629871000 JavaThread "SparkListenerBus" daemon [_thread_blocked, id=26196, stack(0x00007f3609278000,0x00007f3609379000)]
  0x00007f362986b000 JavaThread "context-cleaner-periodic-gc" daemon [_thread_blocked, id=26195, stack(0x00007f3609379000,0x00007f360947a000)]
  0x00007f3629869000 JavaThread "Spark Context Cleaner" daemon [_thread_blocked, id=26194, stack(0x00007f360947a000,0x00007f360957b000)]
  0x00007f3629710800 JavaThread "shuffle-server-5-1" daemon [_thread_blocked, id=26193, stack(0x00007f360adf2000,0x00007f360aef3000)]
  0x00007f35ec6c0800 JavaThread "rpc-client-1-1" daemon [_thread_in_native, id=26192, stack(0x00007f360a57c000,0x00007f360a67d000)]
  0x00007f35e400a000 JavaThread "netty-rpc-connection-0" daemon [_thread_blocked, id=26191, stack(0x00007f360a67d000,0x00007f360a77e000)]
  0x00007f35d800b800 JavaThread "appclient-registration-retry-thread" daemon [_thread_blocked, id=26190, stack(0x00007f360a77e000,0x00007f360a87f000)]
  0x00007f35d8007000 JavaThread "driver-revive-thread" daemon [_thread_blocked, id=26188, stack(0x00007f360a980000,0x00007f360aa81000)]
  0x00007f36296bd800 JavaThread "dag-scheduler-event-loop" daemon [_thread_blocked, id=26187, stack(0x00007f360aa81000,0x00007f360ab82000)]
  0x0000000001b0d800 JavaThread "netty-rpc-env-timeout" daemon [_thread_blocked, id=26186, stack(0x00007f360b0f3000,0x00007f360b1f4000)]
  0x00007f3629566000 JavaThread "Timer-0" daemon [_thread_blocked, id=26185, stack(0x00007f360b1f4000,0x00007f360b2f5000)]
  0x00007f35dc00b800 JavaThread "heartbeat-receiver-event-loop-thread" daemon [_thread_blocked, id=26184, stack(0x00007f360b2f5000,0x00007f360b3f6000)]
  0x00007f36294ba000 JavaThread "SparkUI-34" daemon [_thread_blocked, id=26183, stack(0x00007f360b3f6000,0x00007f360b4f7000)]
  0x00007f36294b8000 JavaThread "SparkUI-33" daemon [_thread_blocked, id=26182, stack(0x00007f360b4f7000,0x00007f360b5f8000)]
  0x00007f36294b6000 JavaThread "SparkUI-32" daemon [_thread_blocked, id=26181, stack(0x00007f360b5f8000,0x00007f360b6f9000)]
  0x00007f36294b4000 JavaThread "SparkUI-31" daemon [_thread_blocked, id=26180, stack(0x00007f360b6f9000,0x00007f360b7fa000)]
  0x00007f36294b2000 JavaThread "SparkUI-30" daemon [_thread_blocked, id=26179, stack(0x00007f360b7fa000,0x00007f360b8fb000)]
  0x00007f36294b0000 JavaThread "SparkUI-29" daemon [_thread_blocked, id=26178, stack(0x00007f360b8fb000,0x00007f360b9fc000)]
  0x00007f36294ae800 JavaThread "SparkUI-28-acceptor-0@4f686943-ServerConnector@41af9ede{HTTP/1.1,[http/1.1]}{0.0.0.0:4041}" daemon [_thread_in_native, id=26177, stack(0x00007f360b9fc000,0x00007f360bafd000)]
  0x00007f36294a8800 JavaThread "SparkUI-27" daemon [_thread_in_native, id=26176, stack(0x00007f360bafd000,0x00007f360bbfe000)]
  0x00007f362929f000 JavaThread "map-output-dispatcher-7" daemon [_thread_blocked, id=26175, stack(0x00007f360bdfe000,0x00007f360beff000)]
  0x00007f362929d000 JavaThread "map-output-dispatcher-6" daemon [_thread_blocked, id=26174, stack(0x00007f360beff000,0x00007f360c000000)]
  0x00007f362929b800 JavaThread "map-output-dispatcher-5" daemon [_thread_blocked, id=26173, stack(0x00007f3610045000,0x00007f3610146000)]
  0x00007f362929a000 JavaThread "map-output-dispatcher-4" daemon [_thread_blocked, id=26172, stack(0x00007f3610146000,0x00007f3610247000)]
  0x00007f3629298000 JavaThread "map-output-dispatcher-3" daemon [_thread_blocked, id=26171, stack(0x00007f3610247000,0x00007f3610348000)]
  0x00007f3629296800 JavaThread "map-output-dispatcher-2" daemon [_thread_blocked, id=26170, stack(0x00007f3610348000,0x00007f3610449000)]
  0x00007f362928f800 JavaThread "map-output-dispatcher-1" daemon [_thread_blocked, id=26169, stack(0x00007f3610449000,0x00007f361054a000)]
  0x00007f362928d800 JavaThread "map-output-dispatcher-0" daemon [_thread_blocked, id=26168, stack(0x00007f361054a000,0x00007f361064b000)]
  0x00007f3628281000 JavaThread "rpc-server-3-1" daemon [_thread_blocked, id=26167, stack(0x00007f36108ee000,0x00007f36109ef000)]
  0x00007f36290bd000 JavaThread "dispatcher-event-loop-1" daemon [_thread_blocked, id=26166, stack(0x00007f3610e15000,0x00007f3610f16000)]
  0x00007f36290bc000 JavaThread "dispatcher-event-loop-0" daemon [_thread_blocked, id=26165, stack(0x00007f3611318000,0x00007f3611419000)]
  0x00007f362906c800 JavaThread "process reaper" daemon [_thread_blocked, id=26163, stack(0x00007f3611419000,0x00007f3611452000)]
  0x00007f36280b8000 JavaThread "Service Thread" daemon [_thread_blocked, id=26160, stack(0x00007f36134f5000,0x00007f36135f6000)]
  0x00007f36280b0800 JavaThread "C1 CompilerThread1" daemon [_thread_blocked, id=26159, stack(0x00007f36135f6000,0x00007f36136f7000)]
  0x00007f36280ad800 JavaThread "C2 CompilerThread0" daemon [_thread_blocked, id=26158, stack(0x00007f36136f7000,0x00007f36137f8000)]
  0x00007f36280ab800 JavaThread "Signal Dispatcher" daemon [_thread_blocked, id=26157, stack(0x00007f36137f8000,0x00007f36138f9000)]
  0x00007f3628085000 JavaThread "Finalizer" daemon [_thread_blocked, id=26156, stack(0x00007f36138f9000,0x00007f36139fa000)]
  0x00007f3628080800 JavaThread "Reference Handler" daemon [_thread_blocked, id=26155, stack(0x00007f36139fa000,0x00007f3613afb000)]
  0x00007f362800f800 JavaThread "main" [_thread_blocked, id=26151, stack(0x00007f3631f0f000,0x00007f3632010000)]

Other Threads:
=>0x00007f3628079000 VMThread [stack: 0x00007f3613afb000,0x00007f3613bfc000] [id=26154]
  0x00007f36280ba800 WatcherThread [stack: 0x00007f36133f4000,0x00007f36134f5000] [id=26161]

VM state:at safepoint (normal execution)

VM Mutex/Monitor currently owned by a thread:  ([mutex/lock_event])
[0x00007f362800b4a0] ExpandHeap_lock - owner thread: 0x00007f3628079000
[0x00007f362800bb20] Threads_lock - owner thread: 0x00007f3628079000
[0x00007f362800c020] Heap_lock - owner thread: 0x0000000001bb0800

Heap:
 PSYoungGen      total 117760K, used 0K [0x00000000eab00000, 0x00000000f3880000, 0x0000000100000000)
  eden space 103936K, 0% used [0x00000000eab00000,0x00000000eab00000,0x00000000f1080000)
  from space 13824K, 0% used [0x00000000f1e80000,0x00000000f1e80000,0x00000000f2c00000)
  to   space 14336K, 0% used [0x00000000f1080000,0x00000000f1080000,0x00000000f1e80000)
 ParOldGen       total 101888K, used 34382K [0x00000000c0000000, 0x00000000c6380000, 0x00000000eab00000)
  object space 101888K, 33% used [0x00000000c0000000,0x00000000c21939a8,0x00000000c6380000)
 Metaspace       used 58501K, capacity 58786K, committed 59028K, reserved 1099776K
  class space    used 8539K, capacity 8611K, committed 8704K, reserved 1048576K

Card table byte_map: [0x00007f362e3ad000,0x00007f362e5ae000] byte_map_base: 0x00007f362ddad000

Marking Bits: (ParMarkBitMap*) 0x00007f36311c8320
 Begin Bits: [0x00007f362c055000, 0x00007f362d055000)
 End Bits:   [0x00007f362d055000, 0x00007f362e055000)

Polling page: 0x00007f363201c000

CodeCache: size=245760Kb used=10972Kb max_used=10982Kb free=234787Kb
 bounds [0x00007f3619000000, 0x00007f3619ad0000, 0x00007f3628000000]
 total_blobs=4483 nmethods=3939 adapters=457
 compilation: enabled

Compilation events (10 events):
Event: 53.790 Thread 0x00007f36280b0800 4188       1       org.apache.spark.sql.catalyst.expressions.objects.CreateExternalRow::productArity (2 bytes)
Event: 53.790 Thread 0x00007f36280b0800 nmethod 4188 0x00007f3619ac1fd0 code [0x00007f3619ac2120, 0x00007f3619ac2230]
Event: 53.790 Thread 0x00007f36280b0800 4164       1       scala.collection.TraversableLike$class::isTraversableAgain (2 bytes)
Event: 53.791 Thread 0x00007f36280b0800 nmethod 4164 0x00007f3619abc890 code [0x00007f3619abc9e0, 0x00007f3619abcad0]
Event: 53.791 Thread 0x00007f36280b0800 4173       1       org.apache.spark.sql.catalyst.plans.logical.SerializeFromObject::serializer (5 bytes)
Event: 53.791 Thread 0x00007f36280b0800 nmethod 4173 0x00007f3619abc5d0 code [0x00007f3619abc720, 0x00007f3619abc830]
Event: 53.792 Thread 0x00007f36280ad800 nmethod 4194 0x00007f3619abad10 code [0x00007f3619abae60, 0x00007f3619abaf98]
Event: 54.201 Thread 0x00007f36280ad800 4195   !   4       java.net.URL::<init> (543 bytes)
Event: 54.269 Thread 0x00007f36280b0800 4196       3       org.apache.spark.internal.Logging$class::$init$ (8 bytes)
Event: 54.311 Thread 0x00007f36280b0800 nmethod 4196 0x00007f3619aba8d0 code [0x00007f3619abaa40, 0x00007f3619abac48]

GC Heap History (10 events):
Event: 47.273 GC heap after
Heap after GC invocations=12 (full 2):
 PSYoungGen      total 68096K, used 6260K [0x00000000eab00000, 0x00000000ef900000, 0x0000000100000000)
  eden space 61440K, 0% used [0x00000000eab00000,0x00000000eab00000,0x00000000ee700000)
  from space 6656K, 94% used [0x00000000ef280000,0x00000000ef89d078,0x00000000ef900000)
  to   space 7680K, 0% used [0x00000000eea00000,0x00000000eea00000,0x00000000ef180000)
 ParOldGen       total 101888K, used 26030K [0x00000000c0000000, 0x00000000c6380000, 0x00000000eab00000)
  object space 101888K, 25% used [0x00000000c0000000,0x00000000c196b900,0x00000000c6380000)
 Metaspace       used 40347K, capacity 40638K, committed 40960K, reserved 1085440K
  class space    used 5768K, capacity 5853K, committed 5888K, reserved 1048576K
}
Event: 48.541 GC heap before
{Heap before GC invocations=13 (full 2):
 PSYoungGen      total 68096K, used 67700K [0x00000000eab00000, 0x00000000ef900000, 0x0000000100000000)
  eden space 61440K, 100% used [0x00000000eab00000,0x00000000ee700000,0x00000000ee700000)
  from space 6656K, 94% used [0x00000000ef280000,0x00000000ef89d078,0x00000000ef900000)
  to   space 7680K, 0% used [0x00000000eea00000,0x00000000eea00000,0x00000000ef180000)
 ParOldGen       total 101888K, used 26030K [0x00000000c0000000, 0x00000000c6380000, 0x00000000eab00000)
  object space 101888K, 25% used [0x00000000c0000000,0x00000000c196b900,0x00000000c6380000)
 Metaspace       used 46200K, capacity 46480K, committed 46848K, reserved 1089536K
  class space    used 6725K, capacity 6816K, committed 6912K, reserved 1048576K
Event: 48.556 GC heap after
Heap after GC invocations=13 (full 2):
 PSYoungGen      total 72192K, used 7652K [0x00000000eab00000, 0x00000000f0c80000, 0x0000000100000000)
  eden space 64512K, 0% used [0x00000000eab00000,0x00000000eab00000,0x00000000eea00000)
  from space 7680K, 99% used [0x00000000eea00000,0x00000000ef1793d8,0x00000000ef180000)
  to   space 9216K, 0% used [0x00000000f0380000,0x00000000f0380000,0x00000000f0c80000)
 ParOldGen       total 101888K, used 27467K [0x00000000c0000000, 0x00000000c6380000, 0x00000000eab00000)
  object space 101888K, 26% used [0x00000000c0000000,0x00000000c1ad2e88,0x00000000c6380000)
 Metaspace       used 46200K, capacity 46480K, committed 46848K, reserved 1089536K
  class space    used 6725K, capacity 6816K, committed 6912K, reserved 1048576K
}
Event: 50.782 GC heap before
{Heap before GC invocations=14 (full 2):
 PSYoungGen      total 72192K, used 72164K [0x00000000eab00000, 0x00000000f0c80000, 0x0000000100000000)
  eden space 64512K, 100% used [0x00000000eab00000,0x00000000eea00000,0x00000000eea00000)
  from space 7680K, 99% used [0x00000000eea00000,0x00000000ef1793d8,0x00000000ef180000)
  to   space 9216K, 0% used [0x00000000f0380000,0x00000000f0380000,0x00000000f0c80000)
 ParOldGen       total 101888K, used 27467K [0x00000000c0000000, 0x00000000c6380000, 0x00000000eab00000)
  object space 101888K, 26% used [0x00000000c0000000,0x00000000c1ad2e88,0x00000000c6380000)
 Metaspace       used 51959K, capacity 52284K, committed 52480K, reserved 1093632K
  class space    used 7535K, capacity 7618K, committed 7680K, reserved 1048576K
Event: 50.804 GC heap after
Heap after GC invocations=14 (full 2):
 PSYoungGen      total 88064K, used 9199K [0x00000000eab00000, 0x00000000f1480000, 0x0000000100000000)
  eden space 78848K, 0% used [0x00000000eab00000,0x00000000eab00000,0x00000000ef800000)
  from space 9216K, 99% used [0x00000000f0380000,0x00000000f0c7bc88,0x00000000f0c80000)
  to   space 11776K, 0% used [0x00000000ef800000,0x00000000ef800000,0x00000000f0380000)
 ParOldGen       total 101888K, used 31955K [0x00000000c0000000, 0x00000000c6380000, 0x00000000eab00000)
  object space 101888K, 31% used [0x00000000c0000000,0x00000000c1f34fa0,0x00000000c6380000)
 Metaspace       used 51959K, capacity 52284K, committed 52480K, reserved 1093632K
  class space    used 7535K, capacity 7618K, committed 7680K, reserved 1048576K
}
Event: 52.307 GC heap before
{Heap before GC invocations=15 (full 2):
 PSYoungGen      total 88064K, used 88047K [0x00000000eab00000, 0x00000000f1480000, 0x0000000100000000)
  eden space 78848K, 100% used [0x00000000eab00000,0x00000000ef800000,0x00000000ef800000)
  from space 9216K, 99% used [0x00000000f0380000,0x00000000f0c7bc88,0x00000000f0c80000)
  to   space 11776K, 0% used [0x00000000ef800000,0x00000000ef800000,0x00000000f0380000)
 ParOldGen       total 101888K, used 31955K [0x00000000c0000000, 0x00000000c6380000, 0x00000000eab00000)
  object space 101888K, 31% used [0x00000000c0000000,0x00000000c1f34fa0,0x00000000c6380000)
 Metaspace       used 56723K, capacity 57052K, committed 57344K, reserved 1097728K
  class space    used 8256K, capacity 8354K, committed 8448K, reserved 1048576K
Event: 52.343 GC heap after
Heap after GC invocations=15 (full 2):
 PSYoungGen      total 90624K, used 11763K [0x00000000eab00000, 0x00000000f2c00000, 0x0000000100000000)
  eden space 78848K, 0% used [0x00000000eab00000,0x00000000eab00000,0x00000000ef800000)
  from space 11776K, 99% used [0x00000000ef800000,0x00000000f037ce80,0x00000000f0380000)
  to   space 13824K, 0% used [0x00000000f1e80000,0x00000000f1e80000,0x00000000f2c00000)
 ParOldGen       total 101888K, used 34364K [0x00000000c0000000, 0x00000000c6380000, 0x00000000eab00000)
  object space 101888K, 33% used [0x00000000c0000000,0x00000000c218f188,0x00000000c6380000)
 Metaspace       used 56723K, capacity 57052K, committed 57344K, reserved 1097728K
  class space    used 8256K, capacity 8354K, committed 8448K, reserved 1048576K
}
Event: 54.358 GC heap before
{Heap before GC invocations=16 (full 2):
 PSYoungGen      total 90624K, used 29680K [0x00000000eab00000, 0x00000000f2c00000, 0x0000000100000000)
  eden space 78848K, 22% used [0x00000000eab00000,0x00000000ebc7f518,0x00000000ef800000)
  from space 11776K, 99% used [0x00000000ef800000,0x00000000f037ce80,0x00000000f0380000)
  to   space 13824K, 0% used [0x00000000f1e80000,0x00000000f1e80000,0x00000000f2c00000)
 ParOldGen       total 101888K, used 34364K [0x00000000c0000000, 0x00000000c6380000, 0x00000000eab00000)
  object space 101888K, 33% used [0x00000000c0000000,0x00000000c218f188,0x00000000c6380000)
 Metaspace       used 58501K, capacity 58786K, committed 59028K, reserved 1099776K
  class space    used 8539K, capacity 8611K, committed 8704K, reserved 1048576K
Event: 55.099 GC heap after
Heap after GC invocations=16 (full 2):
 PSYoungGen      total 117760K, used 2727K [0x00000000eab00000, 0x00000000f3880000, 0x0000000100000000)
  eden space 103936K, 0% used [0x00000000eab00000,0x00000000eab00000,0x00000000f1080000)
  from space 13824K, 19% used [0x00000000f1e80000,0x00000000f2129ed8,0x00000000f2c00000)
  to   space 14336K, 0% used [0x00000000f1080000,0x00000000f1080000,0x00000000f1e80000)
 ParOldGen       total 101888K, used 41601K [0x00000000c0000000, 0x00000000c6380000, 0x00000000eab00000)
  object space 101888K, 40% used [0x00000000c0000000,0x00000000c28a07d0,0x00000000c6380000)
 Metaspace       used 58501K, capacity 58786K, committed 59028K, reserved 1099776K
  class space    used 8539K, capacity 8611K, committed 8704K, reserved 1048576K
}
Event: 55.149 GC heap before
{Heap before GC invocations=17 (full 3):
 PSYoungGen      total 117760K, used 2727K [0x00000000eab00000, 0x00000000f3880000, 0x0000000100000000)
  eden space 103936K, 0% used [0x00000000eab00000,0x00000000eab00000,0x00000000f1080000)
  from space 13824K, 19% used [0x00000000f1e80000,0x00000000f2129ed8,0x00000000f2c00000)
  to   space 14336K, 0% used [0x00000000f1080000,0x00000000f1080000,0x00000000f1e80000)
 ParOldGen       total 101888K, used 41601K [0x00000000c0000000, 0x00000000c6380000, 0x00000000eab00000)
  object space 101888K, 40% used [0x00000000c0000000,0x00000000c28a07d0,0x00000000c6380000)
 Metaspace       used 58501K, capacity 58786K, committed 59028K, reserved 1099776K
  class space    used 8539K, capacity 8611K, committed 8704K, reserved 1048576K

Deoptimization events (10 events):
Event: 53.726 Thread 0x0000000001bb0800 Uncommon trap: reason=class_check action=maybe_recompile pc=0x00007f3619a68090 method=scala.collection.TraversableLike$class.builder$2(Lscala/collection/TraversableLike;Lscala/collection/generic/CanBuildFrom;)Lscala/collection/mutable/Builder; @ 7
Event: 53.727 Thread 0x0000000001bb0800 Uncommon trap: reason=bimorphic action=maybe_recompile pc=0x00007f3619a6d760 method=scala.collection.TraversableLike$$anonfun$flatMap$1.apply(Ljava/lang/Object;)Lscala/collection/mutable/Builder; @ 22
Event: 53.727 Thread 0x0000000001bb0800 Uncommon trap: reason=bimorphic action=maybe_recompile pc=0x00007f3619a6d760 method=scala.collection.TraversableLike$$anonfun$flatMap$1.apply(Ljava/lang/Object;)Lscala/collection/mutable/Builder; @ 22
Event: 53.727 Thread 0x0000000001bb0800 Uncommon trap: reason=bimorphic action=maybe_recompile pc=0x00007f3619a6d760 method=scala.collection.TraversableLike$$anonfun$flatMap$1.apply(Ljava/lang/Object;)Lscala/collection/mutable/Builder; @ 22
Event: 53.727 Thread 0x0000000001bb0800 Uncommon trap: reason=bimorphic action=maybe_recompile pc=0x00007f3619a6d760 method=scala.collection.TraversableLike$$anonfun$flatMap$1.apply(Ljava/lang/Object;)Lscala/collection/mutable/Builder; @ 22
Event: 53.756 Thread 0x0000000001bb0800 Uncommon trap: reason=class_check action=maybe_recompile pc=0x00007f3619a68090 method=scala.collection.TraversableLike$class.builder$2(Lscala/collection/TraversableLike;Lscala/collection/generic/CanBuildFrom;)Lscala/collection/mutable/Builder; @ 7
Event: 53.775 Thread 0x0000000001bb0800 Uncommon trap: reason=array_check action=maybe_recompile pc=0x00007f3619aace30 method=scala.runtime.ScalaRunTime$.array_update(Ljava/lang/Object;ILjava/lang/Object;)V @ 17
Event: 53.775 Thread 0x0000000001bb0800 Uncommon trap: reason=array_check action=maybe_recompile pc=0x00007f3619aace30 method=scala.runtime.ScalaRunTime$.array_update(Ljava/lang/Object;ILjava/lang/Object;)V @ 17
Event: 53.775 Thread 0x0000000001bb0800 Uncommon trap: reason=array_check action=maybe_recompile pc=0x00007f3619aace30 method=scala.runtime.ScalaRunTime$.array_update(Ljava/lang/Object;ILjava/lang/Object;)V @ 17
Event: 53.775 Thread 0x0000000001bb0800 Uncommon trap: reason=array_check action=maybe_recompile pc=0x00007f3619aace30 method=scala.runtime.ScalaRunTime$.array_update(Ljava/lang/Object;ILjava/lang/Object;)V @ 17

Classes redefined (0 events):
No events

Internal exceptions (10 events):
Event: 49.437 Thread 0x0000000001bb0800 Exception <a 'java/lang/ClassNotFoundException': scala/reflect/ScalaSignature> (0x00000000ec410098) thrown at [/build/openjdk-8-wnL82d/openjdk-8-8u171-b11/src/hotspot/src/share/vm/classfile/systemDictionary.cpp, line 210]
Event: 49.437 Thread 0x0000000001bb0800 Exception <a 'java/lang/ClassNotFoundException': scala/reflect/ScalaLongSignature> (0x00000000ec410540) thrown at [/build/openjdk-8-wnL82d/openjdk-8-8u171-b11/src/hotspot/src/share/vm/classfile/systemDictionary.cpp, line 210]
Event: 49.441 Thread 0x0000000001bb0800 Exception <a 'java/lang/ClassNotFoundException': scala/reflect/ScalaSignature> (0x00000000ec439448) thrown at [/build/openjdk-8-wnL82d/openjdk-8-8u171-b11/src/hotspot/src/share/vm/classfile/systemDictionary.cpp, line 210]
Event: 49.441 Thread 0x0000000001bb0800 Exception <a 'java/lang/ClassNotFoundException': scala/reflect/ScalaLongSignature> (0x00000000ec4398f0) thrown at [/build/openjdk-8-wnL82d/openjdk-8-8u171-b11/src/hotspot/src/share/vm/classfile/systemDictionary.cpp, line 210]
Event: 49.444 Thread 0x0000000001bb0800 Exception <a 'java/lang/ClassNotFoundException': scala/reflect/ScalaSignature> (0x00000000ec463088) thrown at [/build/openjdk-8-wnL82d/openjdk-8-8u171-b11/src/hotspot/src/share/vm/classfile/systemDictionary.cpp, line 210]
Event: 49.444 Thread 0x0000000001bb0800 Exception <a 'java/lang/ClassNotFoundException': scala/reflect/ScalaLongSignature> (0x00000000ec463530) thrown at [/build/openjdk-8-wnL82d/openjdk-8-8u171-b11/src/hotspot/src/share/vm/classfile/systemDictionary.cpp, line 210]
Event: 49.447 Thread 0x0000000001bb0800 Exception <a 'java/lang/ClassNotFoundException': scala/reflect/ScalaSignature> (0x00000000ec485a10) thrown at [/build/openjdk-8-wnL82d/openjdk-8-8u171-b11/src/hotspot/src/share/vm/classfile/systemDictionary.cpp, line 210]
Event: 49.448 Thread 0x0000000001bb0800 Exception <a 'java/lang/ClassNotFoundException': scala/reflect/ScalaLongSignature> (0x00000000ec485eb8) thrown at [/build/openjdk-8-wnL82d/openjdk-8-8u171-b11/src/hotspot/src/share/vm/classfile/systemDictionary.cpp, line 210]
Event: 49.451 Thread 0x0000000001bb0800 Exception <a 'java/lang/ClassNotFoundException': scala/reflect/ScalaSignature> (0x00000000ec4a6c70) thrown at [/build/openjdk-8-wnL82d/openjdk-8-8u171-b11/src/hotspot/src/share/vm/classfile/systemDictionary.cpp, line 210]
Event: 49.451 Thread 0x0000000001bb0800 Exception <a 'java/lang/ClassNotFoundException': scala/reflect/ScalaLongSignature> (0x00000000ec4a7118) thrown at [/build/openjdk-8-wnL82d/openjdk-8-8u171-b11/src/hotspot/src/share/vm/classfile/systemDictionary.cpp, line 210]

Events (10 events):
Event: 54.336 loading class org/apache/spark/sql/catalyst/optimizer/CombineTypedFilters$$anonfun$org$apache$spark$sql$catalyst$optimizer$CombineTypedFilters$$combineFilterFunction$2 done
Event: 54.336 loading class org/apache/spark/sql/catalyst/optimizer/CombineTypedFilters$$anonfun$org$apache$spark$sql$catalyst$optimizer$CombineTypedFilters$$combineFilterFunction$3
Event: 54.336 loading class org/apache/spark/sql/catalyst/optimizer/CombineTypedFilters$$anonfun$org$apache$spark$sql$catalyst$optimizer$CombineTypedFilters$$combineFilterFunction$3 done
Event: 54.337 loading class org/apache/spark/sql/catalyst/optimizer/CombineTypedFilters$$anonfun$org$apache$spark$sql$catalyst$optimizer$CombineTypedFilters$$combineFilterFunction$4
Event: 54.337 loading class org/apache/spark/sql/catalyst/optimizer/CombineTypedFilters$$anonfun$org$apache$spark$sql$catalyst$optimizer$CombineTypedFilters$$combineFilterFunction$4 done
Event: 54.337 loading class org/apache/spark/sql/catalyst/optimizer/ConvertToLocalRelation$
Event: 54.337 loading class org/apache/spark/sql/catalyst/optimizer/ConvertToLocalRelation$ done
Event: 54.356 loading class org/apache/spark/sql/catalyst/optimizer/PropagateEmptyRelation$
Event: 54.356 loading class org/apache/spark/sql/catalyst/optimizer/PropagateEmptyRelation$ done
Event: 54.357 Executing VM operation: CollectForMetadataAllocation


Dynamic libraries:
00400000-00401000 r-xp 00000000 ca:01 257735                             /usr/lib/jvm/java-8-openjdk-amd64/jre/bin/java
00600000-00601000 r--p 00000000 ca:01 257735                             /usr/lib/jvm/java-8-openjdk-amd64/jre/bin/java
00601000-00602000 rw-p 00001000 ca:01 257735                             /usr/lib/jvm/java-8-openjdk-amd64/jre/bin/java
01aea000-01bbc000 rw-p 00000000 00:00 0                                  [heap]
c0000000-c6380000 rw-p 00000000 00:00 0 
c7c80000-eab00000 ---p 00000000 00:00 0 
eab00000-f3880000 rw-p 00000000 00:00 0 
f3880000-100000000 ---p 00000000 00:00 0 
100000000-100880000 rw-p 00000000 00:00 0 
100880000-140000000 ---p 00000000 00:00 0 
7f35d0000000-7f35d0021000 rw-p 00000000 00:00 0 
7f35d0021000-7f35d4000000 ---p 00000000 00:00 0 
7f35d7e00000-7f35d7f25000 rw-p 00000000 00:00 0 
7f35d7f25000-7f35d8000000 ---p 00000000 00:00 0 
7f35d8000000-7f35d8021000 rw-p 00000000 00:00 0 
7f35d8021000-7f35dc000000 ---p 00000000 00:00 0 
7f35dc000000-7f35dc02a000 rw-p 00000000 00:00 0 
7f35dc02a000-7f35e0000000 ---p 00000000 00:00 0 
7f35e0000000-7f35e0804000 rw-p 00000000 00:00 0 
7f35e0804000-7f35e4000000 ---p 00000000 00:00 0 
7f35e4000000-7f35e4063000 rw-p 00000000 00:00 0 
7f35e4063000-7f35e8000000 ---p 00000000 00:00 0 
7f35e81ff000-7f35e83ff000 rw-p 00000000 00:00 0 
7f35e83ff000-7f35e85ff000 rw-p 00000000 00:00 0 
7f35e85ff000-7f35e87ff000 rw-p 00000000 00:00 0 
7f35e87ff000-7f35e89ff000 rw-p 00000000 00:00 0 
7f35e89ff000-7f35e8bff000 rw-p 00000000 00:00 0 
7f35e8bff000-7f35e8dff000 rw-p 00000000 00:00 0 
7f35e8dff000-7f35e8fff000 rw-p 00000000 00:00 0 
7f35e8fff000-7f35ec000000 rw-p 00000000 00:00 0 
7f35ec000000-7f35ec82d000 rw-p 00000000 00:00 0 
7f35ec82d000-7f35f0000000 ---p 00000000 00:00 0 
7f35f0000000-7f35f0021000 rw-p 00000000 00:00 0 
7f35f0021000-7f35f4000000 ---p 00000000 00:00 0 
7f35f4000000-7f35f4021000 rw-p 00000000 00:00 0 
7f35f4021000-7f35f8000000 ---p 00000000 00:00 0 
7f35f8000000-7f35f9c71000 rw-p 00000000 00:00 0 
7f35f9c71000-7f35fc000000 ---p 00000000 00:00 0 
7f35fc000000-7f35fc021000 rw-p 00000000 00:00 0 
7f35fc021000-7f3600000000 ---p 00000000 00:00 0 
7f3600000000-7f3600021000 rw-p 00000000 00:00 0 
7f3600021000-7f3604000000 ---p 00000000 00:00 0 
7f3604000000-7f3604106000 rw-p 00000000 00:00 0 
7f3604106000-7f3608000000 ---p 00000000 00:00 0 
7f36080f9000-7f36080fc000 ---p 00000000 00:00 0 
7f36080fc000-7f36083fa000 rw-p 00000000 00:00 0 
7f36083fa000-7f36083fd000 ---p 00000000 00:00 0 
7f36083fd000-7f36084fb000 rw-p 00000000 00:00 0 
7f36084fb000-7f36084fe000 ---p 00000000 00:00 0 
7f36084fe000-7f36087fc000 rw-p 00000000 00:00 0 
7f36087fc000-7f36087ff000 ---p 00000000 00:00 0 
7f36087ff000-7f36088fd000 rw-p 00000000 00:00 0 
7f36088fd000-7f3608900000 ---p 00000000 00:00 0 
7f3608900000-7f36089fe000 rw-p 00000000 00:00 0 
7f36089fe000-7f3608a01000 ---p 00000000 00:00 0 
7f3608a01000-7f3608cff000 rw-p 00000000 00:00 0 
7f3608cff000-7f3608d02000 ---p 00000000 00:00 0 
7f3608d02000-7f3609000000 rw-p 00000000 00:00 0 
7f3609078000-7f3609278000 rw-p 00000000 00:00 0 
7f3609278000-7f360927b000 ---p 00000000 00:00 0 
7f360927b000-7f3609379000 rw-p 00000000 00:00 0 
7f3609379000-7f360937c000 ---p 00000000 00:00 0 
7f360937c000-7f360947a000 rw-p 00000000 00:00 0 
7f360947a000-7f360947d000 ---p 00000000 00:00 0 
7f360947d000-7f360a57c000 rw-p 00000000 00:00 0 
7f360a57c000-7f360a57f000 ---p 00000000 00:00 0 
7f360a57f000-7f360a67d000 rw-p 00000000 00:00 0 
7f360a67d000-7f360a680000 ---p 00000000 00:00 0 
7f360a680000-7f360a77e000 rw-p 00000000 00:00 0 
7f360a77e000-7f360a781000 ---p 00000000 00:00 0 
7f360a781000-7f360a87f000 rw-p 00000000 00:00 0 
7f360a87f000-7f360a882000 ---p 00000000 00:00 0 
7f360a882000-7f360a980000 rw-p 00000000 00:00 0 
7f360a980000-7f360a983000 ---p 00000000 00:00 0 
7f360a983000-7f360aa81000 rw-p 00000000 00:00 0 
7f360aa81000-7f360aa84000 ---p 00000000 00:00 0 
7f360aa84000-7f360ab82000 rw-p 00000000 00:00 0 
7f360abf2000-7f360adf2000 rw-p 00000000 00:00 0 
7f360adf2000-7f360adf5000 ---p 00000000 00:00 0 
7f360adf5000-7f360b0f3000 rw-p 00000000 00:00 0 
7f360b0f3000-7f360b0f6000 ---p 00000000 00:00 0 
7f360b0f6000-7f360b1f4000 rw-p 00000000 00:00 0 
7f360b1f4000-7f360b1f7000 ---p 00000000 00:00 0 
7f360b1f7000-7f360b2f5000 rw-p 00000000 00:00 0 
7f360b2f5000-7f360b2f8000 ---p 00000000 00:00 0 
7f360b2f8000-7f360b3f6000 rw-p 00000000 00:00 0 
7f360b3f6000-7f360b3f9000 ---p 00000000 00:00 0 
7f360b3f9000-7f360b4f7000 rw-p 00000000 00:00 0 
7f360b4f7000-7f360b4fa000 ---p 00000000 00:00 0 
7f360b4fa000-7f360b5f8000 rw-p 00000000 00:00 0 
7f360b5f8000-7f360b5fb000 ---p 00000000 00:00 0 
7f360b5fb000-7f360b6f9000 rw-p 00000000 00:00 0 
7f360b6f9000-7f360b6fc000 ---p 00000000 00:00 0 
7f360b6fc000-7f360b7fa000 rw-p 00000000 00:00 0 
7f360b7fa000-7f360b7fd000 ---p 00000000 00:00 0 
7f360b7fd000-7f360b8fb000 rw-p 00000000 00:00 0 
7f360b8fb000-7f360b8fe000 ---p 00000000 00:00 0 
7f360b8fe000-7f360b9fc000 rw-p 00000000 00:00 0 
7f360b9fc000-7f360b9ff000 ---p 00000000 00:00 0 
7f360b9ff000-7f360bafd000 rw-p 00000000 00:00 0 
7f360bafd000-7f360bb00000 ---p 00000000 00:00 0 
7f360bb00000-7f360bdfe000 rw-p 00000000 00:00 0 
7f360bdfe000-7f360be01000 ---p 00000000 00:00 0 
7f360be01000-7f360beff000 rw-p 00000000 00:00 0 
7f360beff000-7f360bf02000 ---p 00000000 00:00 0 
7f360bf02000-7f360c000000 rw-p 00000000 00:00 0 
7f360c000000-7f360c07c000 rw-p 00000000 00:00 0 
7f360c07c000-7f3610000000 ---p 00000000 00:00 0 
7f3610045000-7f3610048000 ---p 00000000 00:00 0 
7f3610048000-7f3610146000 rw-p 00000000 00:00 0 
7f3610146000-7f3610149000 ---p 00000000 00:00 0 
7f3610149000-7f3610247000 rw-p 00000000 00:00 0 
7f3610247000-7f361024a000 ---p 00000000 00:00 0 
7f361024a000-7f3610348000 rw-p 00000000 00:00 0 
7f3610348000-7f361034b000 ---p 00000000 00:00 0 
7f361034b000-7f3610449000 rw-p 00000000 00:00 0 
7f3610449000-7f361044c000 ---p 00000000 00:00 0 
7f361044c000-7f361054a000 rw-p 00000000 00:00 0 
7f361054a000-7f361054d000 ---p 00000000 00:00 0 
7f361054d000-7f361084b000 rw-p 00000000 00:00 0 
7f36108e9000-7f36108ee000 r--s 0009d000 ca:01 259120                     /usr/lib/jvm/java-8-openjdk-amd64/jre/lib/jsse.jar
7f36108ee000-7f36108f1000 ---p 00000000 00:00 0 
7f36108f1000-7f36109ef000 rw-p 00000000 00:00 0 
7f36109ef000-7f3610a00000 r-xp 00000000 ca:01 259099                     /usr/lib/jvm/java-8-openjdk-amd64/jre/lib/amd64/libnio.so
7f3610a00000-7f3610c00000 ---p 00011000 ca:01 259099                     /usr/lib/jvm/java-8-openjdk-amd64/jre/lib/amd64/libnio.so
7f3610c00000-7f3610c01000 r--p 00011000 ca:01 259099                     /usr/lib/jvm/java-8-openjdk-amd64/jre/lib/amd64/libnio.so
7f3610c01000-7f3610c02000 rw-p 00012000 ca:01 259099                     /usr/lib/jvm/java-8-openjdk-amd64/jre/lib/amd64/libnio.so
7f3610c02000-7f3610c15000 r--s 00346000 ca:01 257750                     /usr/lib/jvm/java-8-openjdk-amd64/jre/lib/resources.jar
7f3610c15000-7f3610e15000 rw-p 00000000 00:00 0 
7f3610e15000-7f3610e18000 ---p 00000000 00:00 0 
7f3610e18000-7f3611116000 rw-p 00000000 00:00 0 
7f3611116000-7f3611117000 r-xp 00000000 ca:01 257753                     /usr/lib/jvm/java-8-openjdk-amd64/jre/lib/amd64/libjaas_unix.so
7f3611117000-7f3611316000 ---p 00001000 ca:01 257753                     /usr/lib/jvm/java-8-openjdk-amd64/jre/lib/amd64/libjaas_unix.so
7f3611316000-7f3611317000 r--p 00000000 ca:01 257753                     /usr/lib/jvm/java-8-openjdk-amd64/jre/lib/amd64/libjaas_unix.so
7f3611317000-7f3611318000 rw-p 00001000 ca:01 257753                     /usr/lib/jvm/java-8-openjdk-amd64/jre/lib/amd64/libjaas_unix.so
7f3611318000-7f361131b000 ---p 00000000 00:00 0 
7f361131b000-7f3611419000 rw-p 00000000 00:00 0 
7f3611419000-7f361141c000 ---p 00000000 00:00 0 
7f361141c000-7f3611652000 rw-p 00000000 00:00 0 
7f3611652000-7f361165b000 r-xp 00000000 ca:01 259098                     /usr/lib/jvm/java-8-openjdk-amd64/jre/lib/amd64/libmanagement.so
7f361165b000-7f361185a000 ---p 00009000 ca:01 259098                     /usr/lib/jvm/java-8-openjdk-amd64/jre/lib/amd64/libmanagement.so
7f361185a000-7f361185b000 r--p 00008000 ca:01 259098                     /usr/lib/jvm/java-8-openjdk-amd64/jre/lib/amd64/libmanagement.so
7f361185b000-7f361185c000 rw-p 00009000 ca:01 259098                     /usr/lib/jvm/java-8-openjdk-amd64/jre/lib/amd64/libmanagement.so
7f361185c000-7f3611a5c000 rw-p 00000000 00:00 0 
7f3611a5c000-7f3611cb7000 r--s 020cf000 ca:01 1799469                    /home/ubuntu/Insight-demo-project/spark-streaming/target/scala-2.11/streamhits-assembly-1.0.jar
7f3611cb7000-7f3611cb9000 r--s 00009000 ca:01 1544341                    /usr/local/spark/jars/objenesis-2.1.jar
7f3611cb9000-7f3611cbf000 r--s 00028000 ca:01 1544342                    /usr/local/spark/jars/curator-framework-2.6.0.jar
7f3611cbf000-7f3611cc2000 r--s 0001a000 ca:01 1544437                    /usr/local/spark/jars/py4j-0.10.4.jar
7f3611cc2000-7f3611cc5000 r--s 00006000 ca:01 1544414                    /usr/local/spark/jars/jsr305-1.3.9.jar
7f3611cc5000-7f3611cc7000 r--s 0000e000 ca:01 1544310                    /usr/local/spark/jars/guice-servlet-3.0.jar
7f3611cc7000-7f3611ccb000 r--s 00025000 ca:01 1544317                    /usr/local/spark/jars/jersey-client-2.22.2.jar
7f3611ccb000-7f3611cdd000 r--s 00097000 ca:01 1544254                    /usr/local/spark/jars/apacheds-kerberos-codec-2.0.0-M15.jar
7f3611cdd000-7f3611ce3000 r--s 00044000 ca:01 1544296                    /usr/local/spark/jars/antlr4-runtime-4.5.3.jar
7f3611ce3000-7f3611cf1000 r--s 000b1000 ca:01 1544345                    /usr/local/spark/jars/jackson-mapper-asl-1.9.13.jar
7f3611cf1000-7f3611ef1000 rw-p 00000000 00:00 0 
7f3611ef1000-7f3611f08000 r-xp 00000000 ca:01 21460                      /lib/x86_64-linux-gnu/libresolv-2.23.so
7f3611f08000-7f3612108000 ---p 00017000 ca:01 21460                      /lib/x86_64-linux-gnu/libresolv-2.23.so
7f3612108000-7f3612109000 r--p 00017000 ca:01 21460                      /lib/x86_64-linux-gnu/libresolv-2.23.so
7f3612109000-7f361210a000 rw-p 00018000 ca:01 21460                      /lib/x86_64-linux-gnu/libresolv-2.23.so
7f361210a000-7f361210c000 rw-p 00000000 00:00 0 
7f361210c000-7f3612111000 r-xp 00000000 ca:01 21466                      /lib/x86_64-linux-gnu/libnss_dns-2.23.so
7f3612111000-7f3612311000 ---p 00005000 ca:01 21466                      /lib/x86_64-linux-gnu/libnss_dns-2.23.so
7f3612311000-7f3612312000 r--p 00005000 ca:01 21466                      /lib/x86_64-linux-gnu/libnss_dns-2.23.so
7f3612312000-7f3612313000 rw-p 00006000 ca:01 21466                      /lib/x86_64-linux-gnu/libnss_dns-2.23.so
7f3612314000-7f3612316000 r--s 00005000 ca:01 1544421                    /usr/local/spark/jars/stax-api-1.0.1.jar
7f3612316000-7f3612318000 r--s 00008000 ca:01 1544299                    /usr/local/spark/jars/metrics-jvm-3.1.2.jar
7f3612318000-7f361231c000 r--s 00030000 ca:01 1544403                    /usr/local/spark/jars/commons-net-2.2.jar
7f361231c000-7f3612332000 r-xp 00000000 ca:01 259091                     /usr/lib/jvm/java-8-openjdk-amd64/jre/lib/amd64/libnet.so
7f3612332000-7f3612532000 ---p 00016000 ca:01 259091                     /usr/lib/jvm/java-8-openjdk-amd64/jre/lib/amd64/libnet.so
7f3612532000-7f3612533000 r--p 00016000 ca:01 259091                     /usr/lib/jvm/java-8-openjdk-amd64/jre/lib/amd64/libnet.so
7f3612533000-7f3612534000 rw-p 00017000 ca:01 259091                     /usr/lib/jvm/java-8-openjdk-amd64/jre/lib/amd64/libnet.so
7f3612534000-7f361254a000 r--s 00124000 ca:01 1544260                    /usr/local/spark/jars/ivy-2.4.0.jar
7f361254a000-7f361254e000 r--s 00029000 ca:01 1544322                    /usr/local/spark/jars/hk2-locator-2.4.0-b34.jar
7f361254e000-7f3612550000 r--s 00009000 ca:01 1544409                    /usr/local/spark/jars/commons-cli-1.2.jar
7f3612550000-7f361256b000 r--s 001d8000 ca:01 1544239                    /usr/local/spark/jars/jets3t-0.9.3.jar
7f361256b000-7f3612574000 r--s 00097000 ca:01 1544319                    /usr/local/spark/jars/pmml-model-1.2.15.jar
7f3612574000-7f3612576000 r--s 00003000 ca:01 1544442                    /usr/local/spark/jars/jersey-container-servlet-2.22.2.jar
7f3612576000-7f3612578000 r--s 00012000 ca:01 1544385                    /usr/local/spark/jars/compress-lzf-1.0.3.jar
7f3612578000-7f361257c000 r--s 00035000 ca:01 1544339                    /usr/local/spark/jars/jackson-core-asl-1.9.13.jar
7f361257c000-7f36125f4000 r--s 005bc000 ca:01 1544253                    /usr/local/spark/jars/spark-mllib_2.11-2.2.1.jar
7f36125f4000-7f36125f8000 r--s 00018000 ca:01 1544371                    /usr/local/spark/jars/metrics-core-3.1.2.jar
7f36125f8000-7f3612602000 r--s 000a5000 ca:01 1544390                    /usr/local/spark/jars/javassist-3.18.1-GA.jar
7f3612602000-7f361261f000 r--s 001d5000 ca:01 1544372                    /usr/local/spark/jars/hadoop-yarn-api-2.7.3.jar
7f361261f000-7f3612622000 r--s 00028000 ca:01 1544268                    /usr/local/spark/jars/stream-2.7.0.jar
7f3612622000-7f3612623000 r--s 00001000 ca:01 1544338                    /usr/local/spark/jars/pmml-schema-1.2.15.jar
7f3612623000-7f3612624000 r--s 00003000 ca:01 1544270                    /usr/local/spark/jars/xmlenc-0.52.jar
7f3612624000-7f3612627000 r--s 00012000 ca:01 1544303                    /usr/local/spark/jars/json4s-ast_2.11-3.2.11.jar
7f3612627000-7f3612628000 r--s 00004000 ca:01 1544271                    /usr/local/spark/jars/osgi-resource-locator-1.0.1.jar
7f3612628000-7f361262a000 r--s 00003000 ca:01 1544245                    /usr/local/spark/jars/base64-2.3.8.jar
7f361262a000-7f361262e000 r--s 0002f000 ca:01 1544392                    /usr/local/spark/jars/commons-beanutils-core-1.8.0.jar
7f361262e000-7f361262f000 r--s 00002000 ca:01 1544306                    /usr/local/spark/jars/jpam-1.1.jar
7f361262f000-7f3612631000 r--s 00006000 ca:01 1544295                    /usr/local/spark/jars/spark-sketch_2.11-2.2.1.jar
7f3612631000-7f3612668000 r--s 00325000 ca:01 1544441                    /usr/local/spark/jars/calcite-core-1.2.0-incubating.jar
7f3612668000-7f361266f000 r--s 0007d000 ca:01 1544419                    /usr/local/spark/jars/jetty-6.1.26.jar
7f361266f000-7f3612674000 r--s 0002a000 ca:01 1544233                    /usr/local/spark/jars/commons-beanutils-1.7.0.jar
7f3612674000-7f3612678000 r--s 00036000 ca:01 1544326                    /usr/local/spark/jars/ST4-4.0.4.jar
7f3612678000-7f3612683000 r--s 000b0000 ca:01 1544290                    /usr/local/spark/jars/jtransforms-2.4.0.jar
7f3612683000-7f3612685000 r--s 00010000 ca:01 1544413                    /usr/local/spark/jars/hadoop-mapreduce-client-shuffle-2.7.3.jar
7f3612685000-7f3612687000 r--s 00014000 ca:01 1544324                    /usr/local/spark/jars/spire-macros_2.11-0.13.0.jar
7f3612687000-7f3612698000 r--s 00089000 ca:01 1544248                    /usr/local/spark/jars/joda-time-2.9.3.jar
7f3612698000-7f361269f000 r--s 00046000 ca:01 1544418                    /usr/local/spark/jars/libfb303-0.9.3.jar
7f361269f000-7f36126b7000 r--s 00115000 ca:01 1544353                    /usr/local/spark/jars/xercesImpl-2.9.1.jar
7f36126b7000-7f36126b9000 r--s 0000a000 ca:01 1544402                    /usr/local/spark/jars/spark-unsafe_2.11-2.2.1.jar
7f36126b9000-7f3612762000 r--s 00a4f000 ca:01 1544412                    /usr/local/spark/jars/hive-exec-1.2.1.spark2.jar
7f3612762000-7f3612778000 r--s 000d3000 ca:01 1544430                    /usr/local/spark/jars/jersey-server-2.22.2.jar
7f3612778000-7f361277b000 r--s 00015000 ca:01 1544256                    /usr/local/spark/jars/commons-pool-1.5.4.jar
7f361277b000-7f361277f000 r--s 0002a000 ca:01 1544426                    /usr/local/spark/jars/breeze-macros_2.11-0.13.2.jar
7f361277f000-7f3612781000 r--s 0000f000 ca:01 1544376                    /usr/local/spark/jars/activation-1.1.1.jar
7f3612781000-7f3612782000 r--s 00009000 ca:01 1544292                    /usr/local/spark/jars/hadoop-annotations-2.7.3.jar
7f3612782000-7f3612794000 r--s 000b3000 ca:01 1544313                    /usr/local/spark/jars/scalap-2.11.8.jar
7f3612794000-7f3612795000 r--s 00009000 ca:01 1544255                    /usr/local/spark/jars/slf4j-api-1.7.16.jar
7f3612795000-7f3612798000 r--s 0002f000 ca:01 1544393                    /usr/local/spark/jars/RoaringBitmap-0.5.11.jar
7f3612798000-7f361279a000 r--s 00010000 ca:01 1544347                    /usr/local/spark/jars/jersey-media-jaxb-2.22.2.jar
7f361279a000-7f361279c000 r--s 00004000 ca:01 1544315                    /usr/local/spark/jars/metrics-graphite-3.1.2.jar
7f361279c000-7f36127ff000 r--s 004de000 ca:01 1544405                    /usr/local/spark/jars/hive-metastore-1.2.1.spark2.jar
7f36127ff000-7f3612821000 r--s 00335000 ca:01 1544424                    /usr/local/spark/jars/mesos-1.0.0-shaded-protobuf.jar
7f3612821000-7f3612822000 r--s 00004000 ca:01 1544325                    /usr/local/spark/jars/jackson-jaxrs-1.9.13.jar
7f3612822000-7f3612825000 r--s 00009000 ca:01 1544337                    /usr/local/spark/jars/jackson-annotations-2.6.5.jar
7f3612825000-7f3612827000 r--s 0000e000 ca:01 1544332                    /usr/local/spark/jars/hadoop-mapreduce-client-jobclient-2.7.3.jar
7f3612827000-7f3612830000 r--s 0006f000 ca:01 1544429                    /usr/local/spark/jars/log4j-1.2.17.jar
7f3612830000-7f3612834000 r--s 00020000 ca:01 1544379                    /usr/local/spark/jars/commons-digester-1.8.jar
7f3612834000-7f3612837000 r--s 00014000 ca:01 1544297                    /usr/local/spark/jars/super-csv-2.2.0.jar
7f3612837000-7f3612839000 r--s 0000e000 ca:01 1544289                    /usr/local/spark/jars/oro-2.0.8.jar
7f3612839000-7f3612840000 r--s 00049000 ca:01 1544363                    /usr/local/spark/jars/httpcore-4.4.4.jar
7f3612840000-7f3612842000 r--s 00009000 ca:01 1544356                    /usr/local/spark/jars/parquet-common-1.8.2.jar
7f3612842000-7f3612845000 r--s 00017000 ca:01 1544395                    /usr/local/spark/jars/jaxb-api-2.2.2.jar
7f3612845000-7f3612849000 r--s 0000c000 ca:01 1544359                    /usr/local/spark/jars/validation-api-1.1.0.Final.jar
7f3612849000-7f361284a000 r--s 00001000 ca:01 1544280                    /usr/local/spark/jars/javax.inject-2.4.0-b34.jar
7f361284a000-7f3612863000 r--s 00164000 ca:01 1544262                    /usr/local/spark/jars/hadoop-mapreduce-client-core-2.7.3.jar
7f3612863000-7f3612864000 r--s 00003000 ca:01 1544411                    /usr/local/spark/jars/spark-tags_2.11-2.2.1.jar
7f3612864000-7f3612867000 r--s 00025000 ca:01 1544241                    /usr/local/spark/jars/commons-dbcp-1.4.jar
7f3612867000-7f3612880000 r--s 0012c000 ca:01 1544246                    /usr/local/spark/jars/netty-3.9.9.Final.jar
7f3612880000-7f36128eb000 r--s 0093d000 ca:01 1544407                    /usr/local/spark/jars/spire_2.11-0.13.0.jar
7f36128eb000-7f36128ec000 r--s 00001000 ca:01 1544302                    /usr/local/spark/jars/minlog-1.3.0.jar
7f36128ec000-7f36128f4000 r--s 00059000 ca:01 1544277                    /usr/local/spark/jars/javolution-5.5.1.jar
7f36128f4000-7f36128f5000 r--s 00006000 ca:01 1544352                    /usr/local/spark/jars/jackson-xc-1.9.13.jar
7f36128f5000-7f36128fa000 r--s 00041000 ca:01 1544364                    /usr/local/spark/jars/commons-lang-2.6.jar
7f36128fa000-7f3612901000 r--s 00051000 ca:01 1544240                    /usr/local/spark/jars/kryo-shaded-3.0.3.jar
7f3612901000-7f3612903000 r--s 0001f000 ca:01 1544300                    /usr/local/spark/jars/commons-crypto-1.0.0.jar
7f3612903000-7f3612949000 r--s 00317000 ca:01 1544243                    /usr/local/spark/jars/shapeless_2.11-2.3.2.jar
7f3612949000-7f3612953000 r--s 00086000 ca:01 1544370                    /usr/local/spark/jars/json4s-core_2.11-3.2.11.jar
7f3612953000-7f3612967000 r--s 000ec000 ca:01 1544398                    /usr/local/spark/jars/parquet-jackson-1.8.2.jar
7f3612967000-7f361296b000 r--s 0002a000 ca:01 1544374                    /usr/local/spark/jars/commons-io-2.4.jar
7f361296b000-7f3612970000 r--s 00036000 ca:01 1544282                    /usr/local/spark/jars/commons-compress-1.4.1.jar
7f3612970000-7f361297a000 r--s 00095000 ca:01 1544410                    /usr/local/spark/jars/scala-xml_2.11-1.0.2.jar
7f361297a000-7f361297d000 r--s 00022000 ca:01 1544279                    /usr/local/spark/jars/stringtemplate-3.2.1.jar
7f361297d000-7f3612984000 r--s 0005d000 ca:01 1544386                    /usr/local/spark/jars/mx4j-3.0.2.jar
7f3612984000-7f36129dd000 r--s 00522000 ca:01 1544355                    /usr/local/spark/jars/scala-library-2.11.8.jar
7f36129dd000-7f36129e0000 r--s 0000d000 ca:01 1544316                    /usr/local/spark/jars/spark-network-shuffle_2.11-2.2.1.jar
7f36129e0000-7f36129e2000 r--s 00005000 ca:01 1544288                    /usr/local/spark/jars/javax.annotation-api-1.2.jar
7f36129e2000-7f3612a18000 r--s 0031c000 ca:01 1544373                    /usr/local/spark/jars/hadoop-common-2.7.3.jar
7f3612a18000-7f3612a19000 r--s 00008000 ca:01 1544380                    /usr/local/spark/jars/commons-compiler-3.0.0.jar
7f3612a19000-7f3612a1d000 r--s 0001a000 ca:01 1544267                    /usr/local/spark/jars/hk2-utils-2.4.0-b34.jar
7f3612a1d000-7f3612a27000 r--s 000aa000 ca:01 1544394                    /usr/local/spark/jars/janino-3.0.0.jar
7f3612a27000-7f3612a28000 r--s 00004000 ca:01 1544307                    /usr/local/spark/jars/eigenbase-properties-1.1.5.jar
7f3612a28000-7f3612a2a000 r--s 00038000 ca:01 1544247                    /usr/local/spark/jars/lz4-1.3.0.jar
7f3612a2a000-7f3612a4d000 rw-p 00000000 00:00 0 
7f3612a4d000-7f3612b25000 r--s 00d92000 ca:01 1544251                    /usr/local/spark/jars/breeze_2.11-0.13.2.jar
7f3612b25000-7f3612b28000 r--s 00015000 ca:01 1544387                    /usr/local/spark/jars/pyrolite-4.13.jar
7f3612b28000-7f3612b35000 r--s 000a0000 ca:01 1544436                    /usr/local/spark/jars/spark-graphx_2.11-2.2.1.jar
7f3612b35000-7f3612b38000 r--s 00015000 ca:01 1544415                    /usr/local/spark/jars/javax.servlet-api-3.1.0.jar
7f3612b38000-7f3612b51000 r--s 00116000 ca:01 1544252                    /usr/local/spark/jars/spark-hive_2.11-2.2.1.jar
7f3612b51000-7f3612b56000 r--s 00027000 ca:01 1544235                    /usr/local/spark/jars/hk2-api-2.4.0-b34.jar
7f3612b56000-7f3612b96000 r--s 00277000 ca:01 1544349                    /usr/local/spark/jars/bcprov-jdk15on-1.51.jar
7f3612b96000-7f3612b98000 r--s 00003000 ca:01 1544291                    /usr/local/spark/jars/JavaEWAH-0.3.2.jar
7f3612b98000-7f3612ba3000 r--s 0005d000 ca:01 1544309                    /usr/local/spark/jars/scala-parser-combinators_2.11-1.0.4.jar
7f3612ba3000-7f3612bb3000 r--s 0009b000 ca:01 1544320                    /usr/local/spark/jars/spark-yarn_2.11-2.2.1.jar
7f3612bb3000-7f3612bb9000 r--s 00045000 ca:01 1544237                    /usr/local/spark/jars/commons-httpclient-3.1.jar
7f3612bb9000-7f3612bba000 r--s 00006000 ca:01 1544294                    /usr/local/spark/jars/hadoop-client-2.7.3.jar
7f3612bba000-7f3612bbc000 r--s 00007000 ca:01 1544428                    /usr/local/spark/jars/paranamer-2.6.jar
7f3612bbc000-7f3612bc0000 r--s 00025000 ca:01 1544350                    /usr/local/spark/jars/antlr-runtime-3.4.jar
7f3612bc0000-7f3612bc5000 r--s 0004e000 ca:01 1544375                    /usr/local/spark/jars/datanucleus-api-jdo-3.2.6.jar
7f3612bc5000-7f3612bc7000 r--s 00002000 ca:01 1544388                    /usr/local/spark/jars/aopalliance-repackaged-2.4.0-b34.jar
7f3612bc7000-7f3612bd0000 r--s 00062000 ca:01 1544301                    /usr/local/spark/jars/avro-1.7.7.jar
7f3612bd0000-7f3612bd6000 r--s 00038000 ca:01 1544266                    /usr/local/spark/jars/parquet-hadoop-1.8.2.jar
7f3612bd6000-7f3612bd7000 r--s 00002000 ca:01 1544343                    /usr/local/spark/jars/java-xmlbuilder-1.0.jar
7f3612bd7000-7f3612bdb000 r--s 0002c000 ca:01 1544238                    /usr/local/spark/jars/avro-ipc-1.7.7.jar
7f3612bdb000-7f3612bdc000 r--s 00003000 ca:01 1544249                    /usr/local/spark/jars/jta-1.1.jar
7f3612bdc000-7f3612be3000 r--s 00036000 ca:01 1544400                    /usr/local/spark/jars/curator-recipes-2.6.0.jar
7f3612be3000-7f3612bf2000 r--s 0009f000 ca:01 1544439                    /usr/local/spark/jars/guice-3.0.jar
7f3612bf2000-7f3612bf4000 r--s 00015000 ca:01 1544258                    /usr/local/spark/jars/hadoop-auth-2.7.3.jar
7f3612bf4000-7f3612bf5000 r--s 0000a000 ca:01 1544431                    /usr/local/spark/jars/apacheds-i18n-2.0.0-M15.jar
7f3612bf5000-7f3612bf7000 r--s 00003000 ca:01 1544397                    /usr/local/spark/jars/api-asn1-api-1.0.0-M20.jar
7f3612bf7000-7f3612bf8000 r--s 00003000 ca:01 1544357                    /usr/local/spark/jars/metrics-json-3.1.2.jar
7f3612bf8000-7f3612bfa000 r--s 00100000 ca:01 1544433                    /usr/local/spark/jars/snappy-java-1.1.2.6.jar
7f3612bfa000-7f3612bfc000 r--s 0000f000 ca:01 1544305                    /usr/local/spark/jars/curator-client-2.6.0.jar
7f3612bfc000-7f3612c21000 rw-p 00000000 00:00 0 
7f3612c21000-7f3612d2d000 r--s 00dba000 ca:01 1544323                    /usr/local/spark/jars/scala-compiler-2.11.8.jar
7f3612d2d000-7f3612d2f000 r--s 0000d000 ca:01 1544333                    /usr/local/spark/jars/hadoop-yarn-server-web-proxy-2.7.3.jar
7f3612d2f000-7f3612d30000 r--s 00000000 ca:01 1544283                    /usr/local/spark/jars/macro-compat_2.11-1.1.1.jar
7f3612d30000-7f3612d36000 r--s 00043000 ca:01 1544440                    /usr/local/spark/jars/commons-configuration-1.6.jar
7f3612d36000-7f3612d37000 r--s 00008000 ca:01 1544285                    /usr/local/spark/jars/machinist_2.11-0.6.1.jar
7f3612d37000-7f3612d50000 r--s 00150000 ca:01 1544438                    /usr/local/spark/jars/htrace-core-3.1.0-incubating.jar
7f3612d50000-7f3612d52000 r--s 00027000 ca:01 1544327                    /usr/local/spark/jars/core-1.1.2.jar
7f3612d52000-7f3612d56000 r--s 00028000 ca:01 1544265                    /usr/local/spark/jars/jetty-util-6.1.26.jar
7f3612d56000-7f3612dc1000 r--s 00784000 ca:01 1544293                    /usr/local/spark/jars/hadoop-hdfs-2.7.3.jar
7f3612dc1000-7f3612dc3000 r--s 00012000 ca:01 1544346                    /usr/local/spark/jars/api-util-1.0.0-M20.jar
7f3612dc3000-7f3612dc6000 r--s 00026000 ca:01 1544425                    /usr/local/spark/jars/hadoop-yarn-client-2.7.3.jar
7f3612dc6000-7f3612dcc000 r--s 00034000 ca:01 1544406                    /usr/local/spark/jars/libthrift-0.9.3.jar
7f3612dcc000-7f3612dcf000 r--s 00021000 ca:01 1544384                    /usr/local/spark/jars/xbean-asm5-shaded-4.4.jar
7f3612dcf000-7f3612dfd000 r--s 00216000 ca:01 1544274                    /usr/local/spark/jars/spark-network-common_2.11-2.2.1.jar
7f3612dfd000-7f3612e0c000 r--s 0007c000 ca:01 1544361                    /usr/local/spark/jars/spark-mesos_2.11-2.2.1.jar
7f3612e0c000-7f3612e0f000 r--s 000fd000 ca:01 1544284                    /usr/local/spark/jars/leveldbjni-all-1.8.jar
7f3612e0f000-7f3612e11000 r--s 00003000 ca:01 1544273                    /usr/local/spark/jars/jcl-over-slf4j-1.7.16.jar
7f3612e11000-7f3612e1c000 r--s 00062000 ca:01 1544244                    /usr/local/spark/jars/calcite-linq4j-1.2.0-incubating.jar
7f3612e1c000-7f3612e20000 r--s 00031000 ca:01 1544311                    /usr/local/spark/jars/jline-2.12.1.jar
7f3612e20000-7f3612e28000 r--s 00066000 ca:01 1544236                    /usr/local/spark/jars/apache-log4j-extras-1.2.17.jar
7f3612e28000-7f3612e2a000 r--s 00000000 ca:01 1544408                    /usr/local/spark/jars/jul-to-slf4j-1.7.16.jar
7f3612e2a000-7f3612e37000 r--s 00071000 ca:01 1544318                    /usr/local/spark/jars/jackson-module-scala_2.11-2.6.5.jar
7f3612e37000-7f3612e3b000 r--s 00019000 ca:01 1544261                    /usr/local/spark/jars/javax.ws.rs-api-2.0.1.jar
7f3612e3b000-7f3612e52000 r--s 000d3000 ca:01 1544335                    /usr/local/spark/jars/parquet-column-1.8.2.jar
7f3612e52000-7f3612e55000 r--s 00019000 ca:01 1544367                    /usr/local/spark/jars/bonecp-0.8.0.RELEASE.jar
7f3612e55000-7f3612e5b000 r--s 00063000 ca:01 1544351                    /usr/local/spark/jars/jodd-core-3.5.2.jar
7f3612e5b000-7f3612e60000 r--s 00032000 ca:01 1544264                    /usr/local/spark/jars/chill_2.11-0.8.0.jar
7f3612e60000-7f3612e67000 r--s 00049000 ca:01 1544362                    /usr/local/spark/jars/univocity-parsers-2.2.1.jar
7f3612e67000-7f3612e6d000 r--s 0002c000 ca:01 1544432                    /usr/local/spark/jars/jdo-api-3.0.1.jar
7f3612e6d000-7f3612e72000 r--s 00028000 ca:01 1544234                    /usr/local/spark/jars/avro-mapred-1.7.7-hadoop2.jar
7f3612e72000-7f3612e74000 r--s 0000f000 ca:01 1544382                    /usr/local/spark/jars/spark-launcher_2.11-2.2.1.jar
7f3612e74000-7f3612e8c000 r--s 000d6000 ca:01 1544423                    /usr/local/spark/jars/jersey-guava-2.22.2.jar
7f3612e8c000-7f3612e99000 r--s 00083000 ca:01 1544257                    /usr/local/spark/jars/commons-collections-3.2.2.jar
7f3612e99000-7f3612e9b000 r--s 00020000 ca:01 1544416                    /usr/local/spark/jars/hive-beeline-1.2.1.spark2.jar
7f3612e9b000-7f3612e9e000 r--s 00016000 ca:01 1544377                    /usr/local/spark/jars/jsp-api-2.1.jar
7f3612e9e000-7f3612ea5000 r--s 00039000 ca:01 1544336                    /usr/local/spark/jars/calcite-avatica-1.2.0-incubating.jar
7f3612ea5000-7f3612ead000 r--s 00078000 ca:01 1544259                    /usr/local/spark/jars/mail-1.4.7.jar
7f3612ead000-7f3612ed6000 r--s 001ee000 ca:01 1544242                    /usr/local/spark/jars/guava-14.0.1.jar
7f3612ed6000-7f3612edb000 r--s 00068000 ca:01 1544389                    /usr/local/spark/jars/antlr-2.7.7.jar
7f3612edb000-7f3612edd000 r--s 0000e000 ca:01 1544360                    /usr/local/spark/jars/commons-logging-1.1.3.jar
7f3612edd000-7f3612eef000 r--s 00112000 ca:01 1544250                    /usr/local/spark/jars/arpack_combined_all-0.1.jar
7f3612eef000-7f3612f1e000 r--s 002e5000 ca:01 1544286                    /usr/local/spark/jars/derby-10.12.1.1.jar
7f3612f1e000-7f3612fb8000 r--s 00755000 ca:01 1544312                    /usr/local/spark/jars/spark-catalyst_2.11-2.2.1.jar
7f3612fb8000-7f3612fbf000 r--s 0003f000 ca:01 1544344                    /usr/local/spark/jars/commons-codec-1.10.jar
7f3612fbf000-7f3612fef000 r--s 001e5000 ca:01 1544304                    /usr/local/spark/jars/spark-streaming_2.11-2.2.1.jar
7f3612fef000-7f3612ff7000 r--s 0007b000 ca:01 1544368                    /usr/local/spark/jars/protobuf-java-2.5.0.jar
7f3612ff7000-7f3612ffb000 r--s 00029000 ca:01 1544287                    /usr/local/spark/jars/spark-mllib-local_2.11-2.2.1.jar
7f3612ffb000-7f3613007000 r--s 000b6000 ca:01 1544275                    /usr/local/spark/jars/zookeeper-3.4.6.jar
7f3613007000-7f3613009000 r--s 00000000 ca:01 1544340                    /usr/local/spark/jars/aopalliance-1.0.jar
7f3613009000-7f361300f000 r--s 00040000 ca:01 1544396                    /usr/local/spark/jars/parquet-encoding-1.8.2.jar
7f361300f000-7f361305b000 r--s 00411000 ca:01 1544321                    /usr/local/spark/jars/scala-reflect-2.11.8.jar
7f361305b000-7f361305c000 r--s 00002000 ca:01 1544383                    /usr/local/spark/jars/slf4j-log4j12-1.7.16.jar
7f361305c000-7f361305d000 r--s 00009000 ca:01 1544420                    /usr/local/spark/jars/hive-cli-1.2.1.spark2.jar
7f361305d000-7f361306a000 r--s 000a7000 ca:01 1544417                    /usr/local/spark/jars/httpclient-4.5.2.jar
7f361306a000-7f3613082000 r--s 001b6000 ca:01 1544401                    /usr/local/spark/jars/datanucleus-core-3.2.10.jar
7f3613082000-7f361308c000 r--s 0007b000 ca:01 1544330                    /usr/local/spark/jars/hadoop-mapreduce-client-app-2.7.3.jar
7f361308c000-7f36130ae000 r--s 00197000 ca:01 1544269                    /usr/local/spark/jars/spark-hive-thriftserver_2.11-2.2.1.jar
7f36130ae000-7f36130d2000 r--s 001cd000 ca:01 1544314                    /usr/local/spark/jars/commons-math3-3.4.1.jar
7f36130d2000-7f36130d4000 r--s 00017000 ca:01 1544334                    /usr/local/spark/jars/hive-jdbc-1.2.1.spark2.jar
7f36130d4000-7f36130fa000 r--s 00212000 ca:01 1544365                    /usr/local/spark/jars/netty-all-4.0.43.Final.jar
7f36130fa000-7f36130fd000 r--s 0000e000 ca:01 1544434                    /usr/local/spark/jars/jersey-container-servlet-core-2.22.2.jar
7f36130fd000-7f36130ff000 r--s 0000e000 ca:01 1544378                    /usr/local/spark/jars/spark-repl_2.11-2.2.1.jar
7f36130ff000-7f361310c000 r--s 000b1000 ca:01 1544358                    /usr/local/spark/jars/hadoop-mapreduce-client-common-2.7.3.jar
7f361310c000-7f3613122000 r--s 001a4000 ca:01 1544331                    /usr/local/spark/jars/datanucleus-rdbms-3.2.9.jar
7f3613122000-7f3613130000 r--s 0009d000 ca:01 1544308                    /usr/local/spark/jars/jersey-common-2.22.2.jar
7f3613130000-7f3613132000 r--s 0000b000 ca:01 1544263                    /usr/local/spark/jars/chill-java-0.8.0.jar
7f3613132000-7f3613214000 r--s 00b0a000 ca:01 1544278                    /usr/local/spark/jars/spark-core_2.11-2.2.1.jar
7f3613214000-7f361321c000 r--s 0006e000 ca:01 1544427                    /usr/local/spark/jars/commons-lang3-3.5.jar
7f361321c000-7f3613250000 r--s 00277000 ca:01 1544399                    /usr/local/spark/jars/parquet-hadoop-bundle-1.6.0.jar
7f3613250000-7f3613261000 r--s 0010d000 ca:01 1544391                    /usr/local/spark/jars/jackson-databind-2.6.5.jar
7f3613261000-7f36132eb000 r--s 00647000 ca:01 1544354                    /usr/local/spark/jars/spark-sql_2.11-2.2.1.jar
7f36132eb000-7f36133f4000 r--s 00a5d000 ca:01 775575                     /usr/local/spark/lib/aws-java-sdk-1.7.4.jar
7f36133f4000-7f36133f5000 ---p 00000000 00:00 0 
7f36133f5000-7f36134f5000 rw-p 00000000 00:00 0 
7f36134f5000-7f36134f8000 ---p 00000000 00:00 0 
7f36134f8000-7f36135f6000 rw-p 00000000 00:00 0 
7f36135f6000-7f36135f9000 ---p 00000000 00:00 0 
7f36135f9000-7f36136f7000 rw-p 00000000 00:00 0 
7f36136f7000-7f36136fa000 ---p 00000000 00:00 0 
7f36136fa000-7f36137f8000 rw-p 00000000 00:00 0 
7f36137f8000-7f36137fb000 ---p 00000000 00:00 0 
7f36137fb000-7f36138f9000 rw-p 00000000 00:00 0 
7f36138f9000-7f36138fc000 ---p 00000000 00:00 0 
7f36138fc000-7f36139fa000 rw-p 00000000 00:00 0 
7f36139fa000-7f36139fd000 ---p 00000000 00:00 0 
7f36139fd000-7f3613afb000 rw-p 00000000 00:00 0 
7f3613afb000-7f3613afc000 ---p 00000000 00:00 0 
7f3613afc000-7f3614000000 rw-p 00000000 00:00 0 
7f3614000000-7f3614021000 rw-p 00000000 00:00 0 
7f3614021000-7f3618000000 ---p 00000000 00:00 0 
7f3618000000-7f3618002000 r--s 00009000 ca:01 1544281                    /usr/local/spark/jars/jackson-module-paranamer-2.6.5.jar
7f3618002000-7f3618006000 r--s 0003c000 ca:01 1544328                    /usr/local/spark/jars/jackson-core-2.6.5.jar
7f3618006000-7f3618007000 r--s 00009000 ca:01 1544272                    /usr/local/spark/jars/json4s-jackson_2.11-3.2.11.jar
7f3618007000-7f361801e000 r--s 00183000 ca:01 1544369                    /usr/local/spark/jars/hadoop-yarn-common-2.7.3.jar
7f361801e000-7f361801f000 r--s 0000b000 ca:01 1544276                    /usr/local/spark/jars/snappy-0.2.jar
7f361801f000-7f3618027000 r--s 00058000 ca:01 1544366                    /usr/local/spark/jars/parquet-format-2.3.1.jar
7f3618027000-7f3618028000 r--s 00000000 ca:01 1544381                    /usr/local/spark/jars/javax.inject-1.jar
7f3618028000-7f361802c000 r--s 00014000 ca:01 1544435                    /usr/local/spark/jars/xz-1.0.jar
7f361802c000-7f361802e000 r--s 00004000 ca:01 1544298                    /usr/local/spark/jars/stax-api-1.0-2.jar
7f361802e000-7f3618035000 r--s 00058000 ca:01 1544404                    /usr/local/spark/jars/hadoop-yarn-server-common-2.7.3.jar
7f3618035000-7f361803a000 r--s 0002a000 ca:01 1544422                    /usr/local/spark/jars/gson-2.2.4.jar
7f361803a000-7f361803c000 r--s 0001d000 ca:01 775576                     /usr/local/spark/lib/hadoop-aws-2.7.6.jar
7f361803c000-7f361805f000 rw-p 00000000 00:00 0 
7f361805f000-7f361807a000 r--s 00394000 ca:01 257743                     /usr/lib/jvm/java-8-openjdk-amd64/jre/lib/ext/cldrdata.jar
7f361807a000-7f3618095000 r--s 001d6000 ca:01 257746                     /usr/lib/jvm/java-8-openjdk-amd64/jre/lib/ext/nashorn.jar
7f3618095000-7f36185bb000 rw-p 00000000 00:00 0 
7f36185bb000-7f361878a000 r--s 03c2f000 ca:01 259111                     /usr/lib/jvm/java-8-openjdk-amd64/jre/lib/rt.jar
7f361878a000-7f3619000000 rw-p 00000000 00:00 0 
7f3619000000-7f3619ad0000 rwxp 00000000 00:00 0 
7f3619ad0000-7f3628000000 ---p 00000000 00:00 0 
7f3628000000-7f3629a54000 rw-p 00000000 00:00 0 
7f3629a54000-7f362c000000 ---p 00000000 00:00 0 
7f362c000000-7f362c001000 r--s 00004000 ca:01 1544348                    /usr/local/spark/jars/opencsv-2.3.jar
7f362c001000-7f362c003000 r--s 00001000 ca:01 257741                     /usr/lib/jvm/java-8-openjdk-amd64/jre/lib/ext/dnsns.jar
7f362c003000-7f362c009000 r--s 0003b000 ca:01 257744                     /usr/lib/jvm/java-8-openjdk-amd64/jre/lib/ext/sunjce_provider.jar
7f362c009000-7f362c013000 r--s 00116000 ca:01 257748                     /usr/lib/jvm/java-8-openjdk-amd64/jre/lib/ext/localedata.jar
7f362c013000-7f362e055000 rw-p 00000000 00:00 0 
7f362e055000-7f362e056000 ---p 00000000 00:00 0 
7f362e056000-7f362e156000 rw-p 00000000 00:00 0 
7f362e156000-7f362e157000 ---p 00000000 00:00 0 
7f362e157000-7f362e289000 rw-p 00000000 00:00 0 
7f362e289000-7f362e3ad000 ---p 00000000 00:00 0 
7f362e3ad000-7f362e3df000 rw-p 00000000 00:00 0 
7f362e3df000-7f362e502000 ---p 00000000 00:00 0 
7f362e502000-7f362e54a000 rw-p 00000000 00:00 0 
7f362e54a000-7f362e5ad000 ---p 00000000 00:00 0 
7f362e5ad000-7f362e5da000 rw-p 00000000 00:00 0 
7f362e5da000-7f362e96e000 ---p 00000000 00:00 0 
7f362e96e000-7f362e976000 r-xp 00000000 ca:01 257774                     /usr/lib/jvm/java-8-openjdk-amd64/jre/lib/amd64/libzip.so
7f362e976000-7f362eb75000 ---p 00008000 ca:01 257774                     /usr/lib/jvm/java-8-openjdk-amd64/jre/lib/amd64/libzip.so
7f362eb75000-7f362eb76000 r--p 00007000 ca:01 257774                     /usr/lib/jvm/java-8-openjdk-amd64/jre/lib/amd64/libzip.so
7f362eb76000-7f362eb77000 rw-p 00008000 ca:01 257774                     /usr/lib/jvm/java-8-openjdk-amd64/jre/lib/amd64/libzip.so
7f362eb77000-7f362eb82000 r-xp 00000000 ca:01 21469                      /lib/x86_64-linux-gnu/libnss_files-2.23.so
7f362eb82000-7f362ed81000 ---p 0000b000 ca:01 21469                      /lib/x86_64-linux-gnu/libnss_files-2.23.so
7f362ed81000-7f362ed82000 r--p 0000a000 ca:01 21469                      /lib/x86_64-linux-gnu/libnss_files-2.23.so
7f362ed82000-7f362ed83000 rw-p 0000b000 ca:01 21469                      /lib/x86_64-linux-gnu/libnss_files-2.23.so
7f362ed83000-7f362ed89000 rw-p 00000000 00:00 0 
7f362ed89000-7f362ed94000 r-xp 00000000 ca:01 21473                      /lib/x86_64-linux-gnu/libnss_nis-2.23.so
7f362ed94000-7f362ef93000 ---p 0000b000 ca:01 21473                      /lib/x86_64-linux-gnu/libnss_nis-2.23.so
7f362ef93000-7f362ef94000 r--p 0000a000 ca:01 21473                      /lib/x86_64-linux-gnu/libnss_nis-2.23.so
7f362ef94000-7f362ef95000 rw-p 0000b000 ca:01 21473                      /lib/x86_64-linux-gnu/libnss_nis-2.23.so
7f362ef95000-7f362efab000 r-xp 00000000 ca:01 21453                      /lib/x86_64-linux-gnu/libnsl-2.23.so
7f362efab000-7f362f1aa000 ---p 00016000 ca:01 21453                      /lib/x86_64-linux-gnu/libnsl-2.23.so
7f362f1aa000-7f362f1ab000 r--p 00015000 ca:01 21453                      /lib/x86_64-linux-gnu/libnsl-2.23.so
7f362f1ab000-7f362f1ac000 rw-p 00016000 ca:01 21453                      /lib/x86_64-linux-gnu/libnsl-2.23.so
7f362f1ac000-7f362f1ae000 rw-p 00000000 00:00 0 
7f362f1ae000-7f362f1b6000 r-xp 00000000 ca:01 21464                      /lib/x86_64-linux-gnu/libnss_compat-2.23.so
7f362f1b6000-7f362f3b5000 ---p 00008000 ca:01 21464                      /lib/x86_64-linux-gnu/libnss_compat-2.23.so
7f362f3b5000-7f362f3b6000 r--p 00007000 ca:01 21464                      /lib/x86_64-linux-gnu/libnss_compat-2.23.so
7f362f3b6000-7f362f3b7000 rw-p 00008000 ca:01 21464                      /lib/x86_64-linux-gnu/libnss_compat-2.23.so
7f362f3b7000-7f362f3e4000 r-xp 00000000 ca:01 257765                     /usr/lib/jvm/java-8-openjdk-amd64/jre/lib/amd64/libjava.so
7f362f3e4000-7f362f5e3000 ---p 0002d000 ca:01 257765                     /usr/lib/jvm/java-8-openjdk-amd64/jre/lib/amd64/libjava.so
7f362f5e3000-7f362f5e4000 r--p 0002c000 ca:01 257765                     /usr/lib/jvm/java-8-openjdk-amd64/jre/lib/amd64/libjava.so
7f362f5e4000-7f362f5e6000 rw-p 0002d000 ca:01 257765                     /usr/lib/jvm/java-8-openjdk-amd64/jre/lib/amd64/libjava.so
7f362f5e6000-7f362f5f5000 r-xp 00000000 ca:01 257751                     /usr/lib/jvm/java-8-openjdk-amd64/jre/lib/amd64/libverify.so
7f362f5f5000-7f362f7f4000 ---p 0000f000 ca:01 257751                     /usr/lib/jvm/java-8-openjdk-amd64/jre/lib/amd64/libverify.so
7f362f7f4000-7f362f7f6000 r--p 0000e000 ca:01 257751                     /usr/lib/jvm/java-8-openjdk-amd64/jre/lib/amd64/libverify.so
7f362f7f6000-7f362f7f7000 rw-p 00010000 ca:01 257751                     /usr/lib/jvm/java-8-openjdk-amd64/jre/lib/amd64/libverify.so
7f362f7f7000-7f362f7fe000 r-xp 00000000 ca:01 21474                      /lib/x86_64-linux-gnu/librt-2.23.so
7f362f7fe000-7f362f9fd000 ---p 00007000 ca:01 21474                      /lib/x86_64-linux-gnu/librt-2.23.so
7f362f9fd000-7f362f9fe000 r--p 00006000 ca:01 21474                      /lib/x86_64-linux-gnu/librt-2.23.so
7f362f9fe000-7f362f9ff000 rw-p 00007000 ca:01 21474                      /lib/x86_64-linux-gnu/librt-2.23.so
7f362f9ff000-7f362fa15000 r-xp 00000000 ca:01 2038                       /lib/x86_64-linux-gnu/libgcc_s.so.1
7f362fa15000-7f362fc14000 ---p 00016000 ca:01 2038                       /lib/x86_64-linux-gnu/libgcc_s.so.1
7f362fc14000-7f362fc15000 rw-p 00015000 ca:01 2038                       /lib/x86_64-linux-gnu/libgcc_s.so.1
7f362fc15000-7f362fd1d000 r-xp 00000000 ca:01 21452                      /lib/x86_64-linux-gnu/libm-2.23.so
7f362fd1d000-7f362ff1c000 ---p 00108000 ca:01 21452                      /lib/x86_64-linux-gnu/libm-2.23.so
7f362ff1c000-7f362ff1d000 r--p 00107000 ca:01 21452                      /lib/x86_64-linux-gnu/libm-2.23.so
7f362ff1d000-7f362ff1e000 rw-p 00108000 ca:01 21452                      /lib/x86_64-linux-gnu/libm-2.23.so
7f362ff1e000-7f3630090000 r-xp 00000000 ca:01 2077                       /usr/lib/x86_64-linux-gnu/libstdc++.so.6.0.21
7f3630090000-7f3630290000 ---p 00172000 ca:01 2077                       /usr/lib/x86_64-linux-gnu/libstdc++.so.6.0.21
7f3630290000-7f363029a000 r--p 00172000 ca:01 2077                       /usr/lib/x86_64-linux-gnu/libstdc++.so.6.0.21
7f363029a000-7f363029c000 rw-p 0017c000 ca:01 2077                       /usr/lib/x86_64-linux-gnu/libstdc++.so.6.0.21
7f363029c000-7f36302a0000 rw-p 00000000 00:00 0 
7f36302a0000-7f3630ef9000 r-xp 00000000 ca:01 259087                     /usr/lib/jvm/java-8-openjdk-amd64/jre/lib/amd64/server/libjvm.so
7f3630ef9000-7f36310f9000 ---p 00c59000 ca:01 259087                     /usr/lib/jvm/java-8-openjdk-amd64/jre/lib/amd64/server/libjvm.so
7f36310f9000-7f363118c000 r--p 00c59000 ca:01 259087                     /usr/lib/jvm/java-8-openjdk-amd64/jre/lib/amd64/server/libjvm.so
7f363118c000-7f36311b5000 rw-p 00cec000 ca:01 259087                     /usr/lib/jvm/java-8-openjdk-amd64/jre/lib/amd64/server/libjvm.so
7f36311b5000-7f36311e5000 rw-p 00000000 00:00 0 
7f36311e5000-7f36311fd000 r-xp 00000000 ca:01 21455                      /lib/x86_64-linux-gnu/libpthread-2.23.so
7f36311fd000-7f36313fc000 ---p 00018000 ca:01 21455                      /lib/x86_64-linux-gnu/libpthread-2.23.so
7f36313fc000-7f36313fd000 r--p 00017000 ca:01 21455                      /lib/x86_64-linux-gnu/libpthread-2.23.so
7f36313fd000-7f36313fe000 rw-p 00018000 ca:01 21455                      /lib/x86_64-linux-gnu/libpthread-2.23.so
7f36313fe000-7f3631402000 rw-p 00000000 00:00 0 
7f3631402000-7f3631405000 r-xp 00000000 ca:01 21458                      /lib/x86_64-linux-gnu/libdl-2.23.so
7f3631405000-7f3631604000 ---p 00003000 ca:01 21458                      /lib/x86_64-linux-gnu/libdl-2.23.so
7f3631604000-7f3631605000 r--p 00002000 ca:01 21458                      /lib/x86_64-linux-gnu/libdl-2.23.so
7f3631605000-7f3631606000 rw-p 00003000 ca:01 21458                      /lib/x86_64-linux-gnu/libdl-2.23.so
7f3631606000-7f363161f000 r-xp 00000000 ca:01 2192                       /lib/x86_64-linux-gnu/libz.so.1.2.8
7f363161f000-7f363181e000 ---p 00019000 ca:01 2192                       /lib/x86_64-linux-gnu/libz.so.1.2.8
7f363181e000-7f363181f000 r--p 00018000 ca:01 2192                       /lib/x86_64-linux-gnu/libz.so.1.2.8
7f363181f000-7f3631820000 rw-p 00019000 ca:01 2192                       /lib/x86_64-linux-gnu/libz.so.1.2.8
7f3631820000-7f36319e0000 r-xp 00000000 ca:01 21456                      /lib/x86_64-linux-gnu/libc-2.23.so
7f36319e0000-7f3631be0000 ---p 001c0000 ca:01 21456                      /lib/x86_64-linux-gnu/libc-2.23.so
7f3631be0000-7f3631be4000 r--p 001c0000 ca:01 21456                      /lib/x86_64-linux-gnu/libc-2.23.so
7f3631be4000-7f3631be6000 rw-p 001c4000 ca:01 21456                      /lib/x86_64-linux-gnu/libc-2.23.so
7f3631be6000-7f3631bea000 rw-p 00000000 00:00 0 
7f3631bea000-7f3631bf7000 r-xp 00000000 ca:01 257776                     /usr/lib/jvm/java-8-openjdk-amd64/jre/lib/amd64/jli/libjli.so
7f3631bf7000-7f3631df7000 ---p 0000d000 ca:01 257776                     /usr/lib/jvm/java-8-openjdk-amd64/jre/lib/amd64/jli/libjli.so
7f3631df7000-7f3631df8000 r--p 0000d000 ca:01 257776                     /usr/lib/jvm/java-8-openjdk-amd64/jre/lib/amd64/jli/libjli.so
7f3631df8000-7f3631df9000 rw-p 0000e000 ca:01 257776                     /usr/lib/jvm/java-8-openjdk-amd64/jre/lib/amd64/jli/libjli.so
7f3631df9000-7f3631e1f000 r-xp 00000000 ca:01 21454                      /lib/x86_64-linux-gnu/ld-2.23.so
7f3631e1f000-7f3631e22000 r--s 00038000 ca:01 257742                     /usr/lib/jvm/java-8-openjdk-amd64/jre/lib/ext/sunpkcs11.jar
7f3631e22000-7f3631f07000 rw-p 00000000 00:00 0 
7f3631f07000-7f3631f0f000 rw-s 00000000 ca:01 776354                     /tmp/hsperfdata_ubuntu/26135
7f3631f0f000-7f3631f12000 ---p 00000000 00:00 0 
7f3631f12000-7f3632014000 rw-p 00000000 00:00 0 
7f3632014000-7f3632015000 r--s 0000a000 ca:01 257747                     /usr/lib/jvm/java-8-openjdk-amd64/jre/lib/ext/jaccess.jar
7f3632015000-7f3632017000 r--s 00008000 ca:01 257739                     /usr/lib/jvm/java-8-openjdk-amd64/jre/lib/ext/sunec.jar
7f3632017000-7f3632018000 r--s 00010000 ca:01 257740                     /usr/lib/jvm/java-8-openjdk-amd64/jre/lib/ext/zipfs.jar
7f3632018000-7f363201b000 r--s 0000f000 ca:01 257745                     /usr/lib/jvm/java-8-openjdk-amd64/jre/lib/ext/icedtea-sound.jar
7f363201b000-7f363201c000 rw-p 00000000 00:00 0 
7f363201c000-7f363201d000 ---p 00000000 00:00 0 
7f363201d000-7f363201e000 rw-p 00000000 00:00 0 
7f363201e000-7f363201f000 r--p 00025000 ca:01 21454                      /lib/x86_64-linux-gnu/ld-2.23.so
7f363201f000-7f3632020000 rw-p 00026000 ca:01 21454                      /lib/x86_64-linux-gnu/ld-2.23.so
7f3632020000-7f3632021000 rw-p 00000000 00:00 0 
7ffff58d6000-7ffff58f7000 rw-p 00000000 00:00 0                          [stack]
7ffff59a6000-7ffff59a8000 r--p 00000000 00:00 0                          [vvar]
7ffff59a8000-7ffff59aa000 r-xp 00000000 00:00 0                          [vdso]
ffffffffff600000-ffffffffff601000 r-xp 00000000 00:00 0                  [vsyscall]

VM Arguments:
jvm_args: -Xmx1g 
java_command: org.apache.spark.deploy.SparkSubmit --master spark://ec2-35-160-167-99.us-west-2.compute.amazonaws.com:7077 --class PriceDataStreaming --jars target/scala-2.11/streamhits-assembly-1.0.jar target/scala-2.11/streamhits-assembly-1.0.jar
java_class_path (initial): /usr/local/spark/lib/aws-java-sdk-1.7.4.jar:/usr/local/spark/lib/hadoop-aws-2.7.6.jar:/usr/local/spark/conf/:/usr/local/spark/jars/spark-sql_2.11-2.2.1.jar:/usr/local/spark/jars/gson-2.2.4.jar:/usr/local/spark/jars/opencsv-2.3.jar:/usr/local/spark/jars/hadoop-yarn-server-common-2.7.3.jar:/usr/local/spark/jars/stax-api-1.0-2.jar:/usr/local/spark/jars/xz-1.0.jar:/usr/local/spark/jars/javax.inject-1.jar:/usr/local/spark/jars/parquet-format-2.3.1.jar:/usr/local/spark/jars/snappy-0.2.jar:/usr/local/spark/jars/hadoop-yarn-common-2.7.3.jar:/usr/local/spark/jars/json4s-jackson_2.11-3.2.11.jar:/usr/local/spark/jars/jackson-core-2.6.5.jar:/usr/local/spark/jars/jackson-databind-2.6.5.jar:/usr/local/spark/jars/parquet-hadoop-bundle-1.6.0.jar:/usr/local/spark/jars/commons-lang3-3.5.jar:/usr/local/spark/jars/jackson-module-paranamer-2.6.5.jar:/usr/local/spark/jars/spark-core_2.11-2.2.1.jar:/usr/local/spark/jars/chill-java-0.8.0.jar:/usr/local/spark/jars/jersey-common-2.22.2.jar:/usr/local/spark/jars/datanucleus-rdbms-3.2.9.jar:/usr/local/spark/jars/hadoop-mapreduce-client-common-2.7.3.jar:/usr/local/spark/jars/spark-repl_2.11-2.2.1.jar:/usr/local/spark/jars/jersey-container-servlet-core-2.22.2.jar:/usr/local/spark/jars/netty-all-4.0.43.Final.jar:/usr/local/spark/jars/hive-jdbc-1.2.1.spark2.jar:/usr/local/spark/jars/commons-math3-3.4.1.jar:/usr/local/spark/jars/spark-hive-thriftserver_2.11-2.2.1.jar:/usr/local/spark/jars/hadoop-mapreduce-client-app-2.7.3.jar:/usr/local/spark/jars/datanucleus-core-3.2.10.jar:/usr/local/spark/jars/httpclient-4.5.2.jar:/usr/local/spark/jars/hive-cli-1.2.1.spark2.jar:/usr/local/spark/jars/slf4j-log4j12-1.7.16.jar:/usr/local/spark/jars/scala-reflect-2.11.8.jar:/usr/local/spark/jars/parquet-encoding-1.8.2.jar:/usr/local/spark/jars/aopalliance-1.0.jar:/usr/local/spark/jars/zookeeper-3.4.6.jar:/usr/local/spark/jars/spark-mllib-local_2.11-2.2.1.jar:/usr/local/spark/jars/protobuf-java-2.5.0.jar:/usr/local/spark/jars/spark-stream
Launcher Type: SUN_STANDARD

Environment Variables:
JAVA_HOME=/usr
PATH=/home/ubuntu/bin:/home/ubuntu/.local/bin:/usr/local/bin:/usr/bin:/bin:/usr/local/games:/usr/games:/snap/bin:/usr/bin:/usr/local/hadoop/bin:/usr/local/spark/bin:/usr/local/zookeeper/bin:/usr/local/kafka/bin:/usr/local/cassandra/bin
SHELL=/bin/bash

Signal Handlers:
SIGSEGV: [libjvm.so+0xa6e6f0], sa_mask[0]=11111111011111111101111111111110, sa_flags=SA_RESTART|SA_SIGINFO
SIGBUS: [libjvm.so+0xa6e6f0], sa_mask[0]=11111111011111111101111111111110, sa_flags=SA_RESTART|SA_SIGINFO
SIGFPE: [libjvm.so+0x8b5d50], sa_mask[0]=11111111011111111101111111111110, sa_flags=SA_RESTART|SA_SIGINFO
SIGPIPE: [libjvm.so+0x8b5d50], sa_mask[0]=11111111011111111101111111111110, sa_flags=SA_RESTART|SA_SIGINFO
SIGXFSZ: [libjvm.so+0x8b5d50], sa_mask[0]=11111111011111111101111111111110, sa_flags=SA_RESTART|SA_SIGINFO
SIGILL: [libjvm.so+0x8b5d50], sa_mask[0]=11111111011111111101111111111110, sa_flags=SA_RESTART|SA_SIGINFO
SIGUSR1: SIG_DFL, sa_mask[0]=00000000000000000000000000000000, sa_flags=none
SIGUSR2: [libjvm.so+0x8b5c00], sa_mask[0]=00000000000000000000000000000000, sa_flags=SA_RESTART|SA_SIGINFO
SIGHUP: [libjvm.so+0x8b60d0], sa_mask[0]=11111111011111111101111111111110, sa_flags=SA_RESTART|SA_SIGINFO
SIGINT: [libjvm.so+0x8b60d0], sa_mask[0]=11111111011111111101111111111110, sa_flags=SA_RESTART|SA_SIGINFO
SIGTERM: [libjvm.so+0x8b60d0], sa_mask[0]=11111111011111111101111111111110, sa_flags=SA_RESTART|SA_SIGINFO
SIGQUIT: [libjvm.so+0x8b60d0], sa_mask[0]=11111111011111111101111111111110, sa_flags=SA_RESTART|SA_SIGINFO


---------------  S Y S T E M  ---------------

OS:DISTRIB_ID=Ubuntu
DISTRIB_RELEASE=16.04
DISTRIB_CODENAME=xenial
DISTRIB_DESCRIPTION="Ubuntu 16.04.2 LTS"

uname:Linux 4.4.0-1022-aws #31-Ubuntu SMP Tue Jun 27 11:27:55 UTC 2017 x86_64
libc:glibc 2.23 NPTL 2.23 
rlimit: STACK 8192k, CORE 0k, NPROC 31868, NOFILE 1048576, AS infinity
load average:9.95 2.26 0.74

/proc/meminfo:
MemTotal:        8173984 kB
MemFree:          120524 kB
MemAvailable:       7580 kB
Buffers:             180 kB
Cached:            43752 kB
SwapCached:            0 kB
Active:          7881440 kB
Inactive:          36460 kB
Active(anon):    7879884 kB
Inactive(anon):    30344 kB
Active(file):       1556 kB
Inactive(file):     6116 kB
Unevictable:        3660 kB
Mlocked:            3660 kB
SwapTotal:             0 kB
SwapFree:              0 kB
Dirty:                84 kB
Writeback:             0 kB
AnonPages:       7877724 kB
Mapped:             9608 kB
Shmem:             33740 kB
Slab:              60436 kB
SReclaimable:      34356 kB
SUnreclaim:        26080 kB
KernelStack:       14800 kB
PageTables:        25260 kB
NFS_Unstable:          0 kB
Bounce:                0 kB
WritebackTmp:          0 kB
CommitLimit:     4086992 kB
Committed_AS:    9866428 kB
VmallocTotal:   34359738367 kB
VmallocUsed:           0 kB
VmallocChunk:          0 kB
HardwareCorrupted:     0 kB
AnonHugePages:   6742016 kB
CmaTotal:              0 kB
CmaFree:               0 kB
HugePages_Total:       0
HugePages_Free:        0
HugePages_Rsvd:        0
HugePages_Surp:        0
Hugepagesize:       2048 kB
DirectMap4k:       63488 kB
DirectMap2M:     4130816 kB
DirectMap1G:     5242880 kB


CPU:total 2 (initial active 2) (1 cores per cpu, 2 threads per core) family 6 model 79 stepping 1, cmov, cx8, fxsr, mmx, sse, sse2, sse3, ssse3, sse4.1, sse4.2, popcnt, avx, avx2, aes, clmul, erms, lzcnt, ht, tsc, bmi1, bmi2

/proc/cpuinfo:
processor	: 0
vendor_id	: GenuineIntel
cpu family	: 6
model		: 79
model name	: Intel(R) Xeon(R) CPU E5-2686 v4 @ 2.30GHz
stepping	: 1
microcode	: 0xb000025
cpu MHz		: 2300.050
cache size	: 46080 KB
physical id	: 0
siblings	: 2
core id		: 0
cpu cores	: 1
apicid		: 0
initial apicid	: 0
fpu		: yes
fpu_exception	: yes
cpuid level	: 13
wp		: yes
flags		: fpu vme de pse tsc msr pae mce cx8 apic sep mtrr pge mca cmov pat pse36 clflush mmx fxsr sse sse2 ht syscall nx pdpe1gb rdtscp lm constant_tsc rep_good nopl xtopology eagerfpu pni pclmulqdq ssse3 fma cx16 pcid sse4_1 sse4_2 x2apic movbe popcnt tsc_deadline_timer aes xsave avx f16c rdrand hypervisor lahf_lm abm fsgsbase bmi1 avx2 smep bmi2 erms invpcid xsaveopt
bugs		:
bogomips	: 4600.10
clflush size	: 64
cache_alignment	: 64
address sizes	: 46 bits physical, 48 bits virtual
power management:

processor	: 1
vendor_id	: GenuineIntel
cpu family	: 6
model		: 79
model name	: Intel(R) Xeon(R) CPU E5-2686 v4 @ 2.30GHz
stepping	: 1
microcode	: 0xb000025
cpu MHz		: 2300.050
cache size	: 46080 KB
physical id	: 0
siblings	: 2
core id		: 0
cpu cores	: 1
apicid		: 1
initial apicid	: 1
fpu		: yes
fpu_exception	: yes
cpuid level	: 13
wp		: yes
flags		: fpu vme de pse tsc msr pae mce cx8 apic sep mtrr pge mca cmov pat pse36 clflush mmx fxsr sse sse2 ht syscall nx pdpe1gb rdtscp lm constant_tsc rep_good nopl xtopology eagerfpu pni pclmulqdq ssse3 fma cx16 pcid sse4_1 sse4_2 x2apic movbe popcnt tsc_deadline_timer aes xsave avx f16c rdrand hypervisor lahf_lm abm fsgsbase bmi1 avx2 smep bmi2 erms invpcid xsaveopt
bugs		:
bogomips	: 4600.10
clflush size	: 64
cache_alignment	: 64
address sizes	: 46 bits physical, 48 bits virtual
power management:



Memory: 4k page, physical 8173984k(121228k free), swap 0k(0k free)

vm_info: OpenJDK 64-Bit Server VM (25.171-b11) for linux-amd64 JRE (1.8.0_171-8u171-b11-0ubuntu0.16.04.1-b11), built on Apr 27 2018 17:19:03 by "buildd" with gcc 5.4.0 20160609

time: Wed May 16 20:15:27 2018
elapsed time: 76 seconds (0d 0h 1m 16s)

