#
# There is insufficient memory for the Java Runtime Environment to continue.
# Native memory allocation (mmap) failed to map 716177408 bytes for committing reserved memory.
# Possible reasons:
#   The system is out of physical RAM or swap space
#   In 32 bit mode, the process size limit was hit
# Possible solutions:
#   Reduce memory load on the system
#   Increase physical memory or swap space
#   Check if swap backing store is full
#   Use 64 bit Java on a 64 bit OS
#   Decrease Java heap size (-Xmx/-Xms)
#   Decrease number of Java threads
#   Decrease Java thread stack sizes (-Xss)
#   Set larger code cache with -XX:ReservedCodeCacheSize=
# This output file may be truncated or incomplete.
#
#  Out of Memory Error (os_linux.cpp:2643), pid=11151, tid=0x00007fc5561cf700
#
# JRE version:  (8.0_171-b11) (build )
# Java VM: OpenJDK 64-Bit Server VM (25.171-b11 mixed mode linux-amd64 compressed oops)
# Failed to write core dump. Core dumps have been disabled. To enable core dumping, try "ulimit -c unlimited" before starting Java again
#

---------------  T H R E A D  ---------------

Current thread (0x00007fc54c00a800):  JavaThread "Unknown thread" [_thread_in_vm, id=11152, stack(0x00007fc5560cf000,0x00007fc5561d0000)]

Stack: [0x00007fc5560cf000,0x00007fc5561d0000],  sp=0x00007fc5561ce630,  free space=1021k
Native frames: (J=compiled Java code, j=interpreted, Vv=VM code, C=native code)
V  [libjvm.so+0xa6db9b]
V  [libjvm.so+0x4c694c]
V  [libjvm.so+0x8ba818]
V  [libjvm.so+0x8b4bae]
V  [libjvm.so+0x92ff96]
V  [libjvm.so+0x920aa3]
V  [libjvm.so+0x2af881]
V  [libjvm.so+0x8dffe9]
V  [libjvm.so+0xa310f9]
V  [libjvm.so+0xa31342]
V  [libjvm.so+0x61133f]
V  [libjvm.so+0xa166ea]
V  [libjvm.so+0x68b8c2]  JNI_CreateJavaVM+0x62
C  [libjli.so+0x2f2e]
C  [libjli.so+0x74ad]
C  [libpthread.so.0+0x76ba]  start_thread+0xca


---------------  P R O C E S S  ---------------

Java Threads: ( => current thread )

Other Threads:

=>0x00007fc54c00a800 (exited) JavaThread "Unknown thread" [_thread_in_vm, id=11152, stack(0x00007fc5560cf000,0x00007fc5561d0000)]

VM state:not at safepoint (not fully initialized)

VM Mutex/Monitor currently owned by a thread: None

GC Heap History (0 events):
No events

Deoptimization events (0 events):
No events

Classes redefined (0 events):
No events

Internal exceptions (0 events):
No events

Events (0 events):
No events


Dynamic libraries:
00400000-00401000 r-xp 00000000 ca:01 257735                             /usr/lib/jvm/java-8-openjdk-amd64/jre/bin/java
00600000-00601000 r--p 00000000 ca:01 257735                             /usr/lib/jvm/java-8-openjdk-amd64/jre/bin/java
00601000-00602000 rw-p 00001000 ca:01 257735                             /usr/lib/jvm/java-8-openjdk-amd64/jre/bin/java
018fc000-0191d000 rw-p 00000000 00:00 0                                  [heap]
eab00000-100000000 rw-p 00000000 00:00 0 
7fc544000000-7fc544270000 rwxp 00000000 00:00 0 
7fc544270000-7fc54c000000 ---p 00000000 00:00 0 
7fc54c000000-7fc54c032000 rw-p 00000000 00:00 0 
7fc54c032000-7fc550000000 ---p 00000000 00:00 0 
7fc55272d000-7fc552882000 ---p 00000000 00:00 0 
7fc552882000-7fc552938000 rw-p 00000000 00:00 0 
7fc552938000-7fc552b2e000 ---p 00000000 00:00 0 
7fc552b2e000-7fc552b36000 r-xp 00000000 ca:01 257774                     /usr/lib/jvm/java-8-openjdk-amd64/jre/lib/amd64/libzip.so
7fc552b36000-7fc552d35000 ---p 00008000 ca:01 257774                     /usr/lib/jvm/java-8-openjdk-amd64/jre/lib/amd64/libzip.so
7fc552d35000-7fc552d36000 r--p 00007000 ca:01 257774                     /usr/lib/jvm/java-8-openjdk-amd64/jre/lib/amd64/libzip.so
7fc552d36000-7fc552d37000 rw-p 00008000 ca:01 257774                     /usr/lib/jvm/java-8-openjdk-amd64/jre/lib/amd64/libzip.so
7fc552d37000-7fc552d42000 r-xp 00000000 ca:01 21469                      /lib/x86_64-linux-gnu/libnss_files-2.23.so
7fc552d42000-7fc552f41000 ---p 0000b000 ca:01 21469                      /lib/x86_64-linux-gnu/libnss_files-2.23.so
7fc552f41000-7fc552f42000 r--p 0000a000 ca:01 21469                      /lib/x86_64-linux-gnu/libnss_files-2.23.so
7fc552f42000-7fc552f43000 rw-p 0000b000 ca:01 21469                      /lib/x86_64-linux-gnu/libnss_files-2.23.so
7fc552f43000-7fc552f49000 rw-p 00000000 00:00 0 
7fc552f49000-7fc552f54000 r-xp 00000000 ca:01 21473                      /lib/x86_64-linux-gnu/libnss_nis-2.23.so
7fc552f54000-7fc553153000 ---p 0000b000 ca:01 21473                      /lib/x86_64-linux-gnu/libnss_nis-2.23.so
7fc553153000-7fc553154000 r--p 0000a000 ca:01 21473                      /lib/x86_64-linux-gnu/libnss_nis-2.23.so
7fc553154000-7fc553155000 rw-p 0000b000 ca:01 21473                      /lib/x86_64-linux-gnu/libnss_nis-2.23.so
7fc553155000-7fc55316b000 r-xp 00000000 ca:01 21453                      /lib/x86_64-linux-gnu/libnsl-2.23.so
7fc55316b000-7fc55336a000 ---p 00016000 ca:01 21453                      /lib/x86_64-linux-gnu/libnsl-2.23.so
7fc55336a000-7fc55336b000 r--p 00015000 ca:01 21453                      /lib/x86_64-linux-gnu/libnsl-2.23.so
7fc55336b000-7fc55336c000 rw-p 00016000 ca:01 21453                      /lib/x86_64-linux-gnu/libnsl-2.23.so
7fc55336c000-7fc55336e000 rw-p 00000000 00:00 0 
7fc55336e000-7fc553376000 r-xp 00000000 ca:01 21464                      /lib/x86_64-linux-gnu/libnss_compat-2.23.so
7fc553376000-7fc553575000 ---p 00008000 ca:01 21464                      /lib/x86_64-linux-gnu/libnss_compat-2.23.so
7fc553575000-7fc553576000 r--p 00007000 ca:01 21464                      /lib/x86_64-linux-gnu/libnss_compat-2.23.so
7fc553576000-7fc553577000 rw-p 00008000 ca:01 21464                      /lib/x86_64-linux-gnu/libnss_compat-2.23.so
7fc553577000-7fc5535a4000 r-xp 00000000 ca:01 257765                     /usr/lib/jvm/java-8-openjdk-amd64/jre/lib/amd64/libjava.so
7fc5535a4000-7fc5537a3000 ---p 0002d000 ca:01 257765                     /usr/lib/jvm/java-8-openjdk-amd64/jre/lib/amd64/libjava.so
7fc5537a3000-7fc5537a4000 r--p 0002c000 ca:01 257765                     /usr/lib/jvm/java-8-openjdk-amd64/jre/lib/amd64/libjava.so
7fc5537a4000-7fc5537a6000 rw-p 0002d000 ca:01 257765                     /usr/lib/jvm/java-8-openjdk-amd64/jre/lib/amd64/libjava.so
7fc5537a6000-7fc5537b5000 r-xp 00000000 ca:01 257751                     /usr/lib/jvm/java-8-openjdk-amd64/jre/lib/amd64/libverify.so
7fc5537b5000-7fc5539b4000 ---p 0000f000 ca:01 257751                     /usr/lib/jvm/java-8-openjdk-amd64/jre/lib/amd64/libverify.so
7fc5539b4000-7fc5539b6000 r--p 0000e000 ca:01 257751                     /usr/lib/jvm/java-8-openjdk-amd64/jre/lib/amd64/libverify.so
7fc5539b6000-7fc5539b7000 rw-p 00010000 ca:01 257751                     /usr/lib/jvm/java-8-openjdk-amd64/jre/lib/amd64/libverify.so
7fc5539b7000-7fc5539be000 r-xp 00000000 ca:01 21474                      /lib/x86_64-linux-gnu/librt-2.23.so
7fc5539be000-7fc553bbd000 ---p 00007000 ca:01 21474                      /lib/x86_64-linux-gnu/librt-2.23.so
7fc553bbd000-7fc553bbe000 r--p 00006000 ca:01 21474                      /lib/x86_64-linux-gnu/librt-2.23.so
7fc553bbe000-7fc553bbf000 rw-p 00007000 ca:01 21474                      /lib/x86_64-linux-gnu/librt-2.23.so
7fc553bbf000-7fc553bd5000 r-xp 00000000 ca:01 2038                       /lib/x86_64-linux-gnu/libgcc_s.so.1
7fc553bd5000-7fc553dd4000 ---p 00016000 ca:01 2038                       /lib/x86_64-linux-gnu/libgcc_s.so.1
7fc553dd4000-7fc553dd5000 rw-p 00015000 ca:01 2038                       /lib/x86_64-linux-gnu/libgcc_s.so.1
7fc553dd5000-7fc553edd000 r-xp 00000000 ca:01 21452                      /lib/x86_64-linux-gnu/libm-2.23.so
7fc553edd000-7fc5540dc000 ---p 00108000 ca:01 21452                      /lib/x86_64-linux-gnu/libm-2.23.so
7fc5540dc000-7fc5540dd000 r--p 00107000 ca:01 21452                      /lib/x86_64-linux-gnu/libm-2.23.so
7fc5540dd000-7fc5540de000 rw-p 00108000 ca:01 21452                      /lib/x86_64-linux-gnu/libm-2.23.so
7fc5540de000-7fc554250000 r-xp 00000000 ca:01 2077                       /usr/lib/x86_64-linux-gnu/libstdc++.so.6.0.21
7fc554250000-7fc554450000 ---p 00172000 ca:01 2077                       /usr/lib/x86_64-linux-gnu/libstdc++.so.6.0.21
7fc554450000-7fc55445a000 r--p 00172000 ca:01 2077                       /usr/lib/x86_64-linux-gnu/libstdc++.so.6.0.21
7fc55445a000-7fc55445c000 rw-p 0017c000 ca:01 2077                       /usr/lib/x86_64-linux-gnu/libstdc++.so.6.0.21
7fc55445c000-7fc554460000 rw-p 00000000 00:00 0 
7fc554460000-7fc5550b9000 r-xp 00000000 ca:01 259087                     /usr/lib/jvm/java-8-openjdk-amd64/jre/lib/amd64/server/libjvm.so
7fc5550b9000-7fc5552b9000 ---p 00c59000 ca:01 259087                     /usr/lib/jvm/java-8-openjdk-amd64/jre/lib/amd64/server/libjvm.so
7fc5552b9000-7fc55534c000 r--p 00c59000 ca:01 259087                     /usr/lib/jvm/java-8-openjdk-amd64/jre/lib/amd64/server/libjvm.so
7fc55534c000-7fc555375000 rw-p 00cec000 ca:01 259087                     /usr/lib/jvm/java-8-openjdk-amd64/jre/lib/amd64/server/libjvm.so
7fc555375000-7fc5553a5000 rw-p 00000000 00:00 0 
7fc5553a5000-7fc5553bd000 r-xp 00000000 ca:01 21455                      /lib/x86_64-linux-gnu/libpthread-2.23.so
7fc5553bd000-7fc5555bc000 ---p 00018000 ca:01 21455                      /lib/x86_64-linux-gnu/libpthread-2.23.so
7fc5555bc000-7fc5555bd000 r--p 00017000 ca:01 21455                      /lib/x86_64-linux-gnu/libpthread-2.23.so
7fc5555bd000-7fc5555be000 rw-p 00018000 ca:01 21455                      /lib/x86_64-linux-gnu/libpthread-2.23.so
7fc5555be000-7fc5555c2000 rw-p 00000000 00:00 0 
7fc5555c2000-7fc5555c5000 r-xp 00000000 ca:01 21458                      /lib/x86_64-linux-gnu/libdl-2.23.so
7fc5555c5000-7fc5557c4000 ---p 00003000 ca:01 21458                      /lib/x86_64-linux-gnu/libdl-2.23.so
7fc5557c4000-7fc5557c5000 r--p 00002000 ca:01 21458                      /lib/x86_64-linux-gnu/libdl-2.23.so
7fc5557c5000-7fc5557c6000 rw-p 00003000 ca:01 21458                      /lib/x86_64-linux-gnu/libdl-2.23.so
7fc5557c6000-7fc5557df000 r-xp 00000000 ca:01 2192                       /lib/x86_64-linux-gnu/libz.so.1.2.8
7fc5557df000-7fc5559de000 ---p 00019000 ca:01 2192                       /lib/x86_64-linux-gnu/libz.so.1.2.8
7fc5559de000-7fc5559df000 r--p 00018000 ca:01 2192                       /lib/x86_64-linux-gnu/libz.so.1.2.8
7fc5559df000-7fc5559e0000 rw-p 00019000 ca:01 2192                       /lib/x86_64-linux-gnu/libz.so.1.2.8
7fc5559e0000-7fc555ba0000 r-xp 00000000 ca:01 21456                      /lib/x86_64-linux-gnu/libc-2.23.so
7fc555ba0000-7fc555da0000 ---p 001c0000 ca:01 21456                      /lib/x86_64-linux-gnu/libc-2.23.so
7fc555da0000-7fc555da4000 r--p 001c0000 ca:01 21456                      /lib/x86_64-linux-gnu/libc-2.23.so
7fc555da4000-7fc555da6000 rw-p 001c4000 ca:01 21456                      /lib/x86_64-linux-gnu/libc-2.23.so
7fc555da6000-7fc555daa000 rw-p 00000000 00:00 0 
7fc555daa000-7fc555db7000 r-xp 00000000 ca:01 257776                     /usr/lib/jvm/java-8-openjdk-amd64/jre/lib/amd64/jli/libjli.so
7fc555db7000-7fc555fb7000 ---p 0000d000 ca:01 257776                     /usr/lib/jvm/java-8-openjdk-amd64/jre/lib/amd64/jli/libjli.so
7fc555fb7000-7fc555fb8000 r--p 0000d000 ca:01 257776                     /usr/lib/jvm/java-8-openjdk-amd64/jre/lib/amd64/jli/libjli.so
7fc555fb8000-7fc555fb9000 rw-p 0000e000 ca:01 257776                     /usr/lib/jvm/java-8-openjdk-amd64/jre/lib/amd64/jli/libjli.so
7fc555fb9000-7fc555fdf000 r-xp 00000000 ca:01 21454                      /lib/x86_64-linux-gnu/ld-2.23.so
7fc5560c7000-7fc5560cf000 rw-s 00000000 ca:01 776304                     /tmp/hsperfdata_ubuntu/11151
7fc5560cf000-7fc5560d2000 ---p 00000000 00:00 0 
7fc5560d2000-7fc5561d4000 rw-p 00000000 00:00 0 
7fc5561db000-7fc5561dc000 rw-p 00000000 00:00 0 
7fc5561dc000-7fc5561dd000 r--p 00000000 00:00 0 
7fc5561dd000-7fc5561de000 rw-p 00000000 00:00 0 
7fc5561de000-7fc5561df000 r--p 00025000 ca:01 21454                      /lib/x86_64-linux-gnu/ld-2.23.so
7fc5561df000-7fc5561e0000 rw-p 00026000 ca:01 21454                      /lib/x86_64-linux-gnu/ld-2.23.so
7fc5561e0000-7fc5561e1000 rw-p 00000000 00:00 0 
7ffd8372a000-7ffd8374b000 rw-p 00000000 00:00 0                          [stack]
7ffd8377f000-7ffd83781000 r--p 00000000 00:00 0                          [vvar]
7ffd83781000-7ffd83783000 r-xp 00000000 00:00 0                          [vdso]
ffffffffff600000-ffffffffff601000 r-xp 00000000 00:00 0                  [vsyscall]

VM Arguments:
jvm_args: -Xms1024m -Xmx1024m -XX:ReservedCodeCacheSize=128m -XX:MaxMetaspaceSize=256m 
java_command: /usr/share/sbt-launcher-packaging/bin/sbt-launch.jar assembly
java_class_path (initial): /usr/share/sbt-launcher-packaging/bin/sbt-launch.jar
Launcher Type: SUN_STANDARD

Environment Variables:
JAVA_HOME=/usr
PATH=/home/ubuntu/bin:/home/ubuntu/.local/bin:/usr/local/bin:/usr/bin:/bin:/usr/local/games:/usr/games:/snap/bin:/usr/bin:/usr/local/hadoop/bin:/usr/local/spark/bin:/usr/local/zookeeper/bin:/usr/local/kafka/bin:/usr/local/cassandra/bin
SHELL=/bin/bash

Signal Handlers:
SIGSEGV: [libjvm.so+0xa6e6f0], sa_mask[0]=11111111011111111101111111111110, sa_flags=SA_RESTART|SA_SIGINFO
SIGBUS: [libjvm.so+0xa6e6f0], sa_mask[0]=11111111011111111101111111111110, sa_flags=SA_RESTART|SA_SIGINFO
SIGFPE: [libjvm.so+0x8b5d50], sa_mask[0]=11111111011111111101111111111110, sa_flags=SA_RESTART|SA_SIGINFO
SIGPIPE: [libjvm.so+0x8b5d50], sa_mask[0]=11111111011111111101111111111110, sa_flags=SA_RESTART|SA_SIGINFO
SIGXFSZ: [libjvm.so+0x8b5d50], sa_mask[0]=11111111011111111101111111111110, sa_flags=SA_RESTART|SA_SIGINFO
SIGILL: [libjvm.so+0x8b5d50], sa_mask[0]=11111111011111111101111111111110, sa_flags=SA_RESTART|SA_SIGINFO
SIGUSR1: SIG_DFL, sa_mask[0]=00000000000000000000000000000000, sa_flags=none
SIGUSR2: [libjvm.so+0x8b5c00], sa_mask[0]=00000000000000000000000000000000, sa_flags=SA_RESTART|SA_SIGINFO
SIGHUP: SIG_IGN, sa_mask[0]=00000000000000000000000000000000, sa_flags=none
SIGINT: SIG_DFL, sa_mask[0]=00000000000000000000000000000000, sa_flags=none
SIGTERM: SIG_DFL, sa_mask[0]=00000000000000000000000000000000, sa_flags=none
SIGQUIT: SIG_DFL, sa_mask[0]=00000000000000000000000000000000, sa_flags=none


---------------  S Y S T E M  ---------------

OS:DISTRIB_ID=Ubuntu
DISTRIB_RELEASE=16.04
DISTRIB_CODENAME=xenial
DISTRIB_DESCRIPTION="Ubuntu 16.04.2 LTS"

uname:Linux 4.4.0-1022-aws #31-Ubuntu SMP Tue Jun 27 11:27:55 UTC 2017 x86_64
libc:glibc 2.23 NPTL 2.23 
rlimit: STACK 8192k, CORE 0k, NPROC 31868, NOFILE 1048576, AS infinity
load average:0.27 0.70 0.75

/proc/meminfo:
MemTotal:        8173984 kB
MemFree:          396144 kB
MemAvailable:     461516 kB
Buffers:           36512 kB
Cached:           237252 kB
SwapCached:            0 kB
Active:          7436580 kB
Inactive:         149236 kB
Active(anon):    7315476 kB
Inactive(anon):    32988 kB
Active(file):     121104 kB
Inactive(file):   116248 kB
Unevictable:        3660 kB
Mlocked:            3660 kB
SwapTotal:             0 kB
SwapFree:              0 kB
Dirty:               272 kB
Writeback:             0 kB
AnonPages:       7315968 kB
Mapped:            67448 kB
Shmem:             33740 kB
Slab:             119536 kB
SReclaimable:      92896 kB
SUnreclaim:        26640 kB
KernelStack:       13904 kB
PageTables:        23236 kB
NFS_Unstable:          0 kB
Bounce:                0 kB
WritebackTmp:          0 kB
CommitLimit:     4086992 kB
Committed_AS:    9559688 kB
VmallocTotal:   34359738367 kB
VmallocUsed:           0 kB
VmallocChunk:          0 kB
HardwareCorrupted:     0 kB
AnonHugePages:   6318080 kB
CmaTotal:              0 kB
CmaFree:               0 kB
HugePages_Total:       0
HugePages_Free:        0
HugePages_Rsvd:        0
HugePages_Surp:        0
Hugepagesize:       2048 kB
DirectMap4k:       63488 kB
DirectMap2M:     4130816 kB
DirectMap1G:     5242880 kB


CPU:total 2 (initial active 2) (1 cores per cpu, 2 threads per core) family 6 model 79 stepping 1, cmov, cx8, fxsr, mmx, sse, sse2, sse3, ssse3, sse4.1, sse4.2, popcnt, avx, avx2, aes, clmul, erms, lzcnt, ht, tsc, bmi1, bmi2

/proc/cpuinfo:
processor	: 0
vendor_id	: GenuineIntel
cpu family	: 6
model		: 79
model name	: Intel(R) Xeon(R) CPU E5-2686 v4 @ 2.30GHz
stepping	: 1
microcode	: 0xb000025
cpu MHz		: 2300.050
cache size	: 46080 KB
physical id	: 0
siblings	: 2
core id		: 0
cpu cores	: 1
apicid		: 0
initial apicid	: 0
fpu		: yes
fpu_exception	: yes
cpuid level	: 13
wp		: yes
flags		: fpu vme de pse tsc msr pae mce cx8 apic sep mtrr pge mca cmov pat pse36 clflush mmx fxsr sse sse2 ht syscall nx pdpe1gb rdtscp lm constant_tsc rep_good nopl xtopology eagerfpu pni pclmulqdq ssse3 fma cx16 pcid sse4_1 sse4_2 x2apic movbe popcnt tsc_deadline_timer aes xsave avx f16c rdrand hypervisor lahf_lm abm fsgsbase bmi1 avx2 smep bmi2 erms invpcid xsaveopt
bugs		:
bogomips	: 4600.10
clflush size	: 64
cache_alignment	: 64
address sizes	: 46 bits physical, 48 bits virtual
power management:

processor	: 1
vendor_id	: GenuineIntel
cpu family	: 6
model		: 79
model name	: Intel(R) Xeon(R) CPU E5-2686 v4 @ 2.30GHz
stepping	: 1
microcode	: 0xb000025
cpu MHz		: 2300.050
cache size	: 46080 KB
physical id	: 0
siblings	: 2
core id		: 0
cpu cores	: 1
apicid		: 1
initial apicid	: 1
fpu		: yes
fpu_exception	: yes
cpuid level	: 13
wp		: yes
flags		: fpu vme de pse tsc msr pae mce cx8 apic sep mtrr pge mca cmov pat pse36 clflush mmx fxsr sse sse2 ht syscall nx pdpe1gb rdtscp lm constant_tsc rep_good nopl xtopology eagerfpu pni pclmulqdq ssse3 fma cx16 pcid sse4_1 sse4_2 x2apic movbe popcnt tsc_deadline_timer aes xsave avx f16c rdrand hypervisor lahf_lm abm fsgsbase bmi1 avx2 smep bmi2 erms invpcid xsaveopt
bugs		:
bogomips	: 4600.10
clflush size	: 64
cache_alignment	: 64
address sizes	: 46 bits physical, 48 bits virtual
power management:



Memory: 4k page, physical 8173984k(396144k free), swap 0k(0k free)

vm_info: OpenJDK 64-Bit Server VM (25.171-b11) for linux-amd64 JRE (1.8.0_171-8u171-b11-0ubuntu0.16.04.1-b11), built on Apr 27 2018 17:19:03 by "buildd" with gcc 5.4.0 20160609

time: Wed May 16 02:14:41 2018
elapsed time: 0 seconds (0d 0h 0m 0s)

