#
# There is insufficient memory for the Java Runtime Environment to continue.
# Native memory allocation (mmap) failed to map 29360128 bytes for committing reserved memory.
# Possible reasons:
#   The system is out of physical RAM or swap space
#   In 32 bit mode, the process size limit was hit
# Possible solutions:
#   Reduce memory load on the system
#   Increase physical memory or swap space
#   Check if swap backing store is full
#   Use 64 bit Java on a 64 bit OS
#   Decrease Java heap size (-Xmx/-Xms)
#   Decrease number of Java threads
#   Decrease Java thread stack sizes (-Xss)
#   Set larger code cache with -XX:ReservedCodeCacheSize=
# This output file may be truncated or incomplete.
#
#  Out of Memory Error (os_linux.cpp:2643), pid=26468, tid=0x00007efda9527700
#
# JRE version: OpenJDK Runtime Environment (8.0_171-b11) (build 1.8.0_171-8u171-b11-0ubuntu0.16.04.1-b11)
# Java VM: OpenJDK 64-Bit Server VM (25.171-b11 mixed mode linux-amd64 compressed oops)
# Failed to write core dump. Core dumps have been disabled. To enable core dumping, try "ulimit -c unlimited" before starting Java again
#

---------------  T H R E A D  ---------------

Current thread (0x00007efdc0079000):  VMThread [stack: 0x00007efda9427000,0x00007efda9528000] [id=26485]

Stack: [0x00007efda9427000,0x00007efda9528000],  sp=0x00007efda95264c0,  free space=1021k
Native frames: (J=compiled Java code, j=interpreted, Vv=VM code, C=native code)
V  [libjvm.so+0xa6db9b]
V  [libjvm.so+0x4c694c]
V  [libjvm.so+0x8ba818]
V  [libjvm.so+0x8b4bae]
V  [libjvm.so+0x92ff96]
V  [libjvm.so+0x9312c3]
V  [libjvm.so+0x92d98b]
V  [libjvm.so+0x92dc3c]
V  [libjvm.so+0x8df553]
V  [libjvm.so+0xa6f842]
V  [libjvm.so+0xa74a07]
V  [libjvm.so+0xa72107]
V  [libjvm.so+0xa7358f]
V  [libjvm.so+0xa73a81]
V  [libjvm.so+0x8b7c22]

VM_Operation (0x00007efd7d4d2410): ParallelGCFailedAllocation, mode: safepoint, requested by thread 0x0000000001784800


---------------  P R O C E S S  ---------------

Java Threads: ( => current thread )
  0x00007efd78800800 JavaThread "org.apache.hadoop.fs.FileSystem$Statistics$StatisticsDataReferenceCleaner" daemon [_thread_blocked, id=26552, stack(0x00007efd6dcf5000,0x00007efd6ddf6000)]
  0x0000000001784800 JavaThread "streaming-job-executor-0" daemon [_thread_blocked, id=26545, stack(0x00007efd7d3d5000,0x00007efd7d4d6000)]
  0x00007efdac009800 JavaThread "metrics-meter-tick-thread-2" daemon [_thread_blocked, id=26536, stack(0x00007efd6f3fa000,0x00007efd6f4fb000)]
  0x00007efda4062800 JavaThread "RecurringTimer - JobGenerator" daemon [_thread_blocked, id=26533, stack(0x00007efd6edf6000,0x00007efd6eef7000)]
  0x00007efda4061000 JavaThread "ForkJoinPool-1-worker-1" daemon [_thread_blocked, id=26532, stack(0x00007efd6eef7000,0x00007efd6eff8000)]
  0x00007efda4035800 JavaThread "JobGenerator" daemon [_thread_blocked, id=26531, stack(0x00007efd6f1f8000,0x00007efd6f2f9000)]
  0x00007efda402f000 JavaThread "JobScheduler" daemon [_thread_blocked, id=26530, stack(0x00007efd6f2f9000,0x00007efd6f3fa000)]
  0x00007efdc15ad000 JavaThread "metrics-meter-tick-thread-1" daemon [_thread_blocked, id=26528, stack(0x00007efd6f6fb000,0x00007efd6f7fc000)]
  0x00007efdc169d000 JavaThread "SparkListenerBus" daemon [_thread_blocked, id=26527, stack(0x00007efd6f9fc000,0x00007efd6fafd000)]
  0x00007efdc1697000 JavaThread "context-cleaner-periodic-gc" daemon [_thread_blocked, id=26526, stack(0x00007efd6fafd000,0x00007efd6fbfe000)]
  0x00007efdc1695800 JavaThread "Spark Context Cleaner" daemon [_thread_blocked, id=26525, stack(0x00007efd6fbfe000,0x00007efd6fcff000)]
  0x00007efdc142d000 JavaThread "shuffle-server-5-1" daemon [_thread_blocked, id=26524, stack(0x00007efd6feff000,0x00007efd70000000)]
  0x00007efd9017a000 JavaThread "rpc-client-1-1" daemon [_thread_in_native, id=26523, stack(0x00007efd7d0d2000,0x00007efd7d1d3000)]
  0x00007efd8800a000 JavaThread "netty-rpc-connection-0" daemon [_thread_blocked, id=26522, stack(0x00007efd7d1d3000,0x00007efd7d2d4000)]
  0x00007efd7000c800 JavaThread "appclient-registration-retry-thread" daemon [_thread_blocked, id=26521, stack(0x00007efd7d2d4000,0x00007efd7d3d5000)]
  0x00007efd70009800 JavaThread "driver-revive-thread" daemon [_thread_blocked, id=26519, stack(0x00007efd7d4d6000,0x00007efd7d5d7000)]
  0x00007efdc141c800 JavaThread "dag-scheduler-event-loop" daemon [_thread_blocked, id=26518, stack(0x00007efd7d5d7000,0x00007efd7d6d8000)]
  0x00007efdc13dc800 JavaThread "Timer-0" daemon [_thread_blocked, id=26517, stack(0x00007efd7d8d8000,0x00007efd7d9d9000)]
  0x0000000001753800 JavaThread "netty-rpc-env-timeout" daemon [_thread_blocked, id=26516, stack(0x00007efd7d9d9000,0x00007efd7dada000)]
  0x00007efd74002000 JavaThread "heartbeat-receiver-event-loop-thread" daemon [_thread_blocked, id=26515, stack(0x00007efd7dada000,0x00007efd7dbdb000)]
  0x00007efdc1390000 JavaThread "SparkUI-34" daemon [_thread_blocked, id=26514, stack(0x00007efd7dbdb000,0x00007efd7dcdc000)]
  0x00007efdc138e000 JavaThread "SparkUI-33" daemon [_thread_blocked, id=26513, stack(0x00007efd7dcdc000,0x00007efd7dddd000)]
  0x00007efdc138c800 JavaThread "SparkUI-32" daemon [_thread_blocked, id=26512, stack(0x00007efd7dddd000,0x00007efd7dede000)]
  0x00007efdc138b000 JavaThread "SparkUI-31" daemon [_thread_blocked, id=26511, stack(0x00007efd7dede000,0x00007efd7dfdf000)]
  0x00007efdc1389000 JavaThread "SparkUI-30" daemon [_thread_blocked, id=26510, stack(0x00007efd7dfdf000,0x00007efd7e0e0000)]
  0x00007efdc1387800 JavaThread "SparkUI-29" daemon [_thread_blocked, id=26509, stack(0x00007efd7e0e0000,0x00007efd7e1e1000)]
  0x00007efdc1381800 JavaThread "SparkUI-28-acceptor-0@58c2a8df-ServerConnector@56054db7{HTTP/1.1,[http/1.1]}{0.0.0.0:4041}" daemon [_thread_in_native, id=26508, stack(0x00007efd7e1e1000,0x00007efd7e2e2000)]
  0x00007efdc137d800 JavaThread "SparkUI-27" daemon [_thread_in_native, id=26507, stack(0x00007efd7e2e2000,0x00007efd7e3e3000)]
  0x00007efdc1246800 JavaThread "map-output-dispatcher-7" daemon [_thread_blocked, id=26506, stack(0x00007efd7e5e8000,0x00007efd7e6e9000)]
  0x00007efdc1245000 JavaThread "map-output-dispatcher-6" daemon [_thread_blocked, id=26505, stack(0x00007efd7e6e9000,0x00007efd7e7ea000)]
  0x00007efdc1243000 JavaThread "map-output-dispatcher-5" daemon [_thread_blocked, id=26504, stack(0x00007efd7e7ea000,0x00007efd7e8eb000)]
  0x00007efdc1241000 JavaThread "map-output-dispatcher-4" daemon [_thread_blocked, id=26503, stack(0x00007efd7e8eb000,0x00007efd7e9ec000)]
  0x00007efdc123f000 JavaThread "map-output-dispatcher-3" daemon [_thread_blocked, id=26502, stack(0x00007efd7e9ec000,0x00007efd7eaed000)]
  0x00007efdc123d000 JavaThread "map-output-dispatcher-2" daemon [_thread_blocked, id=26501, stack(0x00007efd7eaed000,0x00007efd7ebee000)]
  0x00007efdc1236800 JavaThread "map-output-dispatcher-1" daemon [_thread_blocked, id=26500, stack(0x00007efd7ebee000,0x00007efd7ecef000)]
  0x00007efdc1234000 JavaThread "map-output-dispatcher-0" daemon [_thread_blocked, id=26499, stack(0x00007efd7ecef000,0x00007efd7edf0000)]
  0x00007efdc121f800 JavaThread "rpc-server-3-1" daemon [_thread_blocked, id=26498, stack(0x00007efd7eff0000,0x00007efd7f0f1000)]
  0x00007efdc10c9800 JavaThread "dispatcher-event-loop-1" daemon [_thread_blocked, id=26497, stack(0x00007efd7f517000,0x00007efd7f618000)]
  0x00007efdc10c8800 JavaThread "dispatcher-event-loop-0" daemon [_thread_blocked, id=26496, stack(0x00007efd7fa1a000,0x00007efd7fb1b000)]
  0x00007efdc0fe9000 JavaThread "process reaper" daemon [_thread_blocked, id=26494, stack(0x00007efd7fb1b000,0x00007efd7fb54000)]
  0x00007efdc00be800 JavaThread "Service Thread" daemon [_thread_blocked, id=26491, stack(0x00007efda8c89000,0x00007efda8d8a000)]
  0x00007efdc00bb800 JavaThread "C1 CompilerThread1" daemon [_thread_blocked, id=26490, stack(0x00007efda8d8a000,0x00007efda8e8b000)]
  0x00007efdc00b9000 JavaThread "C2 CompilerThread0" daemon [_thread_blocked, id=26489, stack(0x00007efda8e8b000,0x00007efda8f8c000)]
  0x00007efdc00b7000 JavaThread "Signal Dispatcher" daemon [_thread_blocked, id=26488, stack(0x00007efda8f8c000,0x00007efda908d000)]
  0x00007efdc0085000 JavaThread "Finalizer" daemon [_thread_blocked, id=26487, stack(0x00007efda9225000,0x00007efda9326000)]
  0x00007efdc0080800 JavaThread "Reference Handler" daemon [_thread_blocked, id=26486, stack(0x00007efda9326000,0x00007efda9427000)]
  0x00007efdc000f800 JavaThread "main" [_thread_blocked, id=26482, stack(0x00007efdc79aa000,0x00007efdc7aab000)]

Other Threads:
=>0x00007efdc0079000 VMThread [stack: 0x00007efda9427000,0x00007efda9528000] [id=26485]
  0x00007efdc00c1000 WatcherThread [stack: 0x00007efda8b88000,0x00007efda8c89000] [id=26492]

VM state:at safepoint (normal execution)

VM Mutex/Monitor currently owned by a thread:  ([mutex/lock_event])
[0x00007efdc000bb20] Threads_lock - owner thread: 0x00007efdc0079000
[0x00007efdc000c020] Heap_lock - owner thread: 0x0000000001784800

Heap:
 PSYoungGen      total 93184K, used 6145K [0x00000000eab00000, 0x00000000f1e80000, 0x0000000100000000)
  eden space 80896K, 0% used [0x00000000eab00000,0x00000000eab00000,0x00000000efa00000)
  from space 12288K, 50% used [0x00000000efa00000,0x00000000f0000588,0x00000000f0600000)
  to   space 9216K, 0% used [0x00000000f0600000,0x00000000f0600000,0x00000000f0f00000)
 ParOldGen       total 103424K, used 39459K [0x00000000c0000000, 0x00000000c6500000, 0x00000000eab00000)
  object space 103424K, 38% used [0x00000000c0000000,0x00000000c2688d40,0x00000000c6500000)
 Metaspace       used 57989K, capacity 58274K, committed 58496K, reserved 1099776K
  class space    used 8455K, capacity 8547K, committed 8576K, reserved 1048576K

Card table byte_map: [0x00007efdb0dff000,0x00007efdb1000000] byte_map_base: 0x00007efdb07ff000

Marking Bits: (ParMarkBitMap*) 0x00007efdc6c63320
 Begin Bits: [0x00007efdaa000000, 0x00007efdab000000)
 End Bits:   [0x00007efdab000000, 0x00007efdac000000)

Polling page: 0x00007efdc7ab7000

CodeCache: size=245760Kb used=10678Kb max_used=10689Kb free=235081Kb
 bounds [0x00007efdb1000000, 0x00007efdb1a80000, 0x00007efdc0000000]
 total_blobs=4284 nmethods=3740 adapters=457
 compilation: enabled

Compilation events (10 events):
Event: 56.557 Thread 0x00007efdc00bb800 4021       3       scala.collection.generic.ImmutableSetFactory::newBuilder (12 bytes)
Event: 56.557 Thread 0x00007efdc00bb800 nmethod 4021 0x00007efdb1a77250 code [0x00007efdb1a773e0, 0x00007efdb1a778c8]
Event: 56.557 Thread 0x00007efdc00bb800 4022       3       scala.collection.mutable.SetBuilder::result (5 bytes)
Event: 56.557 Thread 0x00007efdc00bb800 nmethod 4022 0x00007efdb1a749d0 code [0x00007efdb1a74b40, 0x00007efdb1a74d30]
Event: 56.557 Thread 0x00007efdc00bb800 4023       3       scala.collection.mutable.SetBuilder::result (5 bytes)
Event: 56.557 Thread 0x00007efdc00bb800 nmethod 4023 0x00007efdb1a745d0 code [0x00007efdb1a74740, 0x00007efdb1a748b0]
Event: 56.557 Thread 0x00007efdc00bb800 4025       3       scala.StringContext$::treatEscapes0 (46 bytes)
Event: 56.558 Thread 0x00007efdc00bb800 nmethod 4025 0x00007efdb1a77a90 code [0x00007efdb1a77c40, 0x00007efdb1a78338]
Event: 56.558 Thread 0x00007efdc00b9000 4024       4       scala.collection.mutable.ArrayBuffer::foreach (6 bytes)
Event: 56.559 Thread 0x00007efdc00b9000 nmethod 4024 0x00007efdb1a7b510 code [0x00007efdb1a7b680, 0x00007efdb1a7b858]

GC Heap History (10 events):
Event: 11.197 GC heap after
Heap after GC invocations=10 (full 1):
 PSYoungGen      total 58368K, used 4478K [0x00000000eab00000, 0x00000000eff80000, 0x0000000100000000)
  eden space 50688K, 0% used [0x00000000eab00000,0x00000000eab00000,0x00000000edc80000)
  from space 7680K, 58% used [0x00000000edc80000,0x00000000ee0dfb60,0x00000000ee400000)
  to   space 7680K, 0% used [0x00000000ef800000,0x00000000ef800000,0x00000000eff80000)
 ParOldGen       total 55808K, used 24580K [0x00000000c0000000, 0x00000000c3680000, 0x00000000eab00000)
  object space 55808K, 44% used [0x00000000c0000000,0x00000000c1801118,0x00000000c3680000)
 Metaspace       used 35048K, capacity 35302K, committed 35416K, reserved 1079296K
  class space    used 4990K, capacity 5081K, committed 5120K, reserved 1048576K
}
Event: 11.197 GC heap before
{Heap before GC invocations=11 (full 2):
 PSYoungGen      total 58368K, used 4478K [0x00000000eab00000, 0x00000000eff80000, 0x0000000100000000)
  eden space 50688K, 0% used [0x00000000eab00000,0x00000000eab00000,0x00000000edc80000)
  from space 7680K, 58% used [0x00000000edc80000,0x00000000ee0dfb60,0x00000000ee400000)
  to   space 7680K, 0% used [0x00000000ef800000,0x00000000ef800000,0x00000000eff80000)
 ParOldGen       total 55808K, used 24580K [0x00000000c0000000, 0x00000000c3680000, 0x00000000eab00000)
  object space 55808K, 44% used [0x00000000c0000000,0x00000000c1801118,0x00000000c3680000)
 Metaspace       used 35048K, capacity 35302K, committed 35416K, reserved 1079296K
  class space    used 4990K, capacity 5081K, committed 5120K, reserved 1048576K
Event: 11.262 GC heap after
Heap after GC invocations=11 (full 2):
 PSYoungGen      total 58368K, used 0K [0x00000000eab00000, 0x00000000eff80000, 0x0000000100000000)
  eden space 50688K, 0% used [0x00000000eab00000,0x00000000eab00000,0x00000000edc80000)
  from space 7680K, 0% used [0x00000000edc80000,0x00000000edc80000,0x00000000ee400000)
  to   space 7680K, 0% used [0x00000000ef800000,0x00000000ef800000,0x00000000eff80000)
 ParOldGen       total 103424K, used 26068K [0x00000000c0000000, 0x00000000c6500000, 0x00000000eab00000)
  object space 103424K, 25% used [0x00000000c0000000,0x00000000c19750f0,0x00000000c6500000)
 Metaspace       used 35048K, capacity 35302K, committed 35416K, reserved 1079296K
  class space    used 4990K, capacity 5081K, committed 5120K, reserved 1048576K
}
Event: 50.844 GC heap before
{Heap before GC invocations=12 (full 2):
 PSYoungGen      total 58368K, used 50688K [0x00000000eab00000, 0x00000000eff80000, 0x0000000100000000)
  eden space 50688K, 100% used [0x00000000eab00000,0x00000000edc80000,0x00000000edc80000)
  from space 7680K, 0% used [0x00000000edc80000,0x00000000edc80000,0x00000000ee400000)
  to   space 7680K, 0% used [0x00000000ef800000,0x00000000ef800000,0x00000000eff80000)
 ParOldGen       total 103424K, used 26068K [0x00000000c0000000, 0x00000000c6500000, 0x00000000eab00000)
  object space 103424K, 25% used [0x00000000c0000000,0x00000000c19750f0,0x00000000c6500000)
 Metaspace       used 41220K, capacity 41534K, committed 41856K, reserved 1085440K
  class space    used 5901K, capacity 5981K, committed 6016K, reserved 1048576K
Event: 50.855 GC heap after
Heap after GC invocations=12 (full 2):
 PSYoungGen      total 70656K, used 7010K [0x00000000eab00000, 0x00000000eff00000, 0x0000000100000000)
  eden space 63488K, 0% used [0x00000000eab00000,0x00000000eab00000,0x00000000ee900000)
  from space 7168K, 97% used [0x00000000ef800000,0x00000000efed8918,0x00000000eff00000)
  to   space 8192K, 0% used [0x00000000eef00000,0x00000000eef00000,0x00000000ef700000)
 ParOldGen       total 103424K, used 26076K [0x00000000c0000000, 0x00000000c6500000, 0x00000000eab00000)
  object space 103424K, 25% used [0x00000000c0000000,0x00000000c19770f0,0x00000000c6500000)
 Metaspace       used 41220K, capacity 41534K, committed 41856K, reserved 1085440K
  class space    used 5901K, capacity 5981K, committed 6016K, reserved 1048576K
}
Event: 52.192 GC heap before
{Heap before GC invocations=13 (full 2):
 PSYoungGen      total 70656K, used 70498K [0x00000000eab00000, 0x00000000eff00000, 0x0000000100000000)
  eden space 63488K, 100% used [0x00000000eab00000,0x00000000ee900000,0x00000000ee900000)
  from space 7168K, 97% used [0x00000000ef800000,0x00000000efed8918,0x00000000eff00000)
  to   space 8192K, 0% used [0x00000000eef00000,0x00000000eef00000,0x00000000ef700000)
 ParOldGen       total 103424K, used 26076K [0x00000000c0000000, 0x00000000c6500000, 0x00000000eab00000)
  object space 103424K, 25% used [0x00000000c0000000,0x00000000c19770f0,0x00000000c6500000)
 Metaspace       used 46452K, capacity 46800K, committed 47104K, reserved 1089536K
  class space    used 6760K, capacity 6880K, committed 6912K, reserved 1048576K
Event: 52.230 GC heap after
Heap after GC invocations=13 (full 2):
 PSYoungGen      total 77824K, used 8188K [0x00000000eab00000, 0x00000000f0f00000, 0x0000000100000000)
  eden space 69632K, 0% used [0x00000000eab00000,0x00000000eab00000,0x00000000eef00000)
  from space 8192K, 99% used [0x00000000eef00000,0x00000000ef6ff310,0x00000000ef700000)
  to   space 9216K, 0% used [0x00000000f0600000,0x00000000f0600000,0x00000000f0f00000)
 ParOldGen       total 103424K, used 26829K [0x00000000c0000000, 0x00000000c6500000, 0x00000000eab00000)
  object space 103424K, 25% used [0x00000000c0000000,0x00000000c1a33680,0x00000000c6500000)
 Metaspace       used 46452K, capacity 46800K, committed 47104K, reserved 1089536K
  class space    used 6760K, capacity 6880K, committed 6912K, reserved 1048576K
}
Event: 54.337 GC heap before
{Heap before GC invocations=14 (full 2):
 PSYoungGen      total 77824K, used 77820K [0x00000000eab00000, 0x00000000f0f00000, 0x0000000100000000)
  eden space 69632K, 100% used [0x00000000eab00000,0x00000000eef00000,0x00000000eef00000)
  from space 8192K, 99% used [0x00000000eef00000,0x00000000ef6ff310,0x00000000ef700000)
  to   space 9216K, 0% used [0x00000000f0600000,0x00000000f0600000,0x00000000f0f00000)
 ParOldGen       total 103424K, used 26829K [0x00000000c0000000, 0x00000000c6500000, 0x00000000eab00000)
  object space 103424K, 25% used [0x00000000c0000000,0x00000000c1a33680,0x00000000c6500000)
 Metaspace       used 52925K, capacity 53244K, committed 53632K, reserved 1095680K
  class space    used 7662K, capacity 7746K, committed 7808K, reserved 1048576K
Event: 54.379 GC heap after
Heap after GC invocations=14 (full 2):
 PSYoungGen      total 90112K, used 9199K [0x00000000eab00000, 0x00000000f1e80000, 0x0000000100000000)
  eden space 80896K, 0% used [0x00000000eab00000,0x00000000eab00000,0x00000000efa00000)
  from space 9216K, 99% used [0x00000000f0600000,0x00000000f0efbfe8,0x00000000f0f00000)
  to   space 12288K, 0% used [0x00000000efa00000,0x00000000efa00000,0x00000000f0600000)
 ParOldGen       total 103424K, used 32132K [0x00000000c0000000, 0x00000000c6500000, 0x00000000eab00000)
  object space 103424K, 31% used [0x00000000c0000000,0x00000000c1f613b0,0x00000000c6500000)
 Metaspace       used 52925K, capacity 53244K, committed 53632K, reserved 1095680K
  class space    used 7662K, capacity 7746K, committed 7808K, reserved 1048576K
}
Event: 56.569 GC heap before
{Heap before GC invocations=15 (full 2):
 PSYoungGen      total 90112K, used 90095K [0x00000000eab00000, 0x00000000f1e80000, 0x0000000100000000)
  eden space 80896K, 100% used [0x00000000eab00000,0x00000000efa00000,0x00000000efa00000)
  from space 9216K, 99% used [0x00000000f0600000,0x00000000f0efbfe8,0x00000000f0f00000)
  to   space 12288K, 0% used [0x00000000efa00000,0x00000000efa00000,0x00000000f0600000)
 ParOldGen       total 103424K, used 32132K [0x00000000c0000000, 0x00000000c6500000, 0x00000000eab00000)
  object space 103424K, 31% used [0x00000000c0000000,0x00000000c1f613b0,0x00000000c6500000)
 Metaspace       used 57989K, capacity 58274K, committed 58496K, reserved 1099776K
  class space    used 8455K, capacity 8547K, committed 8576K, reserved 1048576K

Deoptimization events (10 events):
Event: 56.294 Thread 0x0000000001784800 Uncommon trap: reason=bimorphic action=maybe_recompile pc=0x00007efdb19b1000 method=scala.collection.generic.Growable$class.loop$1(Lscala/collection/generic/Growable;Lscala/collection/LinearSeq;)V @ 1
Event: 56.407 Thread 0x0000000001784800 Uncommon trap: reason=speculate_class_check action=maybe_recompile pc=0x00007efdb1923044 method=scala.collection.generic.GenericTraversableTemplate$class.genericBuilder(Lscala/collection/generic/GenericTraversableTemplate;)Lscala/collection/mutable/Builde
Event: 56.415 Thread 0x0000000001784800 Uncommon trap: reason=speculate_class_check action=maybe_recompile pc=0x00007efdb1923044 method=scala.collection.generic.GenericTraversableTemplate$class.genericBuilder(Lscala/collection/generic/GenericTraversableTemplate;)Lscala/collection/mutable/Builde
Event: 56.524 Thread 0x0000000001784800 Uncommon trap: reason=speculate_class_check action=maybe_recompile pc=0x00007efdb1923044 method=scala.collection.generic.GenericTraversableTemplate$class.genericBuilder(Lscala/collection/generic/GenericTraversableTemplate;)Lscala/collection/mutable/Builde
Event: 56.524 Thread 0x0000000001784800 Uncommon trap: reason=speculate_class_check action=maybe_recompile pc=0x00007efdb1923044 method=scala.collection.generic.GenericTraversableTemplate$class.genericBuilder(Lscala/collection/generic/GenericTraversableTemplate;)Lscala/collection/mutable/Builde
Event: 56.526 Thread 0x0000000001784800 Uncommon trap: reason=class_check action=maybe_recompile pc=0x00007efdb1784480 method=scala.collection.generic.GenTraversableFactory$$anon$1.apply()Lscala/collection/mutable/Builder; @ 4
Event: 56.527 Thread 0x0000000001784800 Uncommon trap: reason=class_check action=maybe_recompile pc=0x00007efdb1784480 method=scala.collection.generic.GenTraversableFactory$$anon$1.apply()Lscala/collection/mutable/Builder; @ 4
Event: 56.547 Thread 0x0000000001784800 Uncommon trap: reason=bimorphic action=maybe_recompile pc=0x00007efdb1822cf8 method=scala.collection.generic.Growable$class.loop$1(Lscala/collection/generic/Growable;Lscala/collection/LinearSeq;)V @ 1
Event: 56.547 Thread 0x0000000001784800 Uncommon trap: reason=class_check action=maybe_recompile pc=0x00007efdb1784480 method=scala.collection.generic.GenTraversableFactory$$anon$1.apply()Lscala/collection/mutable/Builder; @ 4
Event: 56.547 Thread 0x0000000001784800 Uncommon trap: reason=class_check action=maybe_recompile pc=0x00007efdb1784480 method=scala.collection.generic.GenTraversableFactory$$anon$1.apply()Lscala/collection/mutable/Builder; @ 4

Classes redefined (0 events):
No events

Internal exceptions (10 events):
Event: 52.865 Thread 0x0000000001784800 Exception <a 'java/lang/ClassNotFoundException': scala/reflect/ScalaSignature> (0x00000000ebe7d600) thrown at [/build/openjdk-8-wnL82d/openjdk-8-8u171-b11/src/hotspot/src/share/vm/classfile/systemDictionary.cpp, line 210]
Event: 52.865 Thread 0x0000000001784800 Exception <a 'java/lang/ClassNotFoundException': scala/reflect/ScalaLongSignature> (0x00000000ebe7daa8) thrown at [/build/openjdk-8-wnL82d/openjdk-8-8u171-b11/src/hotspot/src/share/vm/classfile/systemDictionary.cpp, line 210]
Event: 52.868 Thread 0x0000000001784800 Exception <a 'java/lang/ClassNotFoundException': scala/reflect/ScalaSignature> (0x00000000ebea6280) thrown at [/build/openjdk-8-wnL82d/openjdk-8-8u171-b11/src/hotspot/src/share/vm/classfile/systemDictionary.cpp, line 210]
Event: 52.869 Thread 0x0000000001784800 Exception <a 'java/lang/ClassNotFoundException': scala/reflect/ScalaLongSignature> (0x00000000ebea6728) thrown at [/build/openjdk-8-wnL82d/openjdk-8-8u171-b11/src/hotspot/src/share/vm/classfile/systemDictionary.cpp, line 210]
Event: 52.873 Thread 0x0000000001784800 Exception <a 'java/lang/ClassNotFoundException': scala/reflect/ScalaSignature> (0x00000000ebecf718) thrown at [/build/openjdk-8-wnL82d/openjdk-8-8u171-b11/src/hotspot/src/share/vm/classfile/systemDictionary.cpp, line 210]
Event: 52.873 Thread 0x0000000001784800 Exception <a 'java/lang/ClassNotFoundException': scala/reflect/ScalaLongSignature> (0x00000000ebecfbc0) thrown at [/build/openjdk-8-wnL82d/openjdk-8-8u171-b11/src/hotspot/src/share/vm/classfile/systemDictionary.cpp, line 210]
Event: 52.876 Thread 0x0000000001784800 Exception <a 'java/lang/ClassNotFoundException': scala/reflect/ScalaSignature> (0x00000000ebef17d0) thrown at [/build/openjdk-8-wnL82d/openjdk-8-8u171-b11/src/hotspot/src/share/vm/classfile/systemDictionary.cpp, line 210]
Event: 52.877 Thread 0x0000000001784800 Exception <a 'java/lang/ClassNotFoundException': scala/reflect/ScalaLongSignature> (0x00000000ebef1c78) thrown at [/build/openjdk-8-wnL82d/openjdk-8-8u171-b11/src/hotspot/src/share/vm/classfile/systemDictionary.cpp, line 210]
Event: 52.881 Thread 0x0000000001784800 Exception <a 'java/lang/ClassNotFoundException': scala/reflect/ScalaSignature> (0x00000000ebf12150) thrown at [/build/openjdk-8-wnL82d/openjdk-8-8u171-b11/src/hotspot/src/share/vm/classfile/systemDictionary.cpp, line 210]
Event: 52.881 Thread 0x0000000001784800 Exception <a 'java/lang/ClassNotFoundException': scala/reflect/ScalaLongSignature> (0x00000000ebf125f8) thrown at [/build/openjdk-8-wnL82d/openjdk-8-8u171-b11/src/hotspot/src/share/vm/classfile/systemDictionary.cpp, line 210]

Events (10 events):
Event: 56.553 loading class org/apache/spark/sql/catalyst/expressions/BindReferences$$anonfun$bindReference$1 done
Event: 56.555 loading class org/apache/spark/sql/catalyst/expressions/BindReferences$$anonfun$bindReference$1$$anonfun$applyOrElse$1
Event: 56.555 loading class org/apache/spark/sql/catalyst/expressions/BindReferences$$anonfun$bindReference$1$$anonfun$applyOrElse$1 done
Event: 56.555 loading class org/apache/spark/sql/catalyst/expressions/package$AttributeSeq$$anonfun$indexOf$1
Event: 56.555 loading class org/apache/spark/sql/catalyst/expressions/package$AttributeSeq$$anonfun$indexOf$1 done
Event: 56.557 loading class org/apache/spark/sql/DatasetHolder
Event: 56.557 loading class org/apache/spark/sql/DatasetHolder done
Event: 56.561 loading class org/apache/spark/sql/catalyst/encoders/RowEncoder$
Event: 56.561 loading class org/apache/spark/sql/catalyst/encoders/RowEncoder$ done
Event: 56.562 Executing VM operation: ParallelGCFailedAllocation


Dynamic libraries:
00400000-00401000 r-xp 00000000 ca:01 257735                             /usr/lib/jvm/java-8-openjdk-amd64/jre/bin/java
00600000-00601000 r--p 00000000 ca:01 257735                             /usr/lib/jvm/java-8-openjdk-amd64/jre/bin/java
00601000-00602000 rw-p 00001000 ca:01 257735                             /usr/lib/jvm/java-8-openjdk-amd64/jre/bin/java
01728000-0178c000 rw-p 00000000 00:00 0                                  [heap]
c0000000-c6500000 rw-p 00000000 00:00 0 
c6500000-eab00000 ---p 00000000 00:00 0 
eab00000-f1e80000 rw-p 00000000 00:00 0 
f3a80000-100000000 ---p 00000000 00:00 0 
100000000-100860000 rw-p 00000000 00:00 0 
100860000-140000000 ---p 00000000 00:00 0 
7efd68000000-7efd68021000 rw-p 00000000 00:00 0 
7efd68021000-7efd6c000000 ---p 00000000 00:00 0 
7efd6daf5000-7efd6dbb5000 rw-p 00000000 00:00 0 
7efd6dbb5000-7efd6dcf5000 ---p 00000000 00:00 0 
7efd6dcf5000-7efd6dcf8000 ---p 00000000 00:00 0 
7efd6dcf8000-7efd6dff6000 rw-p 00000000 00:00 0 
7efd6dff6000-7efd6e1f6000 rw-p 00000000 00:00 0 
7efd6e1f6000-7efd6e3f6000 rw-p 00000000 00:00 0 
7efd6e3f6000-7efd6e5f6000 rw-p 00000000 00:00 0 
7efd6e5f6000-7efd6e7f6000 rw-p 00000000 00:00 0 
7efd6e7f6000-7efd6e9f6000 rw-p 00000000 00:00 0 
7efd6e9f6000-7efd6ebf6000 rw-p 00000000 00:00 0 
7efd6ebf6000-7efd6edf6000 rw-p 00000000 00:00 0 
7efd6edf6000-7efd6edf9000 ---p 00000000 00:00 0 
7efd6edf9000-7efd6eef7000 rw-p 00000000 00:00 0 
7efd6eef7000-7efd6eefa000 ---p 00000000 00:00 0 
7efd6eefa000-7efd6f1f8000 rw-p 00000000 00:00 0 
7efd6f1f8000-7efd6f1fb000 ---p 00000000 00:00 0 
7efd6f1fb000-7efd6f2f9000 rw-p 00000000 00:00 0 
7efd6f2f9000-7efd6f2fc000 ---p 00000000 00:00 0 
7efd6f2fc000-7efd6f3fa000 rw-p 00000000 00:00 0 
7efd6f3fa000-7efd6f3fd000 ---p 00000000 00:00 0 
7efd6f3fd000-7efd6f6fb000 rw-p 00000000 00:00 0 
7efd6f6fb000-7efd6f6fe000 ---p 00000000 00:00 0 
7efd6f6fe000-7efd6f9fc000 rw-p 00000000 00:00 0 
7efd6f9fc000-7efd6f9ff000 ---p 00000000 00:00 0 
7efd6f9ff000-7efd6fafd000 rw-p 00000000 00:00 0 
7efd6fafd000-7efd6fb00000 ---p 00000000 00:00 0 
7efd6fb00000-7efd6fbfe000 rw-p 00000000 00:00 0 
7efd6fbfe000-7efd6fc01000 ---p 00000000 00:00 0 
7efd6fc01000-7efd6feff000 rw-p 00000000 00:00 0 
7efd6feff000-7efd6ff02000 ---p 00000000 00:00 0 
7efd6ff02000-7efd70000000 rw-p 00000000 00:00 0 
7efd70000000-7efd70021000 rw-p 00000000 00:00 0 
7efd70021000-7efd74000000 ---p 00000000 00:00 0 
7efd74000000-7efd74021000 rw-p 00000000 00:00 0 
7efd74021000-7efd78000000 ---p 00000000 00:00 0 
7efd78000000-7efd78847000 rw-p 00000000 00:00 0 
7efd78847000-7efd7c000000 ---p 00000000 00:00 0 
7efd7c0d1000-7efd7d0d2000 rw-p 00000000 00:00 0 
7efd7d0d2000-7efd7d0d5000 ---p 00000000 00:00 0 
7efd7d0d5000-7efd7d1d3000 rw-p 00000000 00:00 0 
7efd7d1d3000-7efd7d1d6000 ---p 00000000 00:00 0 
7efd7d1d6000-7efd7d2d4000 rw-p 00000000 00:00 0 
7efd7d2d4000-7efd7d2d7000 ---p 00000000 00:00 0 
7efd7d2d7000-7efd7d3d5000 rw-p 00000000 00:00 0 
7efd7d3d5000-7efd7d3d8000 ---p 00000000 00:00 0 
7efd7d3d8000-7efd7d4d6000 rw-p 00000000 00:00 0 
7efd7d4d6000-7efd7d4d9000 ---p 00000000 00:00 0 
7efd7d4d9000-7efd7d5d7000 rw-p 00000000 00:00 0 
7efd7d5d7000-7efd7d5da000 ---p 00000000 00:00 0 
7efd7d5da000-7efd7d8d8000 rw-p 00000000 00:00 0 
7efd7d8d8000-7efd7d8db000 ---p 00000000 00:00 0 
7efd7d8db000-7efd7d9d9000 rw-p 00000000 00:00 0 
7efd7d9d9000-7efd7d9dc000 ---p 00000000 00:00 0 
7efd7d9dc000-7efd7dada000 rw-p 00000000 00:00 0 
7efd7dada000-7efd7dadd000 ---p 00000000 00:00 0 
7efd7dadd000-7efd7dbdb000 rw-p 00000000 00:00 0 
7efd7dbdb000-7efd7dbde000 ---p 00000000 00:00 0 
7efd7dbde000-7efd7dcdc000 rw-p 00000000 00:00 0 
7efd7dcdc000-7efd7dcdf000 ---p 00000000 00:00 0 
7efd7dcdf000-7efd7dddd000 rw-p 00000000 00:00 0 
7efd7dddd000-7efd7dde0000 ---p 00000000 00:00 0 
7efd7dde0000-7efd7dede000 rw-p 00000000 00:00 0 
7efd7dede000-7efd7dee1000 ---p 00000000 00:00 0 
7efd7dee1000-7efd7dfdf000 rw-p 00000000 00:00 0 
7efd7dfdf000-7efd7dfe2000 ---p 00000000 00:00 0 
7efd7dfe2000-7efd7e0e0000 rw-p 00000000 00:00 0 
7efd7e0e0000-7efd7e0e3000 ---p 00000000 00:00 0 
7efd7e0e3000-7efd7e1e1000 rw-p 00000000 00:00 0 
7efd7e1e1000-7efd7e1e4000 ---p 00000000 00:00 0 
7efd7e1e4000-7efd7e2e2000 rw-p 00000000 00:00 0 
7efd7e2e2000-7efd7e2e5000 ---p 00000000 00:00 0 
7efd7e2e5000-7efd7e5e3000 rw-p 00000000 00:00 0 
7efd7e5e3000-7efd7e5e8000 r--s 0009d000 ca:01 259120                     /usr/lib/jvm/java-8-openjdk-amd64/jre/lib/jsse.jar
7efd7e5e8000-7efd7e5eb000 ---p 00000000 00:00 0 
7efd7e5eb000-7efd7e6e9000 rw-p 00000000 00:00 0 
7efd7e6e9000-7efd7e6ec000 ---p 00000000 00:00 0 
7efd7e6ec000-7efd7e7ea000 rw-p 00000000 00:00 0 
7efd7e7ea000-7efd7e7ed000 ---p 00000000 00:00 0 
7efd7e7ed000-7efd7e8eb000 rw-p 00000000 00:00 0 
7efd7e8eb000-7efd7e8ee000 ---p 00000000 00:00 0 
7efd7e8ee000-7efd7e9ec000 rw-p 00000000 00:00 0 
7efd7e9ec000-7efd7e9ef000 ---p 00000000 00:00 0 
7efd7e9ef000-7efd7eaed000 rw-p 00000000 00:00 0 
7efd7eaed000-7efd7eaf0000 ---p 00000000 00:00 0 
7efd7eaf0000-7efd7ebee000 rw-p 00000000 00:00 0 
7efd7ebee000-7efd7ebf1000 ---p 00000000 00:00 0 
7efd7ebf1000-7efd7ecef000 rw-p 00000000 00:00 0 
7efd7ecef000-7efd7ecf2000 ---p 00000000 00:00 0 
7efd7ecf2000-7efd7eff0000 rw-p 00000000 00:00 0 
7efd7eff0000-7efd7eff3000 ---p 00000000 00:00 0 
7efd7eff3000-7efd7f0f1000 rw-p 00000000 00:00 0 
7efd7f0f1000-7efd7f102000 r-xp 00000000 ca:01 259099                     /usr/lib/jvm/java-8-openjdk-amd64/jre/lib/amd64/libnio.so
7efd7f102000-7efd7f302000 ---p 00011000 ca:01 259099                     /usr/lib/jvm/java-8-openjdk-amd64/jre/lib/amd64/libnio.so
7efd7f302000-7efd7f303000 r--p 00011000 ca:01 259099                     /usr/lib/jvm/java-8-openjdk-amd64/jre/lib/amd64/libnio.so
7efd7f303000-7efd7f304000 rw-p 00012000 ca:01 259099                     /usr/lib/jvm/java-8-openjdk-amd64/jre/lib/amd64/libnio.so
7efd7f304000-7efd7f317000 r--s 00346000 ca:01 257750                     /usr/lib/jvm/java-8-openjdk-amd64/jre/lib/resources.jar
7efd7f317000-7efd7f517000 rw-p 00000000 00:00 0 
7efd7f517000-7efd7f51a000 ---p 00000000 00:00 0 
7efd7f51a000-7efd7f818000 rw-p 00000000 00:00 0 
7efd7f818000-7efd7f819000 r-xp 00000000 ca:01 257753                     /usr/lib/jvm/java-8-openjdk-amd64/jre/lib/amd64/libjaas_unix.so
7efd7f819000-7efd7fa18000 ---p 00001000 ca:01 257753                     /usr/lib/jvm/java-8-openjdk-amd64/jre/lib/amd64/libjaas_unix.so
7efd7fa18000-7efd7fa19000 r--p 00000000 ca:01 257753                     /usr/lib/jvm/java-8-openjdk-amd64/jre/lib/amd64/libjaas_unix.so
7efd7fa19000-7efd7fa1a000 rw-p 00001000 ca:01 257753                     /usr/lib/jvm/java-8-openjdk-amd64/jre/lib/amd64/libjaas_unix.so
7efd7fa1a000-7efd7fa1d000 ---p 00000000 00:00 0 
7efd7fa1d000-7efd7fb1b000 rw-p 00000000 00:00 0 
7efd7fb1b000-7efd7fb1e000 ---p 00000000 00:00 0 
7efd7fb1e000-7efd7fd54000 rw-p 00000000 00:00 0 
7efd7fd54000-7efd7fd5d000 r-xp 00000000 ca:01 259098                     /usr/lib/jvm/java-8-openjdk-amd64/jre/lib/amd64/libmanagement.so
7efd7fd5d000-7efd7ff5c000 ---p 00009000 ca:01 259098                     /usr/lib/jvm/java-8-openjdk-amd64/jre/lib/amd64/libmanagement.so
7efd7ff5c000-7efd7ff5d000 r--p 00008000 ca:01 259098                     /usr/lib/jvm/java-8-openjdk-amd64/jre/lib/amd64/libmanagement.so
7efd7ff5d000-7efd7ff5e000 rw-p 00009000 ca:01 259098                     /usr/lib/jvm/java-8-openjdk-amd64/jre/lib/amd64/libmanagement.so
7efd7ff5e000-7efd8015e000 rw-p 00000000 00:00 0 
7efd8015e000-7efd803b9000 r--s 020cf000 ca:01 1799469                    /home/ubuntu/Insight-demo-project/spark-streaming/target/scala-2.11/streamhits-assembly-1.0.jar
7efd803b9000-7efd803bb000 r--s 00009000 ca:01 1544341                    /usr/local/spark/jars/objenesis-2.1.jar
7efd803bb000-7efd803c1000 r--s 00028000 ca:01 1544342                    /usr/local/spark/jars/curator-framework-2.6.0.jar
7efd803c1000-7efd803c4000 r--s 0001a000 ca:01 1544437                    /usr/local/spark/jars/py4j-0.10.4.jar
7efd803c4000-7efd803c7000 r--s 00006000 ca:01 1544414                    /usr/local/spark/jars/jsr305-1.3.9.jar
7efd803c7000-7efd803c9000 r--s 0000e000 ca:01 1544310                    /usr/local/spark/jars/guice-servlet-3.0.jar
7efd803c9000-7efd803cd000 r--s 00025000 ca:01 1544317                    /usr/local/spark/jars/jersey-client-2.22.2.jar
7efd803cd000-7efd803df000 r--s 00097000 ca:01 1544254                    /usr/local/spark/jars/apacheds-kerberos-codec-2.0.0-M15.jar
7efd803df000-7efd803e5000 r--s 00044000 ca:01 1544296                    /usr/local/spark/jars/antlr4-runtime-4.5.3.jar
7efd803e5000-7efd803f3000 r--s 000b1000 ca:01 1544345                    /usr/local/spark/jars/jackson-mapper-asl-1.9.13.jar
7efd803f3000-7efd805f3000 rw-p 00000000 00:00 0 
7efd805f3000-7efd8060a000 r-xp 00000000 ca:01 21460                      /lib/x86_64-linux-gnu/libresolv-2.23.so
7efd8060a000-7efd8080a000 ---p 00017000 ca:01 21460                      /lib/x86_64-linux-gnu/libresolv-2.23.so
7efd8080a000-7efd8080b000 r--p 00017000 ca:01 21460                      /lib/x86_64-linux-gnu/libresolv-2.23.so
7efd8080b000-7efd8080c000 rw-p 00018000 ca:01 21460                      /lib/x86_64-linux-gnu/libresolv-2.23.so
7efd8080c000-7efd8080e000 rw-p 00000000 00:00 0 
7efd8080e000-7efd80813000 r-xp 00000000 ca:01 21466                      /lib/x86_64-linux-gnu/libnss_dns-2.23.so
7efd80813000-7efd80a13000 ---p 00005000 ca:01 21466                      /lib/x86_64-linux-gnu/libnss_dns-2.23.so
7efd80a13000-7efd80a14000 r--p 00005000 ca:01 21466                      /lib/x86_64-linux-gnu/libnss_dns-2.23.so
7efd80a14000-7efd80a15000 rw-p 00006000 ca:01 21466                      /lib/x86_64-linux-gnu/libnss_dns-2.23.so
7efd80a16000-7efd80a18000 r--s 00005000 ca:01 1544421                    /usr/local/spark/jars/stax-api-1.0.1.jar
7efd80a18000-7efd80a1a000 r--s 00008000 ca:01 1544299                    /usr/local/spark/jars/metrics-jvm-3.1.2.jar
7efd80a1a000-7efd80a1e000 r--s 00030000 ca:01 1544403                    /usr/local/spark/jars/commons-net-2.2.jar
7efd80a1e000-7efd83a1f000 rw-p 00000000 00:00 0 
7efd83a1f000-7efd83a35000 r-xp 00000000 ca:01 259091                     /usr/lib/jvm/java-8-openjdk-amd64/jre/lib/amd64/libnet.so
7efd83a35000-7efd83c35000 ---p 00016000 ca:01 259091                     /usr/lib/jvm/java-8-openjdk-amd64/jre/lib/amd64/libnet.so
7efd83c35000-7efd83c36000 r--p 00016000 ca:01 259091                     /usr/lib/jvm/java-8-openjdk-amd64/jre/lib/amd64/libnet.so
7efd83c36000-7efd83c37000 rw-p 00017000 ca:01 259091                     /usr/lib/jvm/java-8-openjdk-amd64/jre/lib/amd64/libnet.so
7efd83c37000-7efd83c4d000 r--s 00124000 ca:01 1544260                    /usr/local/spark/jars/ivy-2.4.0.jar
7efd83c4d000-7efd83c51000 r--s 00029000 ca:01 1544322                    /usr/local/spark/jars/hk2-locator-2.4.0-b34.jar
7efd83c51000-7efd83c53000 r--s 00009000 ca:01 1544409                    /usr/local/spark/jars/commons-cli-1.2.jar
7efd83c53000-7efd83c6e000 r--s 001d8000 ca:01 1544239                    /usr/local/spark/jars/jets3t-0.9.3.jar
7efd83c6e000-7efd83c77000 r--s 00097000 ca:01 1544319                    /usr/local/spark/jars/pmml-model-1.2.15.jar
7efd83c77000-7efd83c79000 r--s 00003000 ca:01 1544442                    /usr/local/spark/jars/jersey-container-servlet-2.22.2.jar
7efd83c79000-7efd83c7b000 r--s 00012000 ca:01 1544385                    /usr/local/spark/jars/compress-lzf-1.0.3.jar
7efd83c7b000-7efd83c7f000 r--s 00035000 ca:01 1544339                    /usr/local/spark/jars/jackson-core-asl-1.9.13.jar
7efd83c7f000-7efd83cf7000 r--s 005bc000 ca:01 1544253                    /usr/local/spark/jars/spark-mllib_2.11-2.2.1.jar
7efd83cf7000-7efd83cfb000 r--s 00018000 ca:01 1544371                    /usr/local/spark/jars/metrics-core-3.1.2.jar
7efd83cfb000-7efd83d05000 r--s 000a5000 ca:01 1544390                    /usr/local/spark/jars/javassist-3.18.1-GA.jar
7efd83d05000-7efd83d22000 r--s 001d5000 ca:01 1544372                    /usr/local/spark/jars/hadoop-yarn-api-2.7.3.jar
7efd83d22000-7efd83d25000 r--s 00028000 ca:01 1544268                    /usr/local/spark/jars/stream-2.7.0.jar
7efd83d25000-7efd83d26000 r--s 00001000 ca:01 1544338                    /usr/local/spark/jars/pmml-schema-1.2.15.jar
7efd83d26000-7efd83d27000 r--s 00003000 ca:01 1544270                    /usr/local/spark/jars/xmlenc-0.52.jar
7efd83d27000-7efd83d2a000 r--s 00012000 ca:01 1544303                    /usr/local/spark/jars/json4s-ast_2.11-3.2.11.jar
7efd83d2a000-7efd83d2b000 r--s 00004000 ca:01 1544271                    /usr/local/spark/jars/osgi-resource-locator-1.0.1.jar
7efd83d2b000-7efd83d2d000 r--s 00003000 ca:01 1544245                    /usr/local/spark/jars/base64-2.3.8.jar
7efd83d2d000-7efd83d31000 r--s 0002f000 ca:01 1544392                    /usr/local/spark/jars/commons-beanutils-core-1.8.0.jar
7efd83d31000-7efd83d32000 r--s 00002000 ca:01 1544306                    /usr/local/spark/jars/jpam-1.1.jar
7efd83d32000-7efd83d34000 r--s 00006000 ca:01 1544295                    /usr/local/spark/jars/spark-sketch_2.11-2.2.1.jar
7efd83d34000-7efd83d6b000 r--s 00325000 ca:01 1544441                    /usr/local/spark/jars/calcite-core-1.2.0-incubating.jar
7efd83d6b000-7efd83d72000 r--s 0007d000 ca:01 1544419                    /usr/local/spark/jars/jetty-6.1.26.jar
7efd83d72000-7efd83d77000 r--s 0002a000 ca:01 1544233                    /usr/local/spark/jars/commons-beanutils-1.7.0.jar
7efd83d77000-7efd83d7b000 r--s 00036000 ca:01 1544326                    /usr/local/spark/jars/ST4-4.0.4.jar
7efd83d7b000-7efd83d86000 r--s 000b0000 ca:01 1544290                    /usr/local/spark/jars/jtransforms-2.4.0.jar
7efd83d86000-7efd83d88000 r--s 00010000 ca:01 1544413                    /usr/local/spark/jars/hadoop-mapreduce-client-shuffle-2.7.3.jar
7efd83d88000-7efd83d8a000 r--s 00014000 ca:01 1544324                    /usr/local/spark/jars/spire-macros_2.11-0.13.0.jar
7efd83d8a000-7efd83d9b000 r--s 00089000 ca:01 1544248                    /usr/local/spark/jars/joda-time-2.9.3.jar
7efd83d9b000-7efd83da2000 r--s 00046000 ca:01 1544418                    /usr/local/spark/jars/libfb303-0.9.3.jar
7efd83da2000-7efd83dba000 r--s 00115000 ca:01 1544353                    /usr/local/spark/jars/xercesImpl-2.9.1.jar
7efd83dba000-7efd83dbc000 r--s 0000a000 ca:01 1544402                    /usr/local/spark/jars/spark-unsafe_2.11-2.2.1.jar
7efd83dbc000-7efd83e65000 r--s 00a4f000 ca:01 1544412                    /usr/local/spark/jars/hive-exec-1.2.1.spark2.jar
7efd83e65000-7efd83e7b000 r--s 000d3000 ca:01 1544430                    /usr/local/spark/jars/jersey-server-2.22.2.jar
7efd83e7b000-7efd83e7e000 r--s 00015000 ca:01 1544256                    /usr/local/spark/jars/commons-pool-1.5.4.jar
7efd83e7e000-7efd83e82000 r--s 0002a000 ca:01 1544426                    /usr/local/spark/jars/breeze-macros_2.11-0.13.2.jar
7efd83e82000-7efd83e84000 r--s 0000f000 ca:01 1544376                    /usr/local/spark/jars/activation-1.1.1.jar
7efd83e84000-7efd83e85000 r--s 00009000 ca:01 1544292                    /usr/local/spark/jars/hadoop-annotations-2.7.3.jar
7efd83e85000-7efd83e97000 r--s 000b3000 ca:01 1544313                    /usr/local/spark/jars/scalap-2.11.8.jar
7efd83e97000-7efd83e98000 r--s 00009000 ca:01 1544255                    /usr/local/spark/jars/slf4j-api-1.7.16.jar
7efd83e98000-7efd83e9b000 r--s 0002f000 ca:01 1544393                    /usr/local/spark/jars/RoaringBitmap-0.5.11.jar
7efd83e9b000-7efd83e9d000 r--s 00010000 ca:01 1544347                    /usr/local/spark/jars/jersey-media-jaxb-2.22.2.jar
7efd83e9d000-7efd83e9f000 r--s 00004000 ca:01 1544315                    /usr/local/spark/jars/metrics-graphite-3.1.2.jar
7efd83e9f000-7efd83f02000 r--s 004de000 ca:01 1544405                    /usr/local/spark/jars/hive-metastore-1.2.1.spark2.jar
7efd83f02000-7efd83f24000 r--s 00335000 ca:01 1544424                    /usr/local/spark/jars/mesos-1.0.0-shaded-protobuf.jar
7efd83f24000-7efd83f25000 r--s 00004000 ca:01 1544325                    /usr/local/spark/jars/jackson-jaxrs-1.9.13.jar
7efd83f25000-7efd83f28000 r--s 00009000 ca:01 1544337                    /usr/local/spark/jars/jackson-annotations-2.6.5.jar
7efd83f28000-7efd83f2a000 r--s 0000e000 ca:01 1544332                    /usr/local/spark/jars/hadoop-mapreduce-client-jobclient-2.7.3.jar
7efd83f2a000-7efd83f33000 r--s 0006f000 ca:01 1544429                    /usr/local/spark/jars/log4j-1.2.17.jar
7efd83f33000-7efd83f37000 r--s 00020000 ca:01 1544379                    /usr/local/spark/jars/commons-digester-1.8.jar
7efd83f37000-7efd83f3a000 r--s 00014000 ca:01 1544297                    /usr/local/spark/jars/super-csv-2.2.0.jar
7efd83f3a000-7efd83f3c000 r--s 0000e000 ca:01 1544289                    /usr/local/spark/jars/oro-2.0.8.jar
7efd83f3c000-7efd83f43000 r--s 00049000 ca:01 1544363                    /usr/local/spark/jars/httpcore-4.4.4.jar
7efd83f43000-7efd83f45000 r--s 00009000 ca:01 1544356                    /usr/local/spark/jars/parquet-common-1.8.2.jar
7efd83f45000-7efd83f48000 r--s 00017000 ca:01 1544395                    /usr/local/spark/jars/jaxb-api-2.2.2.jar
7efd83f48000-7efd83f4c000 r--s 0000c000 ca:01 1544359                    /usr/local/spark/jars/validation-api-1.1.0.Final.jar
7efd83f4c000-7efd83f65000 r--s 00164000 ca:01 1544262                    /usr/local/spark/jars/hadoop-mapreduce-client-core-2.7.3.jar
7efd83f65000-7efd83f68000 r--s 00025000 ca:01 1544241                    /usr/local/spark/jars/commons-dbcp-1.4.jar
7efd83f68000-7efd83f81000 r--s 0012c000 ca:01 1544246                    /usr/local/spark/jars/netty-3.9.9.Final.jar
7efd83f81000-7efd83fec000 r--s 0093d000 ca:01 1544407                    /usr/local/spark/jars/spire_2.11-0.13.0.jar
7efd83fec000-7efd83ff4000 r--s 00059000 ca:01 1544277                    /usr/local/spark/jars/javolution-5.5.1.jar
7efd83ff4000-7efd83ff9000 r--s 00041000 ca:01 1544364                    /usr/local/spark/jars/commons-lang-2.6.jar
7efd83ff9000-7efd84000000 r--s 00051000 ca:01 1544240                    /usr/local/spark/jars/kryo-shaded-3.0.3.jar
7efd84000000-7efd84021000 rw-p 00000000 00:00 0 
7efd84021000-7efd88000000 ---p 00000000 00:00 0 
7efd88000000-7efd880c6000 rw-p 00000000 00:00 0 
7efd880c6000-7efd8c000000 ---p 00000000 00:00 0 
7efd8c000000-7efd8df46000 rw-p 00000000 00:00 0 
7efd8df46000-7efd90000000 ---p 00000000 00:00 0 
7efd90000000-7efd905c6000 rw-p 00000000 00:00 0 
7efd905c6000-7efd94000000 ---p 00000000 00:00 0 
7efd94000000-7efd94021000 rw-p 00000000 00:00 0 
7efd94021000-7efd98000000 ---p 00000000 00:00 0 
7efd98000000-7efd98021000 rw-p 00000000 00:00 0 
7efd98021000-7efd9c000000 ---p 00000000 00:00 0 
7efd9c000000-7efd9c069000 rw-p 00000000 00:00 0 
7efd9c069000-7efda0000000 ---p 00000000 00:00 0 
7efda0000000-7efda0021000 rw-p 00000000 00:00 0 
7efda0021000-7efda4000000 ---p 00000000 00:00 0 
7efda4000000-7efda4079000 rw-p 00000000 00:00 0 
7efda4079000-7efda8000000 ---p 00000000 00:00 0 
7efda8000000-7efda8001000 r--s 00001000 ca:01 1544280                    /usr/local/spark/jars/javax.inject-2.4.0-b34.jar
7efda8001000-7efda8002000 r--s 00003000 ca:01 1544411                    /usr/local/spark/jars/spark-tags_2.11-2.2.1.jar
7efda8002000-7efda8003000 r--s 00001000 ca:01 1544302                    /usr/local/spark/jars/minlog-1.3.0.jar
7efda8003000-7efda8004000 r--s 00006000 ca:01 1544352                    /usr/local/spark/jars/jackson-xc-1.9.13.jar
7efda8004000-7efda8006000 r--s 0001f000 ca:01 1544300                    /usr/local/spark/jars/commons-crypto-1.0.0.jar
7efda8006000-7efda804c000 r--s 00317000 ca:01 1544243                    /usr/local/spark/jars/shapeless_2.11-2.3.2.jar
7efda804c000-7efda8056000 r--s 00086000 ca:01 1544370                    /usr/local/spark/jars/json4s-core_2.11-3.2.11.jar
7efda8056000-7efda806a000 r--s 000ec000 ca:01 1544398                    /usr/local/spark/jars/parquet-jackson-1.8.2.jar
7efda806a000-7efda806e000 r--s 0002a000 ca:01 1544374                    /usr/local/spark/jars/commons-io-2.4.jar
7efda806e000-7efda8073000 r--s 00036000 ca:01 1544282                    /usr/local/spark/jars/commons-compress-1.4.1.jar
7efda8073000-7efda807d000 r--s 00095000 ca:01 1544410                    /usr/local/spark/jars/scala-xml_2.11-1.0.2.jar
7efda807d000-7efda8080000 r--s 00022000 ca:01 1544279                    /usr/local/spark/jars/stringtemplate-3.2.1.jar
7efda8080000-7efda8087000 r--s 0005d000 ca:01 1544386                    /usr/local/spark/jars/mx4j-3.0.2.jar
7efda8087000-7efda80e0000 r--s 00522000 ca:01 1544355                    /usr/local/spark/jars/scala-library-2.11.8.jar
7efda80e0000-7efda80e3000 r--s 0000d000 ca:01 1544316                    /usr/local/spark/jars/spark-network-shuffle_2.11-2.2.1.jar
7efda80e3000-7efda80e5000 r--s 00005000 ca:01 1544288                    /usr/local/spark/jars/javax.annotation-api-1.2.jar
7efda80e5000-7efda811b000 r--s 0031c000 ca:01 1544373                    /usr/local/spark/jars/hadoop-common-2.7.3.jar
7efda811b000-7efda811c000 r--s 00008000 ca:01 1544380                    /usr/local/spark/jars/commons-compiler-3.0.0.jar
7efda811c000-7efda8120000 r--s 0001a000 ca:01 1544267                    /usr/local/spark/jars/hk2-utils-2.4.0-b34.jar
7efda8120000-7efda812a000 r--s 000aa000 ca:01 1544394                    /usr/local/spark/jars/janino-3.0.0.jar
7efda812a000-7efda812b000 r--s 00004000 ca:01 1544307                    /usr/local/spark/jars/eigenbase-properties-1.1.5.jar
7efda812b000-7efda812d000 r--s 00038000 ca:01 1544247                    /usr/local/spark/jars/lz4-1.3.0.jar
7efda812d000-7efda8150000 rw-p 00000000 00:00 0 
7efda8150000-7efda8228000 r--s 00d92000 ca:01 1544251                    /usr/local/spark/jars/breeze_2.11-0.13.2.jar
7efda8228000-7efda822b000 r--s 00015000 ca:01 1544387                    /usr/local/spark/jars/pyrolite-4.13.jar
7efda822b000-7efda8238000 r--s 000a0000 ca:01 1544436                    /usr/local/spark/jars/spark-graphx_2.11-2.2.1.jar
7efda8238000-7efda823b000 r--s 00015000 ca:01 1544415                    /usr/local/spark/jars/javax.servlet-api-3.1.0.jar
7efda823b000-7efda8254000 r--s 00116000 ca:01 1544252                    /usr/local/spark/jars/spark-hive_2.11-2.2.1.jar
7efda8254000-7efda8259000 r--s 00027000 ca:01 1544235                    /usr/local/spark/jars/hk2-api-2.4.0-b34.jar
7efda8259000-7efda8299000 r--s 00277000 ca:01 1544349                    /usr/local/spark/jars/bcprov-jdk15on-1.51.jar
7efda8299000-7efda829b000 r--s 00003000 ca:01 1544291                    /usr/local/spark/jars/JavaEWAH-0.3.2.jar
7efda829b000-7efda82a6000 r--s 0005d000 ca:01 1544309                    /usr/local/spark/jars/scala-parser-combinators_2.11-1.0.4.jar
7efda82a6000-7efda82b6000 r--s 0009b000 ca:01 1544320                    /usr/local/spark/jars/spark-yarn_2.11-2.2.1.jar
7efda82b6000-7efda82bc000 r--s 00045000 ca:01 1544237                    /usr/local/spark/jars/commons-httpclient-3.1.jar
7efda82bc000-7efda82bd000 r--s 00006000 ca:01 1544294                    /usr/local/spark/jars/hadoop-client-2.7.3.jar
7efda82bd000-7efda82bf000 r--s 00007000 ca:01 1544428                    /usr/local/spark/jars/paranamer-2.6.jar
7efda82bf000-7efda82c3000 r--s 00025000 ca:01 1544350                    /usr/local/spark/jars/antlr-runtime-3.4.jar
7efda82c3000-7efda82c8000 r--s 0004e000 ca:01 1544375                    /usr/local/spark/jars/datanucleus-api-jdo-3.2.6.jar
7efda82c8000-7efda82ca000 r--s 00002000 ca:01 1544388                    /usr/local/spark/jars/aopalliance-repackaged-2.4.0-b34.jar
7efda82ca000-7efda82d3000 r--s 00062000 ca:01 1544301                    /usr/local/spark/jars/avro-1.7.7.jar
7efda82d3000-7efda82d9000 r--s 00038000 ca:01 1544266                    /usr/local/spark/jars/parquet-hadoop-1.8.2.jar
7efda82d9000-7efda82da000 r--s 00002000 ca:01 1544343                    /usr/local/spark/jars/java-xmlbuilder-1.0.jar
7efda82da000-7efda82de000 r--s 0002c000 ca:01 1544238                    /usr/local/spark/jars/avro-ipc-1.7.7.jar
7efda82de000-7efda82df000 r--s 00003000 ca:01 1544249                    /usr/local/spark/jars/jta-1.1.jar
7efda82df000-7efda82e6000 r--s 00036000 ca:01 1544400                    /usr/local/spark/jars/curator-recipes-2.6.0.jar
7efda82e6000-7efda82f5000 r--s 0009f000 ca:01 1544439                    /usr/local/spark/jars/guice-3.0.jar
7efda82f5000-7efda82f7000 r--s 00015000 ca:01 1544258                    /usr/local/spark/jars/hadoop-auth-2.7.3.jar
7efda82f7000-7efda82f8000 r--s 0000a000 ca:01 1544431                    /usr/local/spark/jars/apacheds-i18n-2.0.0-M15.jar
7efda82f8000-7efda82fa000 r--s 00003000 ca:01 1544397                    /usr/local/spark/jars/api-asn1-api-1.0.0-M20.jar
7efda82fa000-7efda82fb000 r--s 00003000 ca:01 1544357                    /usr/local/spark/jars/metrics-json-3.1.2.jar
7efda82fb000-7efda82fd000 r--s 00100000 ca:01 1544433                    /usr/local/spark/jars/snappy-java-1.1.2.6.jar
7efda82fd000-7efda82ff000 r--s 0000f000 ca:01 1544305                    /usr/local/spark/jars/curator-client-2.6.0.jar
7efda82ff000-7efda8324000 rw-p 00000000 00:00 0 
7efda8324000-7efda8430000 r--s 00dba000 ca:01 1544323                    /usr/local/spark/jars/scala-compiler-2.11.8.jar
7efda8430000-7efda8432000 r--s 0000d000 ca:01 1544333                    /usr/local/spark/jars/hadoop-yarn-server-web-proxy-2.7.3.jar
7efda8432000-7efda8433000 r--s 00000000 ca:01 1544283                    /usr/local/spark/jars/macro-compat_2.11-1.1.1.jar
7efda8433000-7efda8439000 r--s 00043000 ca:01 1544440                    /usr/local/spark/jars/commons-configuration-1.6.jar
7efda8439000-7efda843a000 r--s 00008000 ca:01 1544285                    /usr/local/spark/jars/machinist_2.11-0.6.1.jar
7efda843a000-7efda8453000 r--s 00150000 ca:01 1544438                    /usr/local/spark/jars/htrace-core-3.1.0-incubating.jar
7efda8453000-7efda8455000 r--s 00027000 ca:01 1544327                    /usr/local/spark/jars/core-1.1.2.jar
7efda8455000-7efda8459000 r--s 00028000 ca:01 1544265                    /usr/local/spark/jars/jetty-util-6.1.26.jar
7efda8459000-7efda84c4000 r--s 00784000 ca:01 1544293                    /usr/local/spark/jars/hadoop-hdfs-2.7.3.jar
7efda84c4000-7efda84c6000 r--s 00012000 ca:01 1544346                    /usr/local/spark/jars/api-util-1.0.0-M20.jar
7efda84c6000-7efda84c9000 r--s 00026000 ca:01 1544425                    /usr/local/spark/jars/hadoop-yarn-client-2.7.3.jar
7efda84c9000-7efda84cf000 r--s 00034000 ca:01 1544406                    /usr/local/spark/jars/libthrift-0.9.3.jar
7efda84cf000-7efda84d2000 r--s 00021000 ca:01 1544384                    /usr/local/spark/jars/xbean-asm5-shaded-4.4.jar
7efda84d2000-7efda8500000 r--s 00216000 ca:01 1544274                    /usr/local/spark/jars/spark-network-common_2.11-2.2.1.jar
7efda8500000-7efda850f000 r--s 0007c000 ca:01 1544361                    /usr/local/spark/jars/spark-mesos_2.11-2.2.1.jar
7efda850f000-7efda8512000 r--s 000fd000 ca:01 1544284                    /usr/local/spark/jars/leveldbjni-all-1.8.jar
7efda8512000-7efda8514000 r--s 00003000 ca:01 1544273                    /usr/local/spark/jars/jcl-over-slf4j-1.7.16.jar
7efda8514000-7efda851f000 r--s 00062000 ca:01 1544244                    /usr/local/spark/jars/calcite-linq4j-1.2.0-incubating.jar
7efda851f000-7efda8523000 r--s 00031000 ca:01 1544311                    /usr/local/spark/jars/jline-2.12.1.jar
7efda8523000-7efda852b000 r--s 00066000 ca:01 1544236                    /usr/local/spark/jars/apache-log4j-extras-1.2.17.jar
7efda852b000-7efda852d000 r--s 00000000 ca:01 1544408                    /usr/local/spark/jars/jul-to-slf4j-1.7.16.jar
7efda852d000-7efda853a000 r--s 00071000 ca:01 1544318                    /usr/local/spark/jars/jackson-module-scala_2.11-2.6.5.jar
7efda853a000-7efda853e000 r--s 00019000 ca:01 1544261                    /usr/local/spark/jars/javax.ws.rs-api-2.0.1.jar
7efda853e000-7efda8555000 r--s 000d3000 ca:01 1544335                    /usr/local/spark/jars/parquet-column-1.8.2.jar
7efda8555000-7efda8558000 r--s 00019000 ca:01 1544367                    /usr/local/spark/jars/bonecp-0.8.0.RELEASE.jar
7efda8558000-7efda855e000 r--s 00063000 ca:01 1544351                    /usr/local/spark/jars/jodd-core-3.5.2.jar
7efda855e000-7efda8563000 r--s 00032000 ca:01 1544264                    /usr/local/spark/jars/chill_2.11-0.8.0.jar
7efda8563000-7efda856a000 r--s 00049000 ca:01 1544362                    /usr/local/spark/jars/univocity-parsers-2.2.1.jar
7efda856a000-7efda8570000 r--s 0002c000 ca:01 1544432                    /usr/local/spark/jars/jdo-api-3.0.1.jar
7efda8570000-7efda8575000 r--s 00028000 ca:01 1544234                    /usr/local/spark/jars/avro-mapred-1.7.7-hadoop2.jar
7efda8575000-7efda8577000 r--s 0000f000 ca:01 1544382                    /usr/local/spark/jars/spark-launcher_2.11-2.2.1.jar
7efda8577000-7efda858f000 r--s 000d6000 ca:01 1544423                    /usr/local/spark/jars/jersey-guava-2.22.2.jar
7efda858f000-7efda859c000 r--s 00083000 ca:01 1544257                    /usr/local/spark/jars/commons-collections-3.2.2.jar
7efda859c000-7efda859e000 r--s 00020000 ca:01 1544416                    /usr/local/spark/jars/hive-beeline-1.2.1.spark2.jar
7efda859e000-7efda85a1000 r--s 00016000 ca:01 1544377                    /usr/local/spark/jars/jsp-api-2.1.jar
7efda85a1000-7efda85a8000 r--s 00039000 ca:01 1544336                    /usr/local/spark/jars/calcite-avatica-1.2.0-incubating.jar
7efda85a8000-7efda85b0000 r--s 00078000 ca:01 1544259                    /usr/local/spark/jars/mail-1.4.7.jar
7efda85b0000-7efda85d9000 r--s 001ee000 ca:01 1544242                    /usr/local/spark/jars/guava-14.0.1.jar
7efda85d9000-7efda85de000 r--s 00068000 ca:01 1544389                    /usr/local/spark/jars/antlr-2.7.7.jar
7efda85de000-7efda85e0000 r--s 0000e000 ca:01 1544360                    /usr/local/spark/jars/commons-logging-1.1.3.jar
7efda85e0000-7efda85f2000 r--s 00112000 ca:01 1544250                    /usr/local/spark/jars/arpack_combined_all-0.1.jar
7efda85f2000-7efda8621000 r--s 002e5000 ca:01 1544286                    /usr/local/spark/jars/derby-10.12.1.1.jar
7efda8621000-7efda86bb000 r--s 00755000 ca:01 1544312                    /usr/local/spark/jars/spark-catalyst_2.11-2.2.1.jar
7efda86bb000-7efda86c2000 r--s 0003f000 ca:01 1544344                    /usr/local/spark/jars/commons-codec-1.10.jar
7efda86c2000-7efda86f2000 r--s 001e5000 ca:01 1544304                    /usr/local/spark/jars/spark-streaming_2.11-2.2.1.jar
7efda86f2000-7efda86fa000 r--s 0007b000 ca:01 1544368                    /usr/local/spark/jars/protobuf-java-2.5.0.jar
7efda86fa000-7efda86fe000 r--s 00029000 ca:01 1544287                    /usr/local/spark/jars/spark-mllib-local_2.11-2.2.1.jar
7efda86fe000-7efda870a000 r--s 000b6000 ca:01 1544275                    /usr/local/spark/jars/zookeeper-3.4.6.jar
7efda870a000-7efda870c000 r--s 00000000 ca:01 1544340                    /usr/local/spark/jars/aopalliance-1.0.jar
7efda870c000-7efda8712000 r--s 00040000 ca:01 1544396                    /usr/local/spark/jars/parquet-encoding-1.8.2.jar
7efda8712000-7efda875e000 r--s 00411000 ca:01 1544321                    /usr/local/spark/jars/scala-reflect-2.11.8.jar
7efda875e000-7efda875f000 r--s 00002000 ca:01 1544383                    /usr/local/spark/jars/slf4j-log4j12-1.7.16.jar
7efda875f000-7efda8760000 r--s 00009000 ca:01 1544420                    /usr/local/spark/jars/hive-cli-1.2.1.spark2.jar
7efda8760000-7efda876d000 r--s 000a7000 ca:01 1544417                    /usr/local/spark/jars/httpclient-4.5.2.jar
7efda876d000-7efda8785000 r--s 001b6000 ca:01 1544401                    /usr/local/spark/jars/datanucleus-core-3.2.10.jar
7efda8785000-7efda878f000 r--s 0007b000 ca:01 1544330                    /usr/local/spark/jars/hadoop-mapreduce-client-app-2.7.3.jar
7efda878f000-7efda87b1000 r--s 00197000 ca:01 1544269                    /usr/local/spark/jars/spark-hive-thriftserver_2.11-2.2.1.jar
7efda87b1000-7efda87d5000 r--s 001cd000 ca:01 1544314                    /usr/local/spark/jars/commons-math3-3.4.1.jar
7efda87d5000-7efda87d7000 r--s 00017000 ca:01 1544334                    /usr/local/spark/jars/hive-jdbc-1.2.1.spark2.jar
7efda87d7000-7efda87fd000 r--s 00212000 ca:01 1544365                    /usr/local/spark/jars/netty-all-4.0.43.Final.jar
7efda87fd000-7efda8800000 r--s 0000e000 ca:01 1544434                    /usr/local/spark/jars/jersey-container-servlet-core-2.22.2.jar
7efda8800000-7efda8802000 r--s 0000e000 ca:01 1544378                    /usr/local/spark/jars/spark-repl_2.11-2.2.1.jar
7efda8802000-7efda880f000 r--s 000b1000 ca:01 1544358                    /usr/local/spark/jars/hadoop-mapreduce-client-common-2.7.3.jar
7efda880f000-7efda8825000 r--s 001a4000 ca:01 1544331                    /usr/local/spark/jars/datanucleus-rdbms-3.2.9.jar
7efda8825000-7efda8833000 r--s 0009d000 ca:01 1544308                    /usr/local/spark/jars/jersey-common-2.22.2.jar
7efda8833000-7efda8835000 r--s 0000b000 ca:01 1544263                    /usr/local/spark/jars/chill-java-0.8.0.jar
7efda8835000-7efda8917000 r--s 00b0a000 ca:01 1544278                    /usr/local/spark/jars/spark-core_2.11-2.2.1.jar
7efda8917000-7efda8919000 r--s 00009000 ca:01 1544281                    /usr/local/spark/jars/jackson-module-paranamer-2.6.5.jar
7efda8919000-7efda8921000 r--s 0006e000 ca:01 1544427                    /usr/local/spark/jars/commons-lang3-3.5.jar
7efda8921000-7efda8955000 r--s 00277000 ca:01 1544399                    /usr/local/spark/jars/parquet-hadoop-bundle-1.6.0.jar
7efda8955000-7efda8966000 r--s 0010d000 ca:01 1544391                    /usr/local/spark/jars/jackson-databind-2.6.5.jar
7efda8966000-7efda896a000 r--s 0003c000 ca:01 1544328                    /usr/local/spark/jars/jackson-core-2.6.5.jar
7efda896a000-7efda896b000 r--s 00009000 ca:01 1544272                    /usr/local/spark/jars/json4s-jackson_2.11-3.2.11.jar
7efda896b000-7efda8982000 r--s 00183000 ca:01 1544369                    /usr/local/spark/jars/hadoop-yarn-common-2.7.3.jar
7efda8982000-7efda8983000 r--s 0000b000 ca:01 1544276                    /usr/local/spark/jars/snappy-0.2.jar
7efda8983000-7efda898b000 r--s 00058000 ca:01 1544366                    /usr/local/spark/jars/parquet-format-2.3.1.jar
7efda898b000-7efda898c000 r--s 00000000 ca:01 1544381                    /usr/local/spark/jars/javax.inject-1.jar
7efda898c000-7efda8990000 r--s 00014000 ca:01 1544435                    /usr/local/spark/jars/xz-1.0.jar
7efda8990000-7efda8997000 r--s 00058000 ca:01 1544404                    /usr/local/spark/jars/hadoop-yarn-server-common-2.7.3.jar
7efda8997000-7efda899c000 r--s 0002a000 ca:01 1544422                    /usr/local/spark/jars/gson-2.2.4.jar
7efda899c000-7efda8a26000 r--s 00647000 ca:01 1544354                    /usr/local/spark/jars/spark-sql_2.11-2.2.1.jar
7efda8a26000-7efda8a49000 rw-p 00000000 00:00 0 
7efda8a49000-7efda8b52000 r--s 00a5d000 ca:01 775575                     /usr/local/spark/lib/aws-java-sdk-1.7.4.jar
7efda8b52000-7efda8b6d000 r--s 00394000 ca:01 257743                     /usr/lib/jvm/java-8-openjdk-amd64/jre/lib/ext/cldrdata.jar
7efda8b6d000-7efda8b88000 r--s 001d6000 ca:01 257746                     /usr/lib/jvm/java-8-openjdk-amd64/jre/lib/ext/nashorn.jar
7efda8b88000-7efda8b89000 ---p 00000000 00:00 0 
7efda8b89000-7efda8c89000 rw-p 00000000 00:00 0 
7efda8c89000-7efda8c8c000 ---p 00000000 00:00 0 
7efda8c8c000-7efda8d8a000 rw-p 00000000 00:00 0 
7efda8d8a000-7efda8d8d000 ---p 00000000 00:00 0 
7efda8d8d000-7efda8e8b000 rw-p 00000000 00:00 0 
7efda8e8b000-7efda8e8e000 ---p 00000000 00:00 0 
7efda8e8e000-7efda8f8c000 rw-p 00000000 00:00 0 
7efda8f8c000-7efda8f8f000 ---p 00000000 00:00 0 
7efda8f8f000-7efda908d000 rw-p 00000000 00:00 0 
7efda908d000-7efda9225000 r--p 00000000 ca:01 6516                       /usr/lib/locale/locale-archive
7efda9225000-7efda9228000 ---p 00000000 00:00 0 
7efda9228000-7efda9326000 rw-p 00000000 00:00 0 
7efda9326000-7efda9329000 ---p 00000000 00:00 0 
7efda9329000-7efda9427000 rw-p 00000000 00:00 0 
7efda9427000-7efda9428000 ---p 00000000 00:00 0 
7efda9428000-7efda9e31000 rw-p 00000000 00:00 0 
7efda9e31000-7efdaa000000 r--s 03c2f000 ca:01 259111                     /usr/lib/jvm/java-8-openjdk-amd64/jre/lib/rt.jar
7efdaa000000-7efdac000000 rw-p 00000000 00:00 0 
7efdac000000-7efdac028000 rw-p 00000000 00:00 0 
7efdac028000-7efdb0000000 ---p 00000000 00:00 0 
7efdb0000000-7efdb0002000 r--s 00004000 ca:01 1544298                    /usr/local/spark/jars/stax-api-1.0-2.jar
7efdb0002000-7efdb0004000 r--s 0001d000 ca:01 775576                     /usr/local/spark/lib/hadoop-aws-2.7.6.jar
7efdb0004000-7efdb0006000 r--s 00001000 ca:01 257741                     /usr/lib/jvm/java-8-openjdk-amd64/jre/lib/ext/dnsns.jar
7efdb0006000-7efdb0010000 r--s 00116000 ca:01 257748                     /usr/lib/jvm/java-8-openjdk-amd64/jre/lib/ext/localedata.jar
7efdb0010000-7efdb0aa7000 rw-p 00000000 00:00 0 
7efdb0aa7000-7efdb0aa8000 ---p 00000000 00:00 0 
7efdb0aa8000-7efdb0ba8000 rw-p 00000000 00:00 0 
7efdb0ba8000-7efdb0ba9000 ---p 00000000 00:00 0 
7efdb0ba9000-7efdb0cdc000 rw-p 00000000 00:00 0 
7efdb0cdc000-7efdb0dff000 ---p 00000000 00:00 0 
7efdb0dff000-7efdb0e32000 rw-p 00000000 00:00 0 
7efdb0e32000-7efdb0f54000 ---p 00000000 00:00 0 
7efdb0f54000-7efdb0f8f000 rw-p 00000000 00:00 0 
7efdb0f8f000-7efdb0fff000 ---p 00000000 00:00 0 
7efdb0fff000-7efdb1000000 rw-p 00000000 00:00 0 
7efdb1000000-7efdb1a80000 rwxp 00000000 00:00 0 
7efdb1a80000-7efdc0000000 ---p 00000000 00:00 0 
7efdc0000000-7efdc170a000 rw-p 00000000 00:00 0 
7efdc170a000-7efdc4000000 ---p 00000000 00:00 0 
7efdc4000000-7efdc4001000 r--s 00004000 ca:01 1544348                    /usr/local/spark/jars/opencsv-2.3.jar
7efdc4001000-7efdc4007000 r--s 0003b000 ca:01 257744                     /usr/lib/jvm/java-8-openjdk-amd64/jre/lib/ext/sunjce_provider.jar
7efdc4007000-7efdc4073000 rw-p 00000000 00:00 0 
7efdc4073000-7efdc4409000 ---p 00000000 00:00 0 
7efdc4409000-7efdc4411000 r-xp 00000000 ca:01 257774                     /usr/lib/jvm/java-8-openjdk-amd64/jre/lib/amd64/libzip.so
7efdc4411000-7efdc4610000 ---p 00008000 ca:01 257774                     /usr/lib/jvm/java-8-openjdk-amd64/jre/lib/amd64/libzip.so
7efdc4610000-7efdc4611000 r--p 00007000 ca:01 257774                     /usr/lib/jvm/java-8-openjdk-amd64/jre/lib/amd64/libzip.so
7efdc4611000-7efdc4612000 rw-p 00008000 ca:01 257774                     /usr/lib/jvm/java-8-openjdk-amd64/jre/lib/amd64/libzip.so
7efdc4612000-7efdc461d000 r-xp 00000000 ca:01 21469                      /lib/x86_64-linux-gnu/libnss_files-2.23.so
7efdc461d000-7efdc481c000 ---p 0000b000 ca:01 21469                      /lib/x86_64-linux-gnu/libnss_files-2.23.so
7efdc481c000-7efdc481d000 r--p 0000a000 ca:01 21469                      /lib/x86_64-linux-gnu/libnss_files-2.23.so
7efdc481d000-7efdc481e000 rw-p 0000b000 ca:01 21469                      /lib/x86_64-linux-gnu/libnss_files-2.23.so
7efdc481e000-7efdc4824000 rw-p 00000000 00:00 0 
7efdc4824000-7efdc482f000 r-xp 00000000 ca:01 21473                      /lib/x86_64-linux-gnu/libnss_nis-2.23.so
7efdc482f000-7efdc4a2e000 ---p 0000b000 ca:01 21473                      /lib/x86_64-linux-gnu/libnss_nis-2.23.so
7efdc4a2e000-7efdc4a2f000 r--p 0000a000 ca:01 21473                      /lib/x86_64-linux-gnu/libnss_nis-2.23.so
7efdc4a2f000-7efdc4a30000 rw-p 0000b000 ca:01 21473                      /lib/x86_64-linux-gnu/libnss_nis-2.23.so
7efdc4a30000-7efdc4a46000 r-xp 00000000 ca:01 21453                      /lib/x86_64-linux-gnu/libnsl-2.23.so
7efdc4a46000-7efdc4c45000 ---p 00016000 ca:01 21453                      /lib/x86_64-linux-gnu/libnsl-2.23.so
7efdc4c45000-7efdc4c46000 r--p 00015000 ca:01 21453                      /lib/x86_64-linux-gnu/libnsl-2.23.so
7efdc4c46000-7efdc4c47000 rw-p 00016000 ca:01 21453                      /lib/x86_64-linux-gnu/libnsl-2.23.so
7efdc4c47000-7efdc4c49000 rw-p 00000000 00:00 0 
7efdc4c49000-7efdc4c51000 r-xp 00000000 ca:01 21464                      /lib/x86_64-linux-gnu/libnss_compat-2.23.so
7efdc4c51000-7efdc4e50000 ---p 00008000 ca:01 21464                      /lib/x86_64-linux-gnu/libnss_compat-2.23.so
7efdc4e50000-7efdc4e51000 r--p 00007000 ca:01 21464                      /lib/x86_64-linux-gnu/libnss_compat-2.23.so
7efdc4e51000-7efdc4e52000 rw-p 00008000 ca:01 21464                      /lib/x86_64-linux-gnu/libnss_compat-2.23.so
7efdc4e52000-7efdc4e7f000 r-xp 00000000 ca:01 257765                     /usr/lib/jvm/java-8-openjdk-amd64/jre/lib/amd64/libjava.so
7efdc4e7f000-7efdc507e000 ---p 0002d000 ca:01 257765                     /usr/lib/jvm/java-8-openjdk-amd64/jre/lib/amd64/libjava.so
7efdc507e000-7efdc507f000 r--p 0002c000 ca:01 257765                     /usr/lib/jvm/java-8-openjdk-amd64/jre/lib/amd64/libjava.so
7efdc507f000-7efdc5081000 rw-p 0002d000 ca:01 257765                     /usr/lib/jvm/java-8-openjdk-amd64/jre/lib/amd64/libjava.so
7efdc5081000-7efdc5090000 r-xp 00000000 ca:01 257751                     /usr/lib/jvm/java-8-openjdk-amd64/jre/lib/amd64/libverify.so
7efdc5090000-7efdc528f000 ---p 0000f000 ca:01 257751                     /usr/lib/jvm/java-8-openjdk-amd64/jre/lib/amd64/libverify.so
7efdc528f000-7efdc5291000 r--p 0000e000 ca:01 257751                     /usr/lib/jvm/java-8-openjdk-amd64/jre/lib/amd64/libverify.so
7efdc5291000-7efdc5292000 rw-p 00010000 ca:01 257751                     /usr/lib/jvm/java-8-openjdk-amd64/jre/lib/amd64/libverify.so
7efdc5292000-7efdc5299000 r-xp 00000000 ca:01 21474                      /lib/x86_64-linux-gnu/librt-2.23.so
7efdc5299000-7efdc5498000 ---p 00007000 ca:01 21474                      /lib/x86_64-linux-gnu/librt-2.23.so
7efdc5498000-7efdc5499000 r--p 00006000 ca:01 21474                      /lib/x86_64-linux-gnu/librt-2.23.so
7efdc5499000-7efdc549a000 rw-p 00007000 ca:01 21474                      /lib/x86_64-linux-gnu/librt-2.23.so
7efdc549a000-7efdc54b0000 r-xp 00000000 ca:01 2038                       /lib/x86_64-linux-gnu/libgcc_s.so.1
7efdc54b0000-7efdc56af000 ---p 00016000 ca:01 2038                       /lib/x86_64-linux-gnu/libgcc_s.so.1
7efdc56af000-7efdc56b0000 rw-p 00015000 ca:01 2038                       /lib/x86_64-linux-gnu/libgcc_s.so.1
7efdc56b0000-7efdc57b8000 r-xp 00000000 ca:01 21452                      /lib/x86_64-linux-gnu/libm-2.23.so
7efdc57b8000-7efdc59b7000 ---p 00108000 ca:01 21452                      /lib/x86_64-linux-gnu/libm-2.23.so
7efdc59b7000-7efdc59b8000 r--p 00107000 ca:01 21452                      /lib/x86_64-linux-gnu/libm-2.23.so
7efdc59b8000-7efdc59b9000 rw-p 00108000 ca:01 21452                      /lib/x86_64-linux-gnu/libm-2.23.so
7efdc59b9000-7efdc5b2b000 r-xp 00000000 ca:01 2077                       /usr/lib/x86_64-linux-gnu/libstdc++.so.6.0.21
7efdc5b2b000-7efdc5d2b000 ---p 00172000 ca:01 2077                       /usr/lib/x86_64-linux-gnu/libstdc++.so.6.0.21
7efdc5d2b000-7efdc5d35000 r--p 00172000 ca:01 2077                       /usr/lib/x86_64-linux-gnu/libstdc++.so.6.0.21
7efdc5d35000-7efdc5d37000 rw-p 0017c000 ca:01 2077                       /usr/lib/x86_64-linux-gnu/libstdc++.so.6.0.21
7efdc5d37000-7efdc5d3b000 rw-p 00000000 00:00 0 
7efdc5d3b000-7efdc6994000 r-xp 00000000 ca:01 259087                     /usr/lib/jvm/java-8-openjdk-amd64/jre/lib/amd64/server/libjvm.so
7efdc6994000-7efdc6b94000 ---p 00c59000 ca:01 259087                     /usr/lib/jvm/java-8-openjdk-amd64/jre/lib/amd64/server/libjvm.so
7efdc6b94000-7efdc6c27000 r--p 00c59000 ca:01 259087                     /usr/lib/jvm/java-8-openjdk-amd64/jre/lib/amd64/server/libjvm.so
7efdc6c27000-7efdc6c50000 rw-p 00cec000 ca:01 259087                     /usr/lib/jvm/java-8-openjdk-amd64/jre/lib/amd64/server/libjvm.so
7efdc6c50000-7efdc6c80000 rw-p 00000000 00:00 0 
7efdc6c80000-7efdc6c98000 r-xp 00000000 ca:01 21455                      /lib/x86_64-linux-gnu/libpthread-2.23.so
7efdc6c98000-7efdc6e97000 ---p 00018000 ca:01 21455                      /lib/x86_64-linux-gnu/libpthread-2.23.so
7efdc6e97000-7efdc6e98000 r--p 00017000 ca:01 21455                      /lib/x86_64-linux-gnu/libpthread-2.23.so
7efdc6e98000-7efdc6e99000 rw-p 00018000 ca:01 21455                      /lib/x86_64-linux-gnu/libpthread-2.23.so
7efdc6e99000-7efdc6e9d000 rw-p 00000000 00:00 0 
7efdc6e9d000-7efdc6ea0000 r-xp 00000000 ca:01 21458                      /lib/x86_64-linux-gnu/libdl-2.23.so
7efdc6ea0000-7efdc709f000 ---p 00003000 ca:01 21458                      /lib/x86_64-linux-gnu/libdl-2.23.so
7efdc709f000-7efdc70a0000 r--p 00002000 ca:01 21458                      /lib/x86_64-linux-gnu/libdl-2.23.so
7efdc70a0000-7efdc70a1000 rw-p 00003000 ca:01 21458                      /lib/x86_64-linux-gnu/libdl-2.23.so
7efdc70a1000-7efdc70ba000 r-xp 00000000 ca:01 2192                       /lib/x86_64-linux-gnu/libz.so.1.2.8
7efdc70ba000-7efdc72b9000 ---p 00019000 ca:01 2192                       /lib/x86_64-linux-gnu/libz.so.1.2.8
7efdc72b9000-7efdc72ba000 r--p 00018000 ca:01 2192                       /lib/x86_64-linux-gnu/libz.so.1.2.8
7efdc72ba000-7efdc72bb000 rw-p 00019000 ca:01 2192                       /lib/x86_64-linux-gnu/libz.so.1.2.8
7efdc72bb000-7efdc747b000 r-xp 00000000 ca:01 21456                      /lib/x86_64-linux-gnu/libc-2.23.so
7efdc747b000-7efdc767b000 ---p 001c0000 ca:01 21456                      /lib/x86_64-linux-gnu/libc-2.23.so
7efdc767b000-7efdc767f000 r--p 001c0000 ca:01 21456                      /lib/x86_64-linux-gnu/libc-2.23.so
7efdc767f000-7efdc7681000 rw-p 001c4000 ca:01 21456                      /lib/x86_64-linux-gnu/libc-2.23.so
7efdc7681000-7efdc7685000 rw-p 00000000 00:00 0 
7efdc7685000-7efdc7692000 r-xp 00000000 ca:01 257776                     /usr/lib/jvm/java-8-openjdk-amd64/jre/lib/amd64/jli/libjli.so
7efdc7692000-7efdc7892000 ---p 0000d000 ca:01 257776                     /usr/lib/jvm/java-8-openjdk-amd64/jre/lib/amd64/jli/libjli.so
7efdc7892000-7efdc7893000 r--p 0000d000 ca:01 257776                     /usr/lib/jvm/java-8-openjdk-amd64/jre/lib/amd64/jli/libjli.so
7efdc7893000-7efdc7894000 rw-p 0000e000 ca:01 257776                     /usr/lib/jvm/java-8-openjdk-amd64/jre/lib/amd64/jli/libjli.so
7efdc7894000-7efdc78ba000 r-xp 00000000 ca:01 21454                      /lib/x86_64-linux-gnu/ld-2.23.so
7efdc78ba000-7efdc78bd000 r--s 00038000 ca:01 257742                     /usr/lib/jvm/java-8-openjdk-amd64/jre/lib/ext/sunpkcs11.jar
7efdc78bd000-7efdc79a2000 rw-p 00000000 00:00 0 
7efdc79a2000-7efdc79aa000 rw-s 00000000 ca:01 776354                     /tmp/hsperfdata_ubuntu/26468
7efdc79aa000-7efdc79ad000 ---p 00000000 00:00 0 
7efdc79ad000-7efdc7aaf000 rw-p 00000000 00:00 0 
7efdc7aaf000-7efdc7ab0000 r--s 0000a000 ca:01 257747                     /usr/lib/jvm/java-8-openjdk-amd64/jre/lib/ext/jaccess.jar
7efdc7ab0000-7efdc7ab2000 r--s 00008000 ca:01 257739                     /usr/lib/jvm/java-8-openjdk-amd64/jre/lib/ext/sunec.jar
7efdc7ab2000-7efdc7ab3000 r--s 00010000 ca:01 257740                     /usr/lib/jvm/java-8-openjdk-amd64/jre/lib/ext/zipfs.jar
7efdc7ab3000-7efdc7ab6000 r--s 0000f000 ca:01 257745                     /usr/lib/jvm/java-8-openjdk-amd64/jre/lib/ext/icedtea-sound.jar
7efdc7ab6000-7efdc7ab7000 rw-p 00000000 00:00 0 
7efdc7ab7000-7efdc7ab8000 ---p 00000000 00:00 0 
7efdc7ab8000-7efdc7ab9000 rw-p 00000000 00:00 0 
7efdc7ab9000-7efdc7aba000 r--p 00025000 ca:01 21454                      /lib/x86_64-linux-gnu/ld-2.23.so
7efdc7aba000-7efdc7abb000 rw-p 00026000 ca:01 21454                      /lib/x86_64-linux-gnu/ld-2.23.so
7efdc7abb000-7efdc7abc000 rw-p 00000000 00:00 0 
7ffc184df000-7ffc18500000 rw-p 00000000 00:00 0                          [stack]
7ffc18510000-7ffc18512000 r--p 00000000 00:00 0                          [vvar]
7ffc18512000-7ffc18514000 r-xp 00000000 00:00 0                          [vdso]
ffffffffff600000-ffffffffff601000 r-xp 00000000 00:00 0                  [vsyscall]

VM Arguments:
jvm_args: -Xmx1g 
java_command: org.apache.spark.deploy.SparkSubmit --master spark://ec2-35-160-167-99.us-west-2.compute.amazonaws.com:7077 --class PriceDataStreaming --jars target/scala-2.11/streamhits-assembly-1.0.jar target/scala-2.11/streamhits-assembly-1.0.jar
java_class_path (initial): /usr/local/spark/lib/aws-java-sdk-1.7.4.jar:/usr/local/spark/lib/hadoop-aws-2.7.6.jar:/usr/local/spark/conf/:/usr/local/spark/jars/spark-sql_2.11-2.2.1.jar:/usr/local/spark/jars/gson-2.2.4.jar:/usr/local/spark/jars/opencsv-2.3.jar:/usr/local/spark/jars/hadoop-yarn-server-common-2.7.3.jar:/usr/local/spark/jars/stax-api-1.0-2.jar:/usr/local/spark/jars/xz-1.0.jar:/usr/local/spark/jars/javax.inject-1.jar:/usr/local/spark/jars/parquet-format-2.3.1.jar:/usr/local/spark/jars/snappy-0.2.jar:/usr/local/spark/jars/hadoop-yarn-common-2.7.3.jar:/usr/local/spark/jars/json4s-jackson_2.11-3.2.11.jar:/usr/local/spark/jars/jackson-core-2.6.5.jar:/usr/local/spark/jars/jackson-databind-2.6.5.jar:/usr/local/spark/jars/parquet-hadoop-bundle-1.6.0.jar:/usr/local/spark/jars/commons-lang3-3.5.jar:/usr/local/spark/jars/jackson-module-paranamer-2.6.5.jar:/usr/local/spark/jars/spark-core_2.11-2.2.1.jar:/usr/local/spark/jars/chill-java-0.8.0.jar:/usr/local/spark/jars/jersey-common-2.22.2.jar:/usr/local/spark/jars/datanucleus-rdbms-3.2.9.jar:/usr/local/spark/jars/hadoop-mapreduce-client-common-2.7.3.jar:/usr/local/spark/jars/spark-repl_2.11-2.2.1.jar:/usr/local/spark/jars/jersey-container-servlet-core-2.22.2.jar:/usr/local/spark/jars/netty-all-4.0.43.Final.jar:/usr/local/spark/jars/hive-jdbc-1.2.1.spark2.jar:/usr/local/spark/jars/commons-math3-3.4.1.jar:/usr/local/spark/jars/spark-hive-thriftserver_2.11-2.2.1.jar:/usr/local/spark/jars/hadoop-mapreduce-client-app-2.7.3.jar:/usr/local/spark/jars/datanucleus-core-3.2.10.jar:/usr/local/spark/jars/httpclient-4.5.2.jar:/usr/local/spark/jars/hive-cli-1.2.1.spark2.jar:/usr/local/spark/jars/slf4j-log4j12-1.7.16.jar:/usr/local/spark/jars/scala-reflect-2.11.8.jar:/usr/local/spark/jars/parquet-encoding-1.8.2.jar:/usr/local/spark/jars/aopalliance-1.0.jar:/usr/local/spark/jars/zookeeper-3.4.6.jar:/usr/local/spark/jars/spark-mllib-local_2.11-2.2.1.jar:/usr/local/spark/jars/protobuf-java-2.5.0.jar:/usr/local/spark/jars/spark-stream
Launcher Type: SUN_STANDARD

Environment Variables:
JAVA_HOME=/usr
PATH=/home/ubuntu/bin:/home/ubuntu/.local/bin:/usr/local/sbin:/usr/local/bin:/usr/sbin:/usr/bin:/sbin:/bin:/usr/games:/usr/local/games:/snap/bin:/usr/bin:/usr/local/hadoop/bin:/usr/local/spark/bin:/usr/local/zookeeper/bin:/usr/local/kafka/bin:/usr/local/cassandra/bin
SHELL=/bin/bash

Signal Handlers:
SIGSEGV: [libjvm.so+0xa6e6f0], sa_mask[0]=11111111011111111101111111111110, sa_flags=SA_RESTART|SA_SIGINFO
SIGBUS: [libjvm.so+0xa6e6f0], sa_mask[0]=11111111011111111101111111111110, sa_flags=SA_RESTART|SA_SIGINFO
SIGFPE: [libjvm.so+0x8b5d50], sa_mask[0]=11111111011111111101111111111110, sa_flags=SA_RESTART|SA_SIGINFO
SIGPIPE: [libjvm.so+0x8b5d50], sa_mask[0]=11111111011111111101111111111110, sa_flags=SA_RESTART|SA_SIGINFO
SIGXFSZ: [libjvm.so+0x8b5d50], sa_mask[0]=11111111011111111101111111111110, sa_flags=SA_RESTART|SA_SIGINFO
SIGILL: [libjvm.so+0x8b5d50], sa_mask[0]=11111111011111111101111111111110, sa_flags=SA_RESTART|SA_SIGINFO
SIGUSR1: SIG_DFL, sa_mask[0]=00000000000000000000000000000000, sa_flags=none
SIGUSR2: [libjvm.so+0x8b5c00], sa_mask[0]=00000000000000000000000000000000, sa_flags=SA_RESTART|SA_SIGINFO
SIGHUP: [libjvm.so+0x8b60d0], sa_mask[0]=11111111011111111101111111111110, sa_flags=SA_RESTART|SA_SIGINFO
SIGINT: [libjvm.so+0x8b60d0], sa_mask[0]=11111111011111111101111111111110, sa_flags=SA_RESTART|SA_SIGINFO
SIGTERM: [libjvm.so+0x8b60d0], sa_mask[0]=11111111011111111101111111111110, sa_flags=SA_RESTART|SA_SIGINFO
SIGQUIT: [libjvm.so+0x8b60d0], sa_mask[0]=11111111011111111101111111111110, sa_flags=SA_RESTART|SA_SIGINFO


---------------  S Y S T E M  ---------------

OS:DISTRIB_ID=Ubuntu
DISTRIB_RELEASE=16.04
DISTRIB_CODENAME=xenial
DISTRIB_DESCRIPTION="Ubuntu 16.04.2 LTS"

uname:Linux 4.4.0-1022-aws #31-Ubuntu SMP Tue Jun 27 11:27:55 UTC 2017 x86_64
libc:glibc 2.23 NPTL 2.23 
rlimit: STACK 8192k, CORE 0k, NPROC 31868, NOFILE 1048576, AS infinity
load average:0.79 0.96 0.78

/proc/meminfo:
MemTotal:        8173984 kB
MemFree:          116912 kB
MemAvailable:       7960 kB
Buffers:             288 kB
Cached:            52068 kB
SwapCached:            0 kB
Active:          7877052 kB
Inactive:          44608 kB
Active(anon):    7875464 kB
Inactive(anon):    30348 kB
Active(file):       1588 kB
Inactive(file):    14260 kB
Unevictable:        3660 kB
Mlocked:            3660 kB
SwapTotal:             0 kB
SwapFree:              0 kB
Dirty:               148 kB
Writeback:             4 kB
AnonPages:       7873280 kB
Mapped:            17432 kB
Shmem:             33768 kB
Slab:              60300 kB
SReclaimable:      34168 kB
SUnreclaim:        26132 kB
KernelStack:       14848 kB
PageTables:        25324 kB
NFS_Unstable:          0 kB
Bounce:                0 kB
WritebackTmp:          0 kB
CommitLimit:     4086992 kB
Committed_AS:    9837280 kB
VmallocTotal:   34359738367 kB
VmallocUsed:           0 kB
VmallocChunk:          0 kB
HardwareCorrupted:     0 kB
AnonHugePages:   6864896 kB
CmaTotal:              0 kB
CmaFree:               0 kB
HugePages_Total:       0
HugePages_Free:        0
HugePages_Rsvd:        0
HugePages_Surp:        0
Hugepagesize:       2048 kB
DirectMap4k:       63488 kB
DirectMap2M:     4130816 kB
DirectMap1G:     5242880 kB


CPU:total 2 (initial active 2) (1 cores per cpu, 2 threads per core) family 6 model 79 stepping 1, cmov, cx8, fxsr, mmx, sse, sse2, sse3, ssse3, sse4.1, sse4.2, popcnt, avx, avx2, aes, clmul, erms, lzcnt, ht, tsc, bmi1, bmi2

/proc/cpuinfo:
processor	: 0
vendor_id	: GenuineIntel
cpu family	: 6
model		: 79
model name	: Intel(R) Xeon(R) CPU E5-2686 v4 @ 2.30GHz
stepping	: 1
microcode	: 0xb000025
cpu MHz		: 2300.050
cache size	: 46080 KB
physical id	: 0
siblings	: 2
core id		: 0
cpu cores	: 1
apicid		: 0
initial apicid	: 0
fpu		: yes
fpu_exception	: yes
cpuid level	: 13
wp		: yes
flags		: fpu vme de pse tsc msr pae mce cx8 apic sep mtrr pge mca cmov pat pse36 clflush mmx fxsr sse sse2 ht syscall nx pdpe1gb rdtscp lm constant_tsc rep_good nopl xtopology eagerfpu pni pclmulqdq ssse3 fma cx16 pcid sse4_1 sse4_2 x2apic movbe popcnt tsc_deadline_timer aes xsave avx f16c rdrand hypervisor lahf_lm abm fsgsbase bmi1 avx2 smep bmi2 erms invpcid xsaveopt
bugs		:
bogomips	: 4600.10
clflush size	: 64
cache_alignment	: 64
address sizes	: 46 bits physical, 48 bits virtual
power management:

processor	: 1
vendor_id	: GenuineIntel
cpu family	: 6
model		: 79
model name	: Intel(R) Xeon(R) CPU E5-2686 v4 @ 2.30GHz
stepping	: 1
microcode	: 0xb000025
cpu MHz		: 2300.050
cache size	: 46080 KB
physical id	: 0
siblings	: 2
core id		: 0
cpu cores	: 1
apicid		: 1
initial apicid	: 1
fpu		: yes
fpu_exception	: yes
cpuid level	: 13
wp		: yes
flags		: fpu vme de pse tsc msr pae mce cx8 apic sep mtrr pge mca cmov pat pse36 clflush mmx fxsr sse sse2 ht syscall nx pdpe1gb rdtscp lm constant_tsc rep_good nopl xtopology eagerfpu pni pclmulqdq ssse3 fma cx16 pcid sse4_1 sse4_2 x2apic movbe popcnt tsc_deadline_timer aes xsave avx f16c rdrand hypervisor lahf_lm abm fsgsbase bmi1 avx2 smep bmi2 erms invpcid xsaveopt
bugs		:
bogomips	: 4600.10
clflush size	: 64
cache_alignment	: 64
address sizes	: 46 bits physical, 48 bits virtual
power management:



Memory: 4k page, physical 8173984k(116912k free), swap 0k(0k free)

vm_info: OpenJDK 64-Bit Server VM (25.171-b11) for linux-amd64 JRE (1.8.0_171-8u171-b11-0ubuntu0.16.04.1-b11), built on Apr 27 2018 17:19:03 by "buildd" with gcc 5.4.0 20160609

time: Wed May 16 20:23:10 2018
elapsed time: 59 seconds (0d 0h 0m 59s)

